{"timestamp":"2026-06-09T15:22:57.073912Z","level":"info","event":"::group::Pre Execute","logger":"task","filename":"task_runner.py","lineno":1926}
{"timestamp":"2026-06-09T15:22:57.085610Z","level":"info","event":"DAG bundles loaded: dags-folder","dag_id":"news_daily","try_number":1,"run_id":"scheduled__2026-06-08T23:00:00+00:00","ti_id":"019eacf1-397a-76df-bec3-5ef7ded4a77b","task_id":"dbt_marts","map_index":-1,"logger":"airflow.dag_processing.bundles.manager.DagBundlesManager","filename":"manager.py","lineno":209}
{"timestamp":"2026-06-09T15:22:57.086992Z","level":"info","event":"Filling up the DagBag from /opt/airflow/dags/news_daily.py","dag_id":"news_daily","try_number":1,"run_id":"scheduled__2026-06-08T23:00:00+00:00","ti_id":"019eacf1-397a-76df-bec3-5ef7ded4a77b","task_id":"dbt_marts","map_index":-1,"logger":"airflow.dag_processing.dagbag.BundleDagBag","filename":"dagbag.py","lineno":469}
{"timestamp":"2026-06-09T15:22:57.181902Z","level":"info","event":"::endgroup::","dag_id":"news_daily","try_number":1,"run_id":"scheduled__2026-06-08T23:00:00+00:00","ti_id":"019eacf1-397a-76df-bec3-5ef7ded4a77b","task_id":"dbt_marts","map_index":-1,"logger":"task","filename":"task_runner.py","lineno":1727}
{"timestamp":"2026-06-09T15:22:57.186497Z","level":"info","event":"Running: dbt run --project-dir transform/dbt --profiles-dir transform/dbt --select +mart_stock_news_signal +fact_news_article (cwd=/opt/stock-pipeline)","logger":"common.tasks","dag_id":"news_daily","try_number":1,"run_id":"scheduled__2026-06-08T23:00:00+00:00","ti_id":"019eacf1-397a-76df-bec3-5ef7ded4a77b","task_id":"dbt_marts","map_index":-1,"filename":"tasks.py","lineno":66}
{"timestamp":"2026-06-09T15:22:59.952359Z","level":"info","event":"\u001b[0m15:22:59  Running with dbt=1.10.22","logger":"task.stdout"}
{"timestamp":"2026-06-09T15:23:00.465558Z","level":"info","event":"\u001b[0m15:23:00  Registered adapter: postgres=1.10.0","logger":"task.stdout"}
{"timestamp":"2026-06-09T15:23:01.411379Z","level":"info","event":"\u001b[0m15:23:01  Found 24 models, 63 data tests, 8 sources, 476 macros","logger":"task.stdout"}
{"timestamp":"2026-06-09T15:23:01.417527Z","level":"info","event":"\u001b[0m15:23:01","logger":"task.stdout"}
{"timestamp":"2026-06-09T15:23:01.418650Z","level":"info","event":"\u001b[0m15:23:01  Concurrency: 4 threads (target='dev')","logger":"task.stdout"}
{"timestamp":"2026-06-09T15:23:01.419449Z","level":"info","event":"\u001b[0m15:23:01","logger":"task.stdout"}
{"timestamp":"2026-06-09T15:23:01.784381Z","level":"info","event":"\u001b[0m15:23:01  1 of 2 START sql table model gold.fact_news_article ............................ [RUN]","logger":"task.stdout"}
{"timestamp":"2026-06-09T15:23:02.317318Z","level":"info","event":"\u001b[0m15:23:02  1 of 2 OK created sql table model gold.fact_news_article ....................... [\u001b[32mSELECT 862\u001b[0m in 0.52s]","logger":"task.stdout"}
{"timestamp":"2026-06-09T15:23:02.345302Z","level":"info","event":"\u001b[0m15:23:02  2 of 2 START sql table model gold.mart_stock_news_signal ....................... [RUN]","logger":"task.stdout"}
{"timestamp":"2026-06-09T15:23:02.693874Z","level":"info","event":"\u001b[0m15:23:02  2 of 2 OK created sql table model gold.mart_stock_news_signal .................. [\u001b[32mSELECT 608\u001b[0m in 0.37s]","logger":"task.stdout"}
{"timestamp":"2026-06-09T15:23:02.764874Z","level":"info","event":"\u001b[0m15:23:02","logger":"task.stdout"}
{"timestamp":"2026-06-09T15:23:02.765954Z","level":"info","event":"\u001b[0m15:23:02  Finished running 2 table models in 0 hours 0 minutes and 1.34 seconds (1.34s).","logger":"task.stdout"}
{"timestamp":"2026-06-09T15:23:02.927495Z","level":"info","event":"\u001b[0m15:23:02","logger":"task.stdout"}
{"timestamp":"2026-06-09T15:23:02.928589Z","level":"info","event":"\u001b[0m15:23:02  \u001b[32mCompleted successfully\u001b[0m","logger":"task.stdout"}
{"timestamp":"2026-06-09T15:23:02.929983Z","level":"info","event":"\u001b[0m15:23:02","logger":"task.stdout"}
{"timestamp":"2026-06-09T15:23:02.932115Z","level":"info","event":"\u001b[0m15:23:02  Done. PASS=2 WARN=0 ERROR=0 SKIP=0 NO-OP=0 TOTAL=2","logger":"task.stdout"}
{"timestamp":"2026-06-09T15:23:04.900036Z","level":"info","event":"Done. Returned value was: None","dag_id":"news_daily","try_number":1,"run_id":"scheduled__2026-06-08T23:00:00+00:00","ti_id":"019eacf1-397a-76df-bec3-5ef7ded4a77b","task_id":"dbt_marts","map_index":-1,"logger":"airflow.task.operators.airflow.providers.standard.operators.python.PythonOperator","filename":"python.py","lineno":233}
{"timestamp":"2026-06-09T15:23:04.901617Z","level":"info","event":"::group::Post Execute","dag_id":"news_daily","try_number":1,"run_id":"scheduled__2026-06-08T23:00:00+00:00","ti_id":"019eacf1-397a-76df-bec3-5ef7ded4a77b","task_id":"dbt_marts","map_index":-1,"logger":"task","filename":"task_runner.py","lineno":1288}
{"timestamp":"2026-06-09T15:23:05.860501Z","level":"info","event":"Airflow task SUCCESS dag=news_daily task=dbt_marts run_id=scheduled__2026-06-08T23:00:00+00:00","logger":"common.callbacks","dag_id":"news_daily","try_number":1,"run_id":"scheduled__2026-06-08T23:00:00+00:00","ti_id":"019eacf1-397a-76df-bec3-5ef7ded4a77b","task_id":"dbt_marts","map_index":-1,"filename":"callbacks.py","lineno":31}
{"timestamp":"2026-06-09T15:23:05.861421Z","level":"info","event":"::endgroup::","dag_id":"news_daily","try_number":1,"run_id":"scheduled__2026-06-08T23:00:00+00:00","ti_id":"019eacf1-397a-76df-bec3-5ef7ded4a77b","task_id":"dbt_marts","map_index":-1,"logger":"task","filename":"task_runner.py","lineno":1896}
