{"timestamp":"2026-06-08T16:41:24.799449Z","level":"info","event":"::group::Pre Execute","logger":"task","filename":"task_runner.py","lineno":1926}
{"timestamp":"2026-06-08T16:41:24.807227Z","level":"info","event":"DAG bundles loaded: dags-folder","try_number":1,"task_id":"dbt_marts","map_index":-1,"dag_id":"news_daily","ti_id":"019ea813-5ba9-71d9-bbe8-4c706a19d882","run_id":"manual__2026-06-08T16:31:41.460083+00:00","logger":"airflow.dag_processing.bundles.manager.DagBundlesManager","filename":"manager.py","lineno":209}
{"timestamp":"2026-06-08T16:41:24.809919Z","level":"info","event":"Filling up the DagBag from /opt/airflow/dags/news_daily.py","try_number":1,"task_id":"dbt_marts","map_index":-1,"dag_id":"news_daily","ti_id":"019ea813-5ba9-71d9-bbe8-4c706a19d882","run_id":"manual__2026-06-08T16:31:41.460083+00:00","logger":"airflow.dag_processing.dagbag.BundleDagBag","filename":"dagbag.py","lineno":469}
{"timestamp":"2026-06-08T16:41:24.899923Z","level":"info","event":"::endgroup::","try_number":1,"task_id":"dbt_marts","map_index":-1,"dag_id":"news_daily","ti_id":"019ea813-5ba9-71d9-bbe8-4c706a19d882","run_id":"manual__2026-06-08T16:31:41.460083+00:00","logger":"task","filename":"task_runner.py","lineno":1727}
{"timestamp":"2026-06-08T16:41:24.903828Z","level":"info","event":"Running: dbt run --project-dir transform/dbt --profiles-dir transform/dbt --select +mart_stock_news_signal +fact_news_article (cwd=/opt/stock-pipeline)","logger":"common.tasks","try_number":1,"task_id":"dbt_marts","map_index":-1,"dag_id":"news_daily","ti_id":"019ea813-5ba9-71d9-bbe8-4c706a19d882","run_id":"manual__2026-06-08T16:31:41.460083+00:00","filename":"tasks.py","lineno":66}
{"timestamp":"2026-06-08T16:41:28.567481Z","level":"info","event":"\u001b[0m16:41:28  Running with dbt=1.10.22","logger":"task.stdout"}
{"timestamp":"2026-06-08T16:41:29.092981Z","level":"info","event":"\u001b[0m16:41:29  Registered adapter: postgres=1.10.0","logger":"task.stdout"}
{"timestamp":"2026-06-08T16:41:29.840981Z","level":"info","event":"\u001b[0m16:41:29  Found 24 models, 63 data tests, 8 sources, 476 macros","logger":"task.stdout"}
{"timestamp":"2026-06-08T16:41:29.855562Z","level":"info","event":"\u001b[0m16:41:29","logger":"task.stdout"}
{"timestamp":"2026-06-08T16:41:29.856104Z","level":"info","event":"\u001b[0m16:41:29  Concurrency: 4 threads (target='dev')","logger":"task.stdout"}
{"timestamp":"2026-06-08T16:41:29.856446Z","level":"info","event":"\u001b[0m16:41:29","logger":"task.stdout"}
{"timestamp":"2026-06-08T16:41:30.233886Z","level":"info","event":"\u001b[0m16:41:30  1 of 2 START sql table model gold.fact_news_article ............................ [RUN]","logger":"task.stdout"}
{"timestamp":"2026-06-08T16:41:30.770854Z","level":"info","event":"\u001b[0m16:41:30  1 of 2 OK created sql table model gold.fact_news_article ....................... [\u001b[32mSELECT 739\u001b[0m in 0.53s]","logger":"task.stdout"}
{"timestamp":"2026-06-08T16:41:30.774482Z","level":"info","event":"\u001b[0m16:41:30  2 of 2 START sql table model gold.mart_stock_news_signal ....................... [RUN]","logger":"task.stdout"}
{"timestamp":"2026-06-08T16:41:31.036321Z","level":"info","event":"\u001b[0m16:41:31  2 of 2 OK created sql table model gold.mart_stock_news_signal .................. [\u001b[32mSELECT 535\u001b[0m in 0.26s]","logger":"task.stdout"}
{"timestamp":"2026-06-08T16:41:31.065014Z","level":"info","event":"\u001b[0m16:41:31","logger":"task.stdout"}
{"timestamp":"2026-06-08T16:41:31.065592Z","level":"info","event":"\u001b[0m16:41:31  Finished running 2 table models in 0 hours 0 minutes and 1.22 seconds (1.22s).","logger":"task.stdout"}
{"timestamp":"2026-06-08T16:41:31.148739Z","level":"info","event":"\u001b[0m16:41:31","logger":"task.stdout"}
{"timestamp":"2026-06-08T16:41:31.151067Z","level":"info","event":"\u001b[0m16:41:31  \u001b[32mCompleted successfully\u001b[0m","logger":"task.stdout"}
{"timestamp":"2026-06-08T16:41:31.153224Z","level":"info","event":"\u001b[0m16:41:31","logger":"task.stdout"}
{"timestamp":"2026-06-08T16:41:31.154682Z","level":"info","event":"\u001b[0m16:41:31  Done. PASS=2 WARN=0 ERROR=0 SKIP=0 NO-OP=0 TOTAL=2","logger":"task.stdout"}
{"timestamp":"2026-06-08T16:41:33.291952Z","level":"info","event":"Done. Returned value was: None","try_number":1,"task_id":"dbt_marts","map_index":-1,"dag_id":"news_daily","ti_id":"019ea813-5ba9-71d9-bbe8-4c706a19d882","run_id":"manual__2026-06-08T16:31:41.460083+00:00","logger":"airflow.task.operators.airflow.providers.standard.operators.python.PythonOperator","filename":"python.py","lineno":233}
{"timestamp":"2026-06-08T16:41:33.292212Z","level":"info","event":"::group::Post Execute","try_number":1,"task_id":"dbt_marts","map_index":-1,"dag_id":"news_daily","ti_id":"019ea813-5ba9-71d9-bbe8-4c706a19d882","run_id":"manual__2026-06-08T16:31:41.460083+00:00","logger":"task","filename":"task_runner.py","lineno":1288}
{"timestamp":"2026-06-08T16:41:33.316230Z","level":"info","event":"Airflow task SUCCESS dag=news_daily task=dbt_marts run_id=manual__2026-06-08T16:31:41.460083+00:00","logger":"common.callbacks","try_number":1,"task_id":"dbt_marts","map_index":-1,"dag_id":"news_daily","ti_id":"019ea813-5ba9-71d9-bbe8-4c706a19d882","run_id":"manual__2026-06-08T16:31:41.460083+00:00","filename":"callbacks.py","lineno":31}
{"timestamp":"2026-06-08T16:41:33.316475Z","level":"info","event":"::endgroup::","try_number":1,"task_id":"dbt_marts","map_index":-1,"dag_id":"news_daily","ti_id":"019ea813-5ba9-71d9-bbe8-4c706a19d882","run_id":"manual__2026-06-08T16:31:41.460083+00:00","logger":"task","filename":"task_runner.py","lineno":1896}
