{"timestamp":"2026-06-07T15:49:09.668394Z","level":"info","event":"::group::Pre Execute","logger":"task","filename":"task_runner.py","lineno":1926}
{"timestamp":"2026-06-07T15:49:09.705537Z","level":"info","event":"DAG bundles loaded: dags-folder","ti_id":"019ea2c6-0ef0-771e-a838-9cf132e3d2eb","run_id":"scheduled__2026-06-07T12:00:00+00:00","task_id":"dbt_run_full","dag_id":"gold_full_refresh","map_index":-1,"try_number":1,"logger":"airflow.dag_processing.bundles.manager.DagBundlesManager","filename":"manager.py","lineno":209}
{"timestamp":"2026-06-07T15:49:09.708327Z","level":"info","event":"Filling up the DagBag from /opt/airflow/dags/gold_full_refresh.py","ti_id":"019ea2c6-0ef0-771e-a838-9cf132e3d2eb","run_id":"scheduled__2026-06-07T12:00:00+00:00","task_id":"dbt_run_full","dag_id":"gold_full_refresh","map_index":-1,"try_number":1,"logger":"airflow.dag_processing.dagbag.BundleDagBag","filename":"dagbag.py","lineno":469}
{"timestamp":"2026-06-07T15:49:09.810154Z","level":"info","event":"::endgroup::","ti_id":"019ea2c6-0ef0-771e-a838-9cf132e3d2eb","run_id":"scheduled__2026-06-07T12:00:00+00:00","task_id":"dbt_run_full","dag_id":"gold_full_refresh","map_index":-1,"try_number":1,"logger":"task","filename":"task_runner.py","lineno":1727}
{"timestamp":"2026-06-07T15:49:09.813612Z","level":"info","event":"Running: dbt run --project-dir transform/dbt --profiles-dir transform/dbt (cwd=/opt/stock-pipeline)","logger":"common.tasks","ti_id":"019ea2c6-0ef0-771e-a838-9cf132e3d2eb","run_id":"scheduled__2026-06-07T12:00:00+00:00","task_id":"dbt_run_full","dag_id":"gold_full_refresh","map_index":-1,"try_number":1,"filename":"tasks.py","lineno":66}
{"timestamp":"2026-06-07T15:49:16.158925Z","level":"info","event":"\u001b[0m15:49:16  Running with dbt=1.10.22","logger":"task.stdout"}
{"timestamp":"2026-06-07T15:49:16.784663Z","level":"info","event":"\u001b[0m15:49:16  Registered adapter: postgres=1.10.0","logger":"task.stdout"}
{"timestamp":"2026-06-07T15:49:17.790068Z","level":"info","event":"\u001b[0m15:49:17  Found 24 models, 63 data tests, 8 sources, 476 macros","logger":"task.stdout"}
{"timestamp":"2026-06-07T15:49:17.799660Z","level":"info","event":"\u001b[0m15:49:17","logger":"task.stdout"}
{"timestamp":"2026-06-07T15:49:17.800684Z","level":"info","event":"\u001b[0m15:49:17  Concurrency: 4 threads (target='dev')","logger":"task.stdout"}
{"timestamp":"2026-06-07T15:49:17.801697Z","level":"info","event":"\u001b[0m15:49:17","logger":"task.stdout"}
{"timestamp":"2026-06-07T15:49:18.316258Z","level":"info","event":"\u001b[0m15:49:18  1 of 22 START sql view model gold.stg_company .................................. [RUN]","logger":"task.stdout"}
{"timestamp":"2026-06-07T15:49:18.317489Z","level":"info","event":"\u001b[0m15:49:18  2 of 22 START sql view model gold.stg_financial_ratio .......................... [RUN]","logger":"task.stdout"}
{"timestamp":"2026-06-07T15:49:18.338974Z","level":"info","event":"\u001b[0m15:49:18  3 of 22 START sql view model gold.stg_index_price .............................. [RUN]","logger":"task.stdout"}
{"timestamp":"2026-06-07T15:49:18.348892Z","level":"info","event":"\u001b[0m15:49:18  4 of 22 START sql view model gold.stg_listing .................................. [RUN]","logger":"task.stdout"}
{"timestamp":"2026-06-07T15:49:18.782831Z","level":"info","event":"\u001b[0m15:49:18  3 of 22 OK created sql view model gold.stg_index_price ......................... [\u001b[32mCREATE VIEW\u001b[0m in 0.43s]","logger":"task.stdout"}
{"timestamp":"2026-06-07T15:49:18.783555Z","level":"info","event":"\u001b[0m15:49:18  4 of 22 OK created sql view model gold.stg_listing ............................. [\u001b[32mCREATE VIEW\u001b[0m in 0.42s]","logger":"task.stdout"}
{"timestamp":"2026-06-07T15:49:18.786005Z","level":"info","event":"\u001b[0m15:49:18  2 of 22 OK created sql view model gold.stg_financial_ratio ..................... [\u001b[32mCREATE VIEW\u001b[0m in 0.46s]","logger":"task.stdout"}
{"timestamp":"2026-06-07T15:49:18.789986Z","level":"info","event":"\u001b[0m15:49:18  1 of 22 OK created sql view model gold.stg_company ............................. [\u001b[32mCREATE VIEW\u001b[0m in 0.45s]","logger":"task.stdout"}
{"timestamp":"2026-06-07T15:49:18.797372Z","level":"info","event":"\u001b[0m15:49:18  5 of 22 START sql view model gold.stg_price .................................... [RUN]","logger":"task.stdout"}
{"timestamp":"2026-06-07T15:49:18.805646Z","level":"info","event":"\u001b[0m15:49:18  7 of 22 START sql table model gold.mart_bctc_documents ......................... [RUN]","logger":"task.stdout"}
{"timestamp":"2026-06-07T15:49:18.806734Z","level":"info","event":"\u001b[0m15:49:18  6 of 22 START sql view model gold.stg_price_board .............................. [RUN]","logger":"task.stdout"}
{"timestamp":"2026-06-07T15:49:18.838675Z","level":"info","event":"\u001b[0m15:49:18  8 of 22 START sql table model gold.fact_index_daily ............................ [RUN]","logger":"task.stdout"}
{"timestamp":"2026-06-07T15:49:19.071503Z","level":"info","event":"\u001b[0m15:49:19  5 of 22 OK created sql view model gold.stg_price ............................... [\u001b[32mCREATE VIEW\u001b[0m in 0.26s]","logger":"task.stdout"}
{"timestamp":"2026-06-07T15:49:19.072137Z","level":"info","event":"\u001b[0m15:49:19  6 of 22 OK created sql view model gold.stg_price_board ......................... [\u001b[32mCREATE VIEW\u001b[0m in 0.25s]","logger":"task.stdout"}
{"timestamp":"2026-06-07T15:49:19.096920Z","level":"info","event":"\u001b[0m15:49:19  10 of 22 START sql table model gold.mart_financial_summary ..................... [RUN]","logger":"task.stdout"}
{"timestamp":"2026-06-07T15:49:19.100505Z","level":"info","event":"\u001b[0m15:49:19  9 of 22 START sql table model gold.dim_security ................................ [RUN]","logger":"task.stdout"}
{"timestamp":"2026-06-07T15:49:19.525536Z","level":"info","event":"\u001b[0m15:49:19  8 of 22 OK created sql table model gold.fact_index_daily ....................... [\u001b[32mSELECT 6235\u001b[0m in 0.67s]","logger":"task.stdout"}
{"timestamp":"2026-06-07T15:49:19.531219Z","level":"info","event":"\u001b[0m15:49:19  7 of 22 OK created sql table model gold.mart_bctc_documents .................... [\u001b[32mSELECT 1188\u001b[0m in 0.72s]","logger":"task.stdout"}
{"timestamp":"2026-06-07T15:49:19.550653Z","level":"info","event":"\u001b[0m15:49:19  9 of 22 OK created sql table model gold.dim_security ........................... [\u001b[32mSELECT 1532\u001b[0m in 0.41s]","logger":"task.stdout"}
{"timestamp":"2026-06-07T15:49:19.554797Z","level":"info","event":"\u001b[0m15:49:19  12 of 22 START sql table model gold.fact_news_article .......................... [RUN]","logger":"task.stdout"}
{"timestamp":"2026-06-07T15:49:19.571861Z","level":"info","event":"\u001b[0m15:49:19  13 of 22 START sql table model gold.int_news_sentiment_daily ................... [RUN]","logger":"task.stdout"}
{"timestamp":"2026-06-07T15:49:19.578157Z","level":"info","event":"\u001b[0m15:49:19  11 of 22 START sql table model gold.dim_company ................................ [RUN]","logger":"task.stdout"}
{"timestamp":"2026-06-07T15:49:20.288726Z","level":"info","event":"\u001b[0m15:49:20  11 of 22 OK created sql table model gold.dim_company ........................... [\u001b[32mSELECT 703\u001b[0m in 0.69s]","logger":"task.stdout"}
{"timestamp":"2026-06-07T15:49:20.385294Z","level":"info","event":"\u001b[0m15:49:20  14 of 22 START sql table model gold.mart_price_board ........................... [RUN]","logger":"task.stdout"}
{"timestamp":"2026-06-07T15:49:20.480781Z","level":"info","event":"\u001b[0m15:49:20  13 of 22 OK created sql table model gold.int_news_sentiment_daily .............. [\u001b[32mSELECT 396\u001b[0m in 0.90s]","logger":"task.stdout"}
{"timestamp":"2026-06-07T15:49:20.521355Z","level":"info","event":"\u001b[0m15:49:20  15 of 22 START sql table model gold.int_price_indicator ........................ [RUN]","logger":"task.stdout"}
{"timestamp":"2026-06-07T15:49:20.658879Z","level":"info","event":"\u001b[0m15:49:20  12 of 22 OK created sql table model gold.fact_news_article ..................... [\u001b[32mSELECT 515\u001b[0m in 1.10s]","logger":"task.stdout"}
{"timestamp":"2026-06-07T15:49:20.675009Z","level":"info","event":"\u001b[0m15:49:20  16 of 22 START sql table model gold.mart_stock_news_daily ...................... [RUN]","logger":"task.stdout"}
{"timestamp":"2026-06-07T15:49:20.922866Z","level":"info","event":"\u001b[0m15:49:20  14 of 22 OK created sql table model gold.mart_price_board ...................... [\u001b[32mSELECT 614\u001b[0m in 0.62s]","logger":"task.stdout"}
{"timestamp":"2026-06-07T15:49:20.937456Z","level":"info","event":"\u001b[0m15:49:20  17 of 22 START sql table model gold.mart_stock_news_signal ..................... [RUN]","logger":"task.stdout"}
{"timestamp":"2026-06-07T15:49:21.195432Z","level":"info","event":"\u001b[0m15:49:21  16 of 22 OK created sql table model gold.mart_stock_news_daily ................. [\u001b[32mSELECT 396\u001b[0m in 0.51s]","logger":"task.stdout"}
{"timestamp":"2026-06-07T15:49:21.518211Z","level":"info","event":"\u001b[0m15:49:21  17 of 22 OK created sql table model gold.mart_stock_news_signal ................ [\u001b[32mSELECT 407\u001b[0m in 0.57s]","logger":"task.stdout"}
{"timestamp":"2026-06-07T15:49:24.616694Z","level":"info","event":"\u001b[0m15:49:24  10 of 22 OK created sql table model gold.mart_financial_summary ................ [\u001b[32mSELECT 10545\u001b[0m in 5.48s]","logger":"task.stdout"}
{"timestamp":"2026-06-07T15:49:50.184670Z","level":"info","event":"\u001b[0m15:49:50  15 of 22 OK created sql table model gold.int_price_indicator ................... [\u001b[32mSELECT 760938\u001b[0m in 29.65s]","logger":"task.stdout"}
{"timestamp":"2026-06-07T15:49:50.203239Z","level":"info","event":"\u001b[0m15:49:50  18 of 22 START sql table model gold.fact_price_daily ........................... [RUN]","logger":"task.stdout"}
{"timestamp":"2026-06-07T15:49:58.453949Z","level":"info","event":"\u001b[0m15:49:58  18 of 22 OK created sql table model gold.fact_price_daily ...................... [\u001b[32mSELECT 760938\u001b[0m in 8.25s]","logger":"task.stdout"}
{"timestamp":"2026-06-07T15:49:58.460812Z","level":"info","event":"\u001b[0m15:49:58  19 of 22 START sql table model gold.mart_company_profile ....................... [RUN]","logger":"task.stdout"}
{"timestamp":"2026-06-07T15:49:58.461790Z","level":"info","event":"\u001b[0m15:49:58  20 of 22 START sql table model gold.mart_market_overview ....................... [RUN]","logger":"task.stdout"}
{"timestamp":"2026-06-07T15:49:58.462571Z","level":"info","event":"\u001b[0m15:49:58  21 of 22 START sql table model gold.mart_stock_daily ........................... [RUN]","logger":"task.stdout"}
{"timestamp":"2026-06-07T15:50:03.113823Z","level":"info","event":"\u001b[0m15:50:03  21 of 22 OK created sql table model gold.mart_stock_daily ...................... [\u001b[32mSELECT 760938\u001b[0m in 4.64s]","logger":"task.stdout"}
{"timestamp":"2026-06-07T15:50:04.193336Z","level":"info","event":"\u001b[0m15:50:04  19 of 22 OK created sql table model gold.mart_company_profile .................. [\u001b[32mSELECT 703\u001b[0m in 5.73s]","logger":"task.stdout"}
{"timestamp":"2026-06-07T15:50:04.197730Z","level":"info","event":"\u001b[0m15:50:04  22 of 22 START sql table model gold.mart_ticker_directory ...................... [RUN]","logger":"task.stdout"}
{"timestamp":"2026-06-07T15:50:04.679591Z","level":"info","event":"\u001b[0m15:50:04  22 of 22 OK created sql table model gold.mart_ticker_directory ................. [\u001b[32mSELECT 1570\u001b[0m in 0.48s]","logger":"task.stdout"}
{"timestamp":"2026-06-07T15:57:05.919788Z","level":"info","event":"\u001b[0m15:57:05  20 of 22 OK created sql table model gold.mart_market_overview .................. [\u001b[32mSELECT 1247\u001b[0m in 427.40s]","logger":"task.stdout"}
{"timestamp":"2026-06-07T15:57:06.171962Z","level":"info","event":"\u001b[0m15:57:06","logger":"task.stdout"}
{"timestamp":"2026-06-07T15:57:06.174842Z","level":"info","event":"\u001b[0m15:57:06  Finished running 16 table models, 6 view models in 0 hours 7 minutes and 48.36 seconds (468.36s).","logger":"task.stdout"}
{"timestamp":"2026-06-07T15:57:06.861731Z","level":"info","event":"\u001b[0m15:57:06","logger":"task.stdout"}
{"timestamp":"2026-06-07T15:57:06.865376Z","level":"info","event":"\u001b[0m15:57:06  \u001b[32mCompleted successfully\u001b[0m","logger":"task.stdout"}
{"timestamp":"2026-06-07T15:57:06.867092Z","level":"info","event":"\u001b[0m15:57:06","logger":"task.stdout"}
{"timestamp":"2026-06-07T15:57:06.871434Z","level":"info","event":"\u001b[0m15:57:06  Done. PASS=22 WARN=0 ERROR=0 SKIP=0 NO-OP=0 TOTAL=22","logger":"task.stdout"}
{"timestamp":"2026-06-07T15:57:12.419631Z","level":"info","event":"Done. Returned value was: None","ti_id":"019ea2c6-0ef0-771e-a838-9cf132e3d2eb","run_id":"scheduled__2026-06-07T12:00:00+00:00","task_id":"dbt_run_full","dag_id":"gold_full_refresh","map_index":-1,"try_number":1,"logger":"airflow.task.operators.airflow.providers.standard.operators.python.PythonOperator","filename":"python.py","lineno":233}
{"timestamp":"2026-06-07T15:57:12.456164Z","level":"info","event":"::group::Post Execute","ti_id":"019ea2c6-0ef0-771e-a838-9cf132e3d2eb","run_id":"scheduled__2026-06-07T12:00:00+00:00","task_id":"dbt_run_full","dag_id":"gold_full_refresh","map_index":-1,"try_number":1,"logger":"task","filename":"task_runner.py","lineno":1288}
{"timestamp":"2026-06-07T15:57:12.653353Z","level":"info","event":"Airflow task SUCCESS dag=gold_full_refresh task=dbt_run_full run_id=scheduled__2026-06-07T12:00:00+00:00","logger":"common.callbacks","ti_id":"019ea2c6-0ef0-771e-a838-9cf132e3d2eb","run_id":"scheduled__2026-06-07T12:00:00+00:00","task_id":"dbt_run_full","dag_id":"gold_full_refresh","map_index":-1,"try_number":1,"filename":"callbacks.py","lineno":31}
{"timestamp":"2026-06-07T15:57:12.671177Z","level":"info","event":"::endgroup::","ti_id":"019ea2c6-0ef0-771e-a838-9cf132e3d2eb","run_id":"scheduled__2026-06-07T12:00:00+00:00","task_id":"dbt_run_full","dag_id":"gold_full_refresh","map_index":-1,"try_number":1,"logger":"task","filename":"task_runner.py","lineno":1896}
