{"timestamp":"2026-06-09T16:01:38.232106Z","level":"info","event":"::group::Pre Execute","logger":"task","filename":"task_runner.py","lineno":1926}
{"timestamp":"2026-06-09T16:01:38.555338Z","level":"info","event":"DAG bundles loaded: dags-folder","map_index":-1,"ti_id":"019ead13-f016-78b0-9465-c64a71cf4c77","try_number":1,"dag_id":"structured_daily","run_id":"manual__2026-06-09T15:50:25.530887+00:00","task_id":"dbt_marts","logger":"airflow.dag_processing.bundles.manager.DagBundlesManager","filename":"manager.py","lineno":209}
{"timestamp":"2026-06-09T16:01:38.569708Z","level":"info","event":"Filling up the DagBag from /opt/airflow/dags/structured_daily.py","map_index":-1,"ti_id":"019ead13-f016-78b0-9465-c64a71cf4c77","try_number":1,"dag_id":"structured_daily","run_id":"manual__2026-06-09T15:50:25.530887+00:00","task_id":"dbt_marts","logger":"airflow.dag_processing.dagbag.BundleDagBag","filename":"dagbag.py","lineno":469}
{"timestamp":"2026-06-09T16:01:39.096362Z","level":"info","event":"::endgroup::","map_index":-1,"ti_id":"019ead13-f016-78b0-9465-c64a71cf4c77","try_number":1,"dag_id":"structured_daily","run_id":"manual__2026-06-09T15:50:25.530887+00:00","task_id":"dbt_marts","logger":"task","filename":"task_runner.py","lineno":1727}
{"timestamp":"2026-06-09T16:01:39.102965Z","level":"info","event":"Running: dbt run --project-dir transform/dbt --profiles-dir transform/dbt --select +mart_stock_daily +mart_price_board +mart_market_overview (cwd=/opt/stock-pipeline)","logger":"common.tasks","map_index":-1,"ti_id":"019ead13-f016-78b0-9465-c64a71cf4c77","try_number":1,"dag_id":"structured_daily","run_id":"manual__2026-06-09T15:50:25.530887+00:00","task_id":"dbt_marts","filename":"tasks.py","lineno":66}
{"timestamp":"2026-06-09T16:01:46.829981Z","level":"info","event":"\u001b[0m16:01:46  Running with dbt=1.10.22","logger":"task.stdout"}
{"timestamp":"2026-06-09T16:01:47.529449Z","level":"info","event":"\u001b[0m16:01:47  Registered adapter: postgres=1.10.0","logger":"task.stdout"}
{"timestamp":"2026-06-09T16:01:48.934192Z","level":"info","event":"\u001b[0m16:01:48  Found 24 models, 63 data tests, 8 sources, 476 macros","logger":"task.stdout"}
{"timestamp":"2026-06-09T16:01:48.942410Z","level":"info","event":"\u001b[0m16:01:48","logger":"task.stdout"}
{"timestamp":"2026-06-09T16:01:48.943661Z","level":"info","event":"\u001b[0m16:01:48  Concurrency: 4 threads (target='dev')","logger":"task.stdout"}
{"timestamp":"2026-06-09T16:01:48.944544Z","level":"info","event":"\u001b[0m16:01:48","logger":"task.stdout"}
{"timestamp":"2026-06-09T16:01:50.839544Z","level":"info","event":"\u001b[0m16:01:50  1 of 11 START sql view model gold.stg_index_price .............................. [RUN]","logger":"task.stdout"}
{"timestamp":"2026-06-09T16:01:50.932964Z","level":"info","event":"\u001b[0m16:01:50  2 of 11 START sql view model gold.stg_price .................................... [RUN]","logger":"task.stdout"}
{"timestamp":"2026-06-09T16:01:50.934052Z","level":"info","event":"\u001b[0m16:01:50  3 of 11 START sql view model gold.stg_price_board .............................. [RUN]","logger":"task.stdout"}
{"timestamp":"2026-06-09T16:01:50.958536Z","level":"info","event":"\u001b[0m16:01:50  4 of 11 START sql table model gold.fact_news_article ........................... [RUN]","logger":"task.stdout"}
{"timestamp":"2026-06-09T16:01:52.165979Z","level":"info","event":"\u001b[0m16:01:52  3 of 11 OK created sql view model gold.stg_price_board ......................... [\u001b[32mCREATE VIEW\u001b[0m in 1.29s]","logger":"task.stdout"}
{"timestamp":"2026-06-09T16:01:52.166925Z","level":"info","event":"\u001b[0m16:01:52  1 of 11 OK created sql view model gold.stg_index_price ......................... [\u001b[32mCREATE VIEW\u001b[0m in 1.30s]","logger":"task.stdout"}
{"timestamp":"2026-06-09T16:01:52.167588Z","level":"info","event":"\u001b[0m16:01:52  2 of 11 OK created sql view model gold.stg_price ............................... [\u001b[32mCREATE VIEW\u001b[0m in 1.30s]","logger":"task.stdout"}
{"timestamp":"2026-06-09T16:01:52.180418Z","level":"info","event":"\u001b[0m16:01:52  5 of 11 START sql table model gold.fact_index_daily ............................ [RUN]","logger":"task.stdout"}
{"timestamp":"2026-06-09T16:01:52.191872Z","level":"info","event":"\u001b[0m16:01:52  6 of 11 START sql table model gold.int_price_indicator ......................... [RUN]","logger":"task.stdout"}
{"timestamp":"2026-06-09T16:01:52.257535Z","level":"info","event":"\u001b[0m16:01:52  7 of 11 START sql table model gold.mart_price_board ............................ [RUN]","logger":"task.stdout"}
{"timestamp":"2026-06-09T16:01:55.410553Z","level":"info","event":"\u001b[0m16:01:55  7 of 11 OK created sql table model gold.mart_price_board ....................... [\u001b[32mSELECT 1270\u001b[0m in 3.15s]","logger":"task.stdout"}
{"timestamp":"2026-06-09T16:01:55.444060Z","level":"info","event":"\u001b[0m16:01:55  5 of 11 OK created sql table model gold.fact_index_daily ....................... [\u001b[32mSELECT 6255\u001b[0m in 3.27s]","logger":"task.stdout"}
{"timestamp":"2026-06-09T16:01:55.619313Z","level":"info","event":"\u001b[0m16:01:55  4 of 11 OK created sql table model gold.fact_news_article ...................... [\u001b[32mSELECT 863\u001b[0m in 4.60s]","logger":"task.stdout"}
{"timestamp":"2026-06-09T16:01:55.625406Z","level":"info","event":"\u001b[0m16:01:55  8 of 11 START sql table model gold.mart_stock_news_signal ...................... [RUN]","logger":"task.stdout"}
{"timestamp":"2026-06-09T16:01:56.314999Z","level":"info","event":"\u001b[0m16:01:56  8 of 11 OK created sql table model gold.mart_stock_news_signal ................. [\u001b[32mSELECT 608\u001b[0m in 0.69s]","logger":"task.stdout"}
{"timestamp":"2026-06-09T16:03:15.898228Z","level":"info","event":"\u001b[0m16:03:15  6 of 11 OK created sql table model gold.int_price_indicator .................... [\u001b[32mSELECT 761092\u001b[0m in 83.35s]","logger":"task.stdout"}
{"timestamp":"2026-06-09T16:03:15.945588Z","level":"info","event":"\u001b[0m16:03:15  9 of 11 START sql table model gold.fact_price_daily ............................ [RUN]","logger":"task.stdout"}
{"timestamp":"2026-06-09T16:04:57.529394Z","level":"info","event":"\u001b[0m16:04:57  9 of 11 OK created sql table model gold.fact_price_daily ....................... [\u001b[32mSELECT 761092\u001b[0m in 101.52s]","logger":"task.stdout"}
{"timestamp":"2026-06-09T16:04:57.585912Z","level":"info","event":"\u001b[0m16:04:57  11 of 11 START sql table model gold.mart_stock_daily ........................... [RUN]","logger":"task.stdout"}
{"timestamp":"2026-06-09T16:04:57.587454Z","level":"info","event":"\u001b[0m16:04:57  10 of 11 START sql table model gold.mart_market_overview ....................... [RUN]","logger":"task.stdout"}
{"timestamp":"2026-06-09T16:05:45.279226Z","level":"info","event":"\u001b[0m16:05:45  11 of 11 OK created sql table model gold.mart_stock_daily ...................... [\u001b[32mSELECT 761092\u001b[0m in 47.64s]","logger":"task.stdout"}
{"timestamp":"2026-06-09T16:11:14.008035Z","level":"info","event":"\u001b[0m16:11:14  10 of 11 OK created sql table model gold.mart_market_overview .................. [\u001b[32mSELECT 1251\u001b[0m in 376.38s]","logger":"task.stdout"}
{"timestamp":"2026-06-09T16:11:14.262138Z","level":"info","event":"\u001b[0m16:11:14","logger":"task.stdout"}
{"timestamp":"2026-06-09T16:11:14.265668Z","level":"info","event":"\u001b[0m16:11:14  Finished running 8 table models, 3 view models in 0 hours 9 minutes and 25.30 seconds (565.30s).","logger":"task.stdout"}
{"timestamp":"2026-06-09T16:11:14.671186Z","level":"info","event":"\u001b[0m16:11:14","logger":"task.stdout"}
{"timestamp":"2026-06-09T16:11:14.674081Z","level":"info","event":"\u001b[0m16:11:14  \u001b[32mCompleted successfully\u001b[0m","logger":"task.stdout"}
{"timestamp":"2026-06-09T16:11:14.675363Z","level":"info","event":"\u001b[0m16:11:14","logger":"task.stdout"}
{"timestamp":"2026-06-09T16:11:14.678665Z","level":"info","event":"\u001b[0m16:11:14  Done. PASS=11 WARN=0 ERROR=0 SKIP=0 NO-OP=0 TOTAL=11","logger":"task.stdout"}
{"timestamp":"2026-06-09T16:11:17.837880Z","level":"info","event":"Done. Returned value was: None","map_index":-1,"ti_id":"019ead13-f016-78b0-9465-c64a71cf4c77","try_number":1,"dag_id":"structured_daily","run_id":"manual__2026-06-09T15:50:25.530887+00:00","task_id":"dbt_marts","logger":"airflow.task.operators.airflow.providers.standard.operators.python.PythonOperator","filename":"python.py","lineno":233}
{"timestamp":"2026-06-09T16:11:17.873365Z","level":"info","event":"::group::Post Execute","map_index":-1,"ti_id":"019ead13-f016-78b0-9465-c64a71cf4c77","try_number":1,"dag_id":"structured_daily","run_id":"manual__2026-06-09T15:50:25.530887+00:00","task_id":"dbt_marts","logger":"task","filename":"task_runner.py","lineno":1288}
{"timestamp":"2026-06-09T16:11:18.339828Z","level":"info","event":"Airflow task SUCCESS dag=structured_daily task=dbt_marts run_id=manual__2026-06-09T15:50:25.530887+00:00","logger":"common.callbacks","map_index":-1,"ti_id":"019ead13-f016-78b0-9465-c64a71cf4c77","try_number":1,"dag_id":"structured_daily","run_id":"manual__2026-06-09T15:50:25.530887+00:00","task_id":"dbt_marts","filename":"callbacks.py","lineno":31}
{"timestamp":"2026-06-09T16:11:18.350173Z","level":"info","event":"::endgroup::","map_index":-1,"ti_id":"019ead13-f016-78b0-9465-c64a71cf4c77","try_number":1,"dag_id":"structured_daily","run_id":"manual__2026-06-09T15:50:25.530887+00:00","task_id":"dbt_marts","logger":"task","filename":"task_runner.py","lineno":1896}
