{"timestamp":"2026-06-08T15:49:20.041770Z","level":"info","event":"::group::Pre Execute","logger":"task","filename":"task_runner.py","lineno":1926}
{"timestamp":"2026-06-08T15:49:22.043314Z","level":"info","event":"DAG bundles loaded: dags-folder","task_id":"dbt_marts","run_id":"scheduled__2026-06-08T09:30:00+00:00","map_index":-1,"try_number":1,"ti_id":"019ea7e1-ef59-7a72-8690-4d9ccba6bf98","dag_id":"structured_daily","logger":"airflow.dag_processing.bundles.manager.DagBundlesManager","filename":"manager.py","lineno":209}
{"timestamp":"2026-06-08T15:49:22.050143Z","level":"info","event":"Filling up the DagBag from /opt/airflow/dags/structured_daily.py","task_id":"dbt_marts","run_id":"scheduled__2026-06-08T09:30:00+00:00","map_index":-1,"try_number":1,"ti_id":"019ea7e1-ef59-7a72-8690-4d9ccba6bf98","dag_id":"structured_daily","logger":"airflow.dag_processing.dagbag.BundleDagBag","filename":"dagbag.py","lineno":469}
{"timestamp":"2026-06-08T15:49:22.667842Z","level":"info","event":"::endgroup::","task_id":"dbt_marts","run_id":"scheduled__2026-06-08T09:30:00+00:00","map_index":-1,"try_number":1,"ti_id":"019ea7e1-ef59-7a72-8690-4d9ccba6bf98","dag_id":"structured_daily","logger":"task","filename":"task_runner.py","lineno":1727}
{"timestamp":"2026-06-08T15:49:22.674832Z","level":"info","event":"Running: dbt run --project-dir transform/dbt --profiles-dir transform/dbt --select +mart_stock_daily +mart_price_board +mart_market_overview (cwd=/opt/stock-pipeline)","logger":"common.tasks","task_id":"dbt_marts","run_id":"scheduled__2026-06-08T09:30:00+00:00","map_index":-1,"try_number":1,"ti_id":"019ea7e1-ef59-7a72-8690-4d9ccba6bf98","dag_id":"structured_daily","filename":"tasks.py","lineno":66}
{"timestamp":"2026-06-08T15:49:30.489549Z","level":"info","event":"\u001b[0m15:49:30  Running with dbt=1.10.22","logger":"task.stdout"}
{"timestamp":"2026-06-08T15:49:31.085210Z","level":"info","event":"\u001b[0m15:49:31  Registered adapter: postgres=1.10.0","logger":"task.stdout"}
{"timestamp":"2026-06-08T15:49:33.447274Z","level":"info","event":"\u001b[0m15:49:33  Found 24 models, 63 data tests, 8 sources, 476 macros","logger":"task.stdout"}
{"timestamp":"2026-06-08T15:49:33.467809Z","level":"info","event":"\u001b[0m15:49:33","logger":"task.stdout"}
{"timestamp":"2026-06-08T15:49:33.468570Z","level":"info","event":"\u001b[0m15:49:33  Concurrency: 4 threads (target='dev')","logger":"task.stdout"}
{"timestamp":"2026-06-08T15:49:33.469003Z","level":"info","event":"\u001b[0m15:49:33","logger":"task.stdout"}
{"timestamp":"2026-06-08T15:49:33.991998Z","level":"info","event":"\u001b[0m15:49:33  1 of 11 START sql view model gold.stg_index_price .............................. [RUN]","logger":"task.stdout"}
{"timestamp":"2026-06-08T15:49:33.995450Z","level":"info","event":"\u001b[0m15:49:33  2 of 11 START sql view model gold.stg_price .................................... [RUN]","logger":"task.stdout"}
{"timestamp":"2026-06-08T15:49:33.996294Z","level":"info","event":"\u001b[0m15:49:33  3 of 11 START sql view model gold.stg_price_board .............................. [RUN]","logger":"task.stdout"}
{"timestamp":"2026-06-08T15:49:34.032533Z","level":"info","event":"\u001b[0m15:49:34  4 of 11 START sql table model gold.fact_news_article ........................... [RUN]","logger":"task.stdout"}
{"timestamp":"2026-06-08T15:49:34.410072Z","level":"info","event":"\u001b[0m15:49:34  2 of 11 OK created sql view model gold.stg_price ............................... [\u001b[32mCREATE VIEW\u001b[0m in 0.40s]","logger":"task.stdout"}
{"timestamp":"2026-06-08T15:49:34.412651Z","level":"info","event":"\u001b[0m15:49:34  3 of 11 OK created sql view model gold.stg_price_board ......................... [\u001b[32mCREATE VIEW\u001b[0m in 0.40s]","logger":"task.stdout"}
{"timestamp":"2026-06-08T15:49:34.413693Z","level":"info","event":"\u001b[0m15:49:34  1 of 11 OK created sql view model gold.stg_index_price ......................... [\u001b[32mCREATE VIEW\u001b[0m in 0.41s]","logger":"task.stdout"}
{"timestamp":"2026-06-08T15:49:34.433538Z","level":"info","event":"\u001b[0m15:49:34  5 of 11 START sql table model gold.int_price_indicator ......................... [RUN]","logger":"task.stdout"}
{"timestamp":"2026-06-08T15:49:34.442343Z","level":"info","event":"\u001b[0m15:49:34  6 of 11 START sql table model gold.mart_price_board ............................ [RUN]","logger":"task.stdout"}
{"timestamp":"2026-06-08T15:49:34.443333Z","level":"info","event":"\u001b[0m15:49:34  7 of 11 START sql table model gold.fact_index_daily ............................ [RUN]","logger":"task.stdout"}
{"timestamp":"2026-06-08T15:49:34.768298Z","level":"info","event":"\u001b[0m15:49:34  4 of 11 OK created sql table model gold.fact_news_article ...................... [\u001b[32mSELECT 567\u001b[0m in 0.71s]","logger":"task.stdout"}
{"timestamp":"2026-06-08T15:49:34.776596Z","level":"info","event":"\u001b[0m15:49:34  8 of 11 START sql table model gold.mart_stock_news_signal ...................... [RUN]","logger":"task.stdout"}
{"timestamp":"2026-06-08T15:49:34.779957Z","level":"info","event":"\u001b[0m15:49:34  7 of 11 OK created sql table model gold.fact_index_daily ....................... [\u001b[32mSELECT 6250\u001b[0m in 0.33s]","logger":"task.stdout"}
{"timestamp":"2026-06-08T15:49:34.797125Z","level":"info","event":"\u001b[0m15:49:34  6 of 11 OK created sql table model gold.mart_price_board ....................... [\u001b[32mSELECT 1220\u001b[0m in 0.35s]","logger":"task.stdout"}
{"timestamp":"2026-06-08T15:49:35.081540Z","level":"info","event":"\u001b[0m15:49:35  8 of 11 OK created sql table model gold.mart_stock_news_signal ................. [\u001b[32mSELECT 440\u001b[0m in 0.29s]","logger":"task.stdout"}
{"timestamp":"2026-06-08T15:50:14.045557Z","level":"info","event":"\u001b[0m15:50:14  5 of 11 OK created sql table model gold.int_price_indicator .................... [\u001b[32mSELECT 761042\u001b[0m in 39.60s]","logger":"task.stdout"}
{"timestamp":"2026-06-08T15:50:14.049581Z","level":"info","event":"\u001b[0m15:50:14  9 of 11 START sql table model gold.fact_price_daily ............................ [RUN]","logger":"task.stdout"}
{"timestamp":"2026-06-08T15:50:53.142967Z","level":"info","event":"\u001b[0m15:50:53  9 of 11 OK created sql table model gold.fact_price_daily ....................... [\u001b[32mSELECT 761042\u001b[0m in 39.09s]","logger":"task.stdout"}
{"timestamp":"2026-06-08T15:50:53.150970Z","level":"info","event":"\u001b[0m15:50:53  10 of 11 START sql table model gold.mart_market_overview ....................... [RUN]","logger":"task.stdout"}
{"timestamp":"2026-06-08T15:50:53.152468Z","level":"info","event":"\u001b[0m15:50:53  11 of 11 START sql table model gold.mart_stock_daily ........................... [RUN]","logger":"task.stdout"}
{"timestamp":"2026-06-08T15:51:25.104009Z","level":"info","event":"\u001b[0m15:51:25  11 of 11 OK created sql table model gold.mart_stock_daily ...................... [\u001b[32mSELECT 761042\u001b[0m in 31.94s]","logger":"task.stdout"}
{"timestamp":"2026-06-08T15:56:48.136714Z","level":"info","event":"\u001b[0m15:56:48  10 of 11 OK created sql table model gold.mart_market_overview .................. [\u001b[32mSELECT 1250\u001b[0m in 354.95s]","logger":"task.stdout"}
{"timestamp":"2026-06-08T15:56:48.577277Z","level":"info","event":"\u001b[0m15:56:48","logger":"task.stdout"}
{"timestamp":"2026-06-08T15:56:48.587269Z","level":"info","event":"\u001b[0m15:56:48  Finished running 8 table models, 3 view models in 0 hours 7 minutes and 15.09 seconds (435.09s).","logger":"task.stdout"}
{"timestamp":"2026-06-08T15:56:49.470133Z","level":"info","event":"\u001b[0m15:56:49","logger":"task.stdout"}
{"timestamp":"2026-06-08T15:56:49.475273Z","level":"info","event":"\u001b[0m15:56:49  \u001b[32mCompleted successfully\u001b[0m","logger":"task.stdout"}
{"timestamp":"2026-06-08T15:56:49.476783Z","level":"info","event":"\u001b[0m15:56:49","logger":"task.stdout"}
{"timestamp":"2026-06-08T15:56:49.485155Z","level":"info","event":"\u001b[0m15:56:49  Done. PASS=11 WARN=0 ERROR=0 SKIP=0 NO-OP=0 TOTAL=11","logger":"task.stdout"}
{"timestamp":"2026-06-08T15:56:56.435865Z","level":"info","event":"Done. Returned value was: None","task_id":"dbt_marts","run_id":"scheduled__2026-06-08T09:30:00+00:00","map_index":-1,"try_number":1,"ti_id":"019ea7e1-ef59-7a72-8690-4d9ccba6bf98","dag_id":"structured_daily","logger":"airflow.task.operators.airflow.providers.standard.operators.python.PythonOperator","filename":"python.py","lineno":233}
{"timestamp":"2026-06-08T15:56:56.473906Z","level":"info","event":"::group::Post Execute","task_id":"dbt_marts","run_id":"scheduled__2026-06-08T09:30:00+00:00","map_index":-1,"try_number":1,"ti_id":"019ea7e1-ef59-7a72-8690-4d9ccba6bf98","dag_id":"structured_daily","logger":"task","filename":"task_runner.py","lineno":1288}
{"timestamp":"2026-06-08T15:56:56.972815Z","level":"info","event":"Airflow task SUCCESS dag=structured_daily task=dbt_marts run_id=scheduled__2026-06-08T09:30:00+00:00","logger":"common.callbacks","task_id":"dbt_marts","run_id":"scheduled__2026-06-08T09:30:00+00:00","map_index":-1,"try_number":1,"ti_id":"019ea7e1-ef59-7a72-8690-4d9ccba6bf98","dag_id":"structured_daily","filename":"callbacks.py","lineno":31}
{"timestamp":"2026-06-08T15:56:56.983768Z","level":"info","event":"::endgroup::","task_id":"dbt_marts","run_id":"scheduled__2026-06-08T09:30:00+00:00","map_index":-1,"try_number":1,"ti_id":"019ea7e1-ef59-7a72-8690-4d9ccba6bf98","dag_id":"structured_daily","logger":"task","filename":"task_runner.py","lineno":1896}
