{"timestamp":"2026-06-09T15:16:50.482764Z","level":"info","event":"::group::Pre Execute","logger":"task","filename":"task_runner.py","lineno":1926}
{"timestamp":"2026-06-09T15:16:50.558709Z","level":"info","event":"DAG bundles loaded: dags-folder","map_index":-1,"ti_id":"019eacf1-3967-7788-9180-e983d307f0db","try_number":1,"dag_id":"structured_daily","run_id":"scheduled__2026-06-09T09:30:00+00:00","task_id":"load_silver","logger":"airflow.dag_processing.bundles.manager.DagBundlesManager","filename":"manager.py","lineno":209}
{"timestamp":"2026-06-09T15:16:50.562853Z","level":"info","event":"Filling up the DagBag from /opt/airflow/dags/structured_daily.py","map_index":-1,"ti_id":"019eacf1-3967-7788-9180-e983d307f0db","try_number":1,"dag_id":"structured_daily","run_id":"scheduled__2026-06-09T09:30:00+00:00","task_id":"load_silver","logger":"airflow.dag_processing.dagbag.BundleDagBag","filename":"dagbag.py","lineno":469}
{"timestamp":"2026-06-09T15:16:50.808125Z","level":"info","event":"::endgroup::","map_index":-1,"ti_id":"019eacf1-3967-7788-9180-e983d307f0db","try_number":1,"dag_id":"structured_daily","run_id":"scheduled__2026-06-09T09:30:00+00:00","task_id":"load_silver","logger":"task","filename":"task_runner.py","lineno":1727}
{"timestamp":"2026-06-09T15:16:50.812887Z","level":"info","event":"Running: /usr/python/bin/python3.12 -m warehouse.loader.cli load-silver --dataset price,index_price,price_board (cwd=/opt/stock-pipeline)","logger":"common.tasks","map_index":-1,"ti_id":"019eacf1-3967-7788-9180-e983d307f0db","try_number":1,"dag_id":"structured_daily","run_id":"scheduled__2026-06-09T09:30:00+00:00","task_id":"load_silver","filename":"tasks.py","lineno":66}
{"timestamp":"2026-06-09T15:16:51.939431Z","level":"error","event":"15:16:51 [INFO] Connecting to DB: postgresql://stock:stock@host.docker.internal:55432/stock_pipeline","logger":"task.stderr"}
{"timestamp":"2026-06-09T15:17:55.161394Z","level":"error","event":"15:17:55 [INFO] [price] Read 761092 rows from 1254 parquet files","logger":"task.stderr"}
{"timestamp":"2026-06-09T15:20:03.633357Z","level":"error","event":"15:20:03 [INFO] [price] rows_read=761092 inserted=50 updated=761042","logger":"task.stderr"}
{"timestamp":"2026-06-09T15:20:53.563946Z","level":"error","event":"15:20:53 [INFO] [index_price] Read 6255 rows from 1251 parquet files","logger":"task.stderr"}
{"timestamp":"2026-06-09T15:20:55.052467Z","level":"error","event":"15:20:55 [INFO] [index_price] rows_read=6255 inserted=5 updated=6250","logger":"task.stderr"}
{"timestamp":"2026-06-09T15:20:55.134840Z","level":"error","event":"15:20:55 [INFO] [price_board] Read 150 rows from 3 parquet files","logger":"task.stderr"}
{"timestamp":"2026-06-09T15:20:55.221044Z","level":"error","event":"15:20:55 [INFO] [price_board] rows_read=150 inserted=50 updated=100","logger":"task.stderr"}
{"timestamp":"2026-06-09T15:20:55.226322Z","level":"error","event":"15:20:55 [INFO] All datasets loaded successfully.","logger":"task.stderr"}
{"timestamp":"2026-06-09T15:20:55.245507Z","level":"info","event":"[price] rows_read=761092 inserted=50 updated=761042","logger":"task.stdout"}
{"timestamp":"2026-06-09T15:20:55.248290Z","level":"info","event":"[index_price] rows_read=6255 inserted=5 updated=6250","logger":"task.stdout"}
{"timestamp":"2026-06-09T15:20:55.248707Z","level":"info","event":"[price_board] rows_read=150 inserted=50 updated=100","logger":"task.stdout"}
{"timestamp":"2026-06-09T15:20:56.789900Z","level":"info","event":"Done. Returned value was: None","map_index":-1,"ti_id":"019eacf1-3967-7788-9180-e983d307f0db","try_number":1,"dag_id":"structured_daily","run_id":"scheduled__2026-06-09T09:30:00+00:00","task_id":"load_silver","logger":"airflow.task.operators.airflow.providers.standard.operators.python.PythonOperator","filename":"python.py","lineno":233}
{"timestamp":"2026-06-09T15:20:56.813875Z","level":"info","event":"::group::Post Execute","map_index":-1,"ti_id":"019eacf1-3967-7788-9180-e983d307f0db","try_number":1,"dag_id":"structured_daily","run_id":"scheduled__2026-06-09T09:30:00+00:00","task_id":"load_silver","logger":"task","filename":"task_runner.py","lineno":1288}
{"timestamp":"2026-06-09T15:20:57.256663Z","level":"info","event":"Airflow task SUCCESS dag=structured_daily task=load_silver run_id=scheduled__2026-06-09T09:30:00+00:00","logger":"common.callbacks","map_index":-1,"ti_id":"019eacf1-3967-7788-9180-e983d307f0db","try_number":1,"dag_id":"structured_daily","run_id":"scheduled__2026-06-09T09:30:00+00:00","task_id":"load_silver","filename":"callbacks.py","lineno":31}
{"timestamp":"2026-06-09T15:20:57.278483Z","level":"info","event":"::endgroup::","map_index":-1,"ti_id":"019eacf1-3967-7788-9180-e983d307f0db","try_number":1,"dag_id":"structured_daily","run_id":"scheduled__2026-06-09T09:30:00+00:00","task_id":"load_silver","logger":"task","filename":"task_runner.py","lineno":1896}
