{"timestamp":"2026-06-08T15:37:42.926052Z","level":"info","event":"::group::Pre Execute","logger":"task","filename":"task_runner.py","lineno":1926}
{"timestamp":"2026-06-08T15:37:55.196649Z","level":"info","event":"DAG bundles loaded: dags-folder","run_id":"scheduled__2026-06-08T12:00:00+00:00","try_number":1,"dag_id":"gold_full_refresh","ti_id":"019ea7e1-ef2f-7b0d-a94a-ca700eba06f7","map_index":-1,"task_id":"dbt_run_full","logger":"airflow.dag_processing.bundles.manager.DagBundlesManager","filename":"manager.py","lineno":209}
{"timestamp":"2026-06-08T15:37:55.203462Z","level":"info","event":"Filling up the DagBag from /opt/airflow/dags/gold_full_refresh.py","run_id":"scheduled__2026-06-08T12:00:00+00:00","try_number":1,"dag_id":"gold_full_refresh","ti_id":"019ea7e1-ef2f-7b0d-a94a-ca700eba06f7","map_index":-1,"task_id":"dbt_run_full","logger":"airflow.dag_processing.dagbag.BundleDagBag","filename":"dagbag.py","lineno":469}
{"timestamp":"2026-06-08T15:37:55.578342Z","level":"info","event":"::endgroup::","run_id":"scheduled__2026-06-08T12:00:00+00:00","try_number":1,"dag_id":"gold_full_refresh","ti_id":"019ea7e1-ef2f-7b0d-a94a-ca700eba06f7","map_index":-1,"task_id":"dbt_run_full","logger":"task","filename":"task_runner.py","lineno":1727}
{"timestamp":"2026-06-08T15:37:55.588807Z","level":"info","event":"Running: dbt run --project-dir transform/dbt --profiles-dir transform/dbt (cwd=/opt/stock-pipeline)","logger":"common.tasks","run_id":"scheduled__2026-06-08T12:00:00+00:00","try_number":1,"dag_id":"gold_full_refresh","ti_id":"019ea7e1-ef2f-7b0d-a94a-ca700eba06f7","map_index":-1,"task_id":"dbt_run_full","filename":"tasks.py","lineno":66}
{"timestamp":"2026-06-08T15:37:59.843787Z","level":"info","event":"\u001b[0m15:37:59  Running with dbt=1.10.22","logger":"task.stdout"}
{"timestamp":"2026-06-08T15:38:00.512785Z","level":"info","event":"\u001b[0m15:38:00  Registered adapter: postgres=1.10.0","logger":"task.stdout"}
{"timestamp":"2026-06-08T15:38:02.388453Z","level":"info","event":"\u001b[0m15:38:02  Found 24 models, 63 data tests, 8 sources, 476 macros","logger":"task.stdout"}
{"timestamp":"2026-06-08T15:38:02.403660Z","level":"info","event":"\u001b[0m15:38:02","logger":"task.stdout"}
{"timestamp":"2026-06-08T15:38:02.407994Z","level":"info","event":"\u001b[0m15:38:02  Concurrency: 4 threads (target='dev')","logger":"task.stdout"}
{"timestamp":"2026-06-08T15:38:02.409342Z","level":"info","event":"\u001b[0m15:38:02","logger":"task.stdout"}
{"timestamp":"2026-06-08T15:38:03.653407Z","level":"info","event":"\u001b[0m15:38:03  1 of 22 START sql view model gold.stg_company .................................. [RUN]","logger":"task.stdout"}
{"timestamp":"2026-06-08T15:38:03.656407Z","level":"info","event":"\u001b[0m15:38:03  2 of 22 START sql view model gold.stg_financial_ratio .......................... [RUN]","logger":"task.stdout"}
{"timestamp":"2026-06-08T15:38:03.658201Z","level":"info","event":"\u001b[0m15:38:03  3 of 22 START sql view model gold.stg_index_price .............................. [RUN]","logger":"task.stdout"}
{"timestamp":"2026-06-08T15:38:03.726506Z","level":"info","event":"\u001b[0m15:38:03  4 of 22 START sql view model gold.stg_listing .................................. [RUN]","logger":"task.stdout"}
{"timestamp":"2026-06-08T15:38:04.387862Z","level":"info","event":"\u001b[0m15:38:04  4 of 22 OK created sql view model gold.stg_listing ............................. [\u001b[32mCREATE VIEW\u001b[0m in 0.64s]","logger":"task.stdout"}
{"timestamp":"2026-06-08T15:38:04.389443Z","level":"info","event":"\u001b[0m15:38:04  1 of 22 OK created sql view model gold.stg_company ............................. [\u001b[32mCREATE VIEW\u001b[0m in 0.72s]","logger":"task.stdout"}
{"timestamp":"2026-06-08T15:38:04.392972Z","level":"info","event":"\u001b[0m15:38:04  2 of 22 OK created sql view model gold.stg_financial_ratio ..................... [\u001b[32mCREATE VIEW\u001b[0m in 0.71s]","logger":"task.stdout"}
{"timestamp":"2026-06-08T15:38:04.395279Z","level":"info","event":"\u001b[0m15:38:04  3 of 22 OK created sql view model gold.stg_index_price ......................... [\u001b[32mCREATE VIEW\u001b[0m in 0.70s]","logger":"task.stdout"}
{"timestamp":"2026-06-08T15:38:04.406037Z","level":"info","event":"\u001b[0m15:38:04  5 of 22 START sql view model gold.stg_price .................................... [RUN]","logger":"task.stdout"}
{"timestamp":"2026-06-08T15:38:04.409475Z","level":"info","event":"\u001b[0m15:38:04  6 of 22 START sql view model gold.stg_price_board .............................. [RUN]","logger":"task.stdout"}
{"timestamp":"2026-06-08T15:38:04.412090Z","level":"info","event":"\u001b[0m15:38:04  7 of 22 START sql table model gold.mart_bctc_documents ......................... [RUN]","logger":"task.stdout"}
{"timestamp":"2026-06-08T15:38:04.460815Z","level":"info","event":"\u001b[0m15:38:04  8 of 22 START sql table model gold.dim_company ................................. [RUN]","logger":"task.stdout"}
{"timestamp":"2026-06-08T15:38:04.699886Z","level":"info","event":"\u001b[0m15:38:04  5 of 22 OK created sql view model gold.stg_price ............................... [\u001b[32mCREATE VIEW\u001b[0m in 0.29s]","logger":"task.stdout"}
{"timestamp":"2026-06-08T15:38:04.705004Z","level":"info","event":"\u001b[0m15:38:04  9 of 22 START sql table model gold.dim_security ................................ [RUN]","logger":"task.stdout"}
{"timestamp":"2026-06-08T15:38:04.748167Z","level":"info","event":"\u001b[0m15:38:04  6 of 22 OK created sql view model gold.stg_price_board ......................... [\u001b[32mCREATE VIEW\u001b[0m in 0.31s]","logger":"task.stdout"}
{"timestamp":"2026-06-08T15:38:04.773237Z","level":"info","event":"\u001b[0m15:38:04  10 of 22 START sql table model gold.mart_financial_summary ..................... [RUN]","logger":"task.stdout"}
{"timestamp":"2026-06-08T15:38:04.919943Z","level":"info","event":"\u001b[0m15:38:04  7 of 22 OK created sql table model gold.mart_bctc_documents .................... [\u001b[32mSELECT 1188\u001b[0m in 0.48s]","logger":"task.stdout"}
{"timestamp":"2026-06-08T15:38:04.921916Z","level":"info","event":"\u001b[0m15:38:04  8 of 22 OK created sql table model gold.dim_company ............................ [\u001b[32mSELECT 703\u001b[0m in 0.44s]","logger":"task.stdout"}
{"timestamp":"2026-06-08T15:38:04.929879Z","level":"info","event":"\u001b[0m15:38:04  11 of 22 START sql table model gold.fact_index_daily ........................... [RUN]","logger":"task.stdout"}
{"timestamp":"2026-06-08T15:38:04.930826Z","level":"info","event":"\u001b[0m15:38:04  12 of 22 START sql table model gold.fact_news_article .......................... [RUN]","logger":"task.stdout"}
{"timestamp":"2026-06-08T15:38:05.064169Z","level":"info","event":"\u001b[0m15:38:05  9 of 22 OK created sql table model gold.dim_security ........................... [\u001b[32mSELECT 1533\u001b[0m in 0.34s]","logger":"task.stdout"}
{"timestamp":"2026-06-08T15:38:05.076164Z","level":"info","event":"\u001b[0m15:38:05  13 of 22 START sql table model gold.int_news_sentiment_daily ................... [RUN]","logger":"task.stdout"}
{"timestamp":"2026-06-08T15:38:05.424475Z","level":"info","event":"\u001b[0m15:38:05  11 of 22 OK created sql table model gold.fact_index_daily ...................... [\u001b[32mSELECT 6245\u001b[0m in 0.48s]","logger":"task.stdout"}
{"timestamp":"2026-06-08T15:38:05.436870Z","level":"info","event":"\u001b[0m15:38:05  14 of 22 START sql table model gold.int_price_indicator ........................ [RUN]","logger":"task.stdout"}
{"timestamp":"2026-06-08T15:38:05.664749Z","level":"info","event":"\u001b[0m15:38:05  13 of 22 OK created sql table model gold.int_news_sentiment_daily .............. [\u001b[32mSELECT 439\u001b[0m in 0.58s]","logger":"task.stdout"}
{"timestamp":"2026-06-08T15:38:05.900227Z","level":"info","event":"\u001b[0m15:38:05  15 of 22 START sql table model gold.mart_price_board ........................... [RUN]","logger":"task.stdout"}
{"timestamp":"2026-06-08T15:38:05.922821Z","level":"info","event":"\u001b[0m15:38:05  12 of 22 OK created sql table model gold.fact_news_article ..................... [\u001b[32mSELECT 567\u001b[0m in 0.97s]","logger":"task.stdout"}
{"timestamp":"2026-06-08T15:38:05.929805Z","level":"info","event":"\u001b[0m15:38:05  16 of 22 START sql table model gold.mart_stock_news_daily ...................... [RUN]","logger":"task.stdout"}
{"timestamp":"2026-06-08T15:38:07.174110Z","level":"info","event":"\u001b[0m15:38:07  16 of 22 OK created sql table model gold.mart_stock_news_daily ................. [\u001b[32mSELECT 439\u001b[0m in 1.19s]","logger":"task.stdout"}
{"timestamp":"2026-06-08T15:38:07.192762Z","level":"info","event":"\u001b[0m15:38:07  15 of 22 OK created sql table model gold.mart_price_board ...................... [\u001b[32mSELECT 1170\u001b[0m in 1.43s]","logger":"task.stdout"}
{"timestamp":"2026-06-08T15:38:07.208496Z","level":"info","event":"\u001b[0m15:38:07  17 of 22 START sql table model gold.mart_stock_news_signal ..................... [RUN]","logger":"task.stdout"}
{"timestamp":"2026-06-08T15:38:07.733323Z","level":"info","event":"\u001b[0m15:38:07  17 of 22 OK created sql table model gold.mart_stock_news_signal ................ [\u001b[32mSELECT 440\u001b[0m in 0.52s]","logger":"task.stdout"}
{"timestamp":"2026-06-08T15:38:07.771191Z","level":"info","event":"\u001b[0m15:38:07  10 of 22 OK created sql table model gold.mart_financial_summary ................ [\u001b[32mSELECT 10545\u001b[0m in 2.98s]","logger":"task.stdout"}
{"timestamp":"2026-06-08T15:38:33.860106Z","level":"info","event":"\u001b[0m15:38:33  14 of 22 OK created sql table model gold.int_price_indicator ................... [\u001b[32mSELECT 760992\u001b[0m in 28.41s]","logger":"task.stdout"}
{"timestamp":"2026-06-08T15:38:33.888043Z","level":"info","event":"\u001b[0m15:38:33  18 of 22 START sql table model gold.fact_price_daily ........................... [RUN]","logger":"task.stdout"}
{"timestamp":"2026-06-08T15:38:45.351136Z","level":"info","event":"\u001b[0m15:38:45  18 of 22 OK created sql table model gold.fact_price_daily ...................... [\u001b[32mSELECT 760992\u001b[0m in 11.46s]","logger":"task.stdout"}
{"timestamp":"2026-06-08T15:38:45.374447Z","level":"info","event":"\u001b[0m15:38:45  19 of 22 START sql table model gold.mart_company_profile ....................... [RUN]","logger":"task.stdout"}
{"timestamp":"2026-06-08T15:38:45.375479Z","level":"info","event":"\u001b[0m15:38:45  20 of 22 START sql table model gold.mart_market_overview ....................... [RUN]","logger":"task.stdout"}
{"timestamp":"2026-06-08T15:38:45.379695Z","level":"info","event":"\u001b[0m15:38:45  21 of 22 START sql table model gold.mart_stock_daily ........................... [RUN]","logger":"task.stdout"}
{"timestamp":"2026-06-08T15:38:59.916890Z","level":"info","event":"\u001b[0m15:38:59  21 of 22 OK created sql table model gold.mart_stock_daily ...................... [\u001b[32mSELECT 760992\u001b[0m in 14.50s]","logger":"task.stdout"}
{"timestamp":"2026-06-08T15:39:02.214607Z","level":"info","event":"\u001b[0m15:39:02  19 of 22 OK created sql table model gold.mart_company_profile .................. [\u001b[32mSELECT 703\u001b[0m in 16.84s]","logger":"task.stdout"}
{"timestamp":"2026-06-08T15:39:02.255122Z","level":"info","event":"\u001b[0m15:39:02  22 of 22 START sql table model gold.mart_ticker_directory ...................... [RUN]","logger":"task.stdout"}
{"timestamp":"2026-06-08T15:39:03.235036Z","level":"info","event":"\u001b[0m15:39:03  22 of 22 OK created sql table model gold.mart_ticker_directory ................. [\u001b[32mSELECT 1571\u001b[0m in 1.00s]","logger":"task.stdout"}
{"timestamp":"2026-06-08T15:46:13.273481Z","level":"info","event":"\u001b[0m15:46:13  20 of 22 OK created sql table model gold.mart_market_overview .................. [\u001b[32mSELECT 1249\u001b[0m in 447.86s]","logger":"task.stdout"}
{"timestamp":"2026-06-08T15:46:13.468442Z","level":"info","event":"\u001b[0m15:46:13","logger":"task.stdout"}
{"timestamp":"2026-06-08T15:46:13.471287Z","level":"info","event":"\u001b[0m15:46:13  Finished running 16 table models, 6 view models in 0 hours 8 minutes and 11.05 seconds (491.05s).","logger":"task.stdout"}
{"timestamp":"2026-06-08T15:46:14.723145Z","level":"info","event":"\u001b[0m15:46:14","logger":"task.stdout"}
{"timestamp":"2026-06-08T15:46:14.727883Z","level":"info","event":"\u001b[0m15:46:14  \u001b[32mCompleted successfully\u001b[0m","logger":"task.stdout"}
{"timestamp":"2026-06-08T15:46:14.729131Z","level":"info","event":"\u001b[0m15:46:14","logger":"task.stdout"}
{"timestamp":"2026-06-08T15:46:14.735385Z","level":"info","event":"\u001b[0m15:46:14  Done. PASS=22 WARN=0 ERROR=0 SKIP=0 NO-OP=0 TOTAL=22","logger":"task.stdout"}
{"timestamp":"2026-06-08T15:47:18.554298Z","level":"info","event":"Done. Returned value was: None","run_id":"scheduled__2026-06-08T12:00:00+00:00","try_number":1,"dag_id":"gold_full_refresh","ti_id":"019ea7e1-ef2f-7b0d-a94a-ca700eba06f7","map_index":-1,"task_id":"dbt_run_full","logger":"airflow.task.operators.airflow.providers.standard.operators.python.PythonOperator","filename":"python.py","lineno":233}
{"timestamp":"2026-06-08T15:47:22.389552Z","level":"info","event":"::group::Post Execute","run_id":"scheduled__2026-06-08T12:00:00+00:00","try_number":1,"dag_id":"gold_full_refresh","ti_id":"019ea7e1-ef2f-7b0d-a94a-ca700eba06f7","map_index":-1,"task_id":"dbt_run_full","logger":"task","filename":"task_runner.py","lineno":1288}
{"timestamp":"2026-06-08T15:47:57.532805Z","level":"error","event":"Server indicated the task shouldn't be running anymore. Terminating process","detail":{"reason":"not_running","message":"TI is no longer in the running state and task should terminate","current_state":"success"},"logger":"task"}
{"timestamp":"2026-06-08T15:47:57.541973Z","level":"error","event":"Failed to report terminal task state to supervisor","state":"success","run_id":"scheduled__2026-06-08T12:00:00+00:00","try_number":1,"dag_id":"gold_full_refresh","ti_id":"019ea7e1-ef2f-7b0d-a94a-ca700eba06f7","map_index":-1,"task_id":"dbt_run_full","logger":"task","filename":"task_runner.py","lineno":1401,"error_detail":[{"exc_type":"AirflowRuntimeError","exc_value":"API_SERVER_ERROR: {'status_code': 409, 'message': 'Server returned error', 'detail': {'detail': {'reason': 'invalid_state', 'message': 'TI was not in the running state so it cannot be updated', 'previous_state': 'success'}}}","exc_notes":[],"syntax_error":null,"is_cause":false,"frames":[{"filename":"/home/airflow/.local/lib/python3.12/site-packages/airflow/sdk/execution_time/task_runner.py","lineno":1399,"name":"run"},{"filename":"/home/airflow/.local/lib/python3.12/site-packages/airflow/sdk/execution_time/comms.py","lineno":219,"name":"send"},{"filename":"/home/airflow/.local/lib/python3.12/site-packages/airflow/sdk/execution_time/comms.py","lineno":313,"name":"_get_response"},{"filename":"/home/airflow/.local/lib/python3.12/site-packages/airflow/sdk/execution_time/comms.py","lineno":300,"name":"_from_frame"}],"is_group":false,"exceptions":[]}]}
{"timestamp":"2026-06-08T15:47:59.857830Z","level":"info","event":"Airflow task SUCCESS dag=gold_full_refresh task=dbt_run_full run_id=scheduled__2026-06-08T12:00:00+00:00","logger":"common.callbacks","run_id":"scheduled__2026-06-08T12:00:00+00:00","try_number":1,"dag_id":"gold_full_refresh","ti_id":"019ea7e1-ef2f-7b0d-a94a-ca700eba06f7","map_index":-1,"task_id":"dbt_run_full","filename":"callbacks.py","lineno":31}
{"timestamp":"2026-06-08T15:47:59.915192Z","level":"info","event":"::endgroup::","run_id":"scheduled__2026-06-08T12:00:00+00:00","try_number":1,"dag_id":"gold_full_refresh","ti_id":"019ea7e1-ef2f-7b0d-a94a-ca700eba06f7","map_index":-1,"task_id":"dbt_run_full","logger":"task","filename":"task_runner.py","lineno":1896}
{"timestamp":"2026-06-08T15:48:03.383885Z","level":"error","event":"Task killed!","logger":"task"}
