{"timestamp":"2026-06-08T02:10:38.857054Z","level":"info","event":"::group::Pre Execute","logger":"task","filename":"task_runner.py","lineno":1926}
{"timestamp":"2026-06-08T02:10:38.873541Z","level":"info","event":"DAG bundles loaded: dags-folder","run_id":"scheduled__2026-06-07T23:00:00+00:00","task_id":"dbt_marts","try_number":1,"dag_id":"news_daily","map_index":-1,"ti_id":"019ea4f4-88c8-7208-8bf3-92c060b8b552","logger":"airflow.dag_processing.bundles.manager.DagBundlesManager","filename":"manager.py","lineno":209}
{"timestamp":"2026-06-08T02:10:38.875278Z","level":"info","event":"Filling up the DagBag from /opt/airflow/dags/news_daily.py","run_id":"scheduled__2026-06-07T23:00:00+00:00","task_id":"dbt_marts","try_number":1,"dag_id":"news_daily","map_index":-1,"ti_id":"019ea4f4-88c8-7208-8bf3-92c060b8b552","logger":"airflow.dag_processing.dagbag.BundleDagBag","filename":"dagbag.py","lineno":469}
{"timestamp":"2026-06-08T02:10:38.957320Z","level":"info","event":"::endgroup::","run_id":"scheduled__2026-06-07T23:00:00+00:00","task_id":"dbt_marts","try_number":1,"dag_id":"news_daily","map_index":-1,"ti_id":"019ea4f4-88c8-7208-8bf3-92c060b8b552","logger":"task","filename":"task_runner.py","lineno":1727}
{"timestamp":"2026-06-08T02:10:38.960956Z","level":"info","event":"Running: dbt run --project-dir transform/dbt --profiles-dir transform/dbt --select +mart_stock_news_signal +fact_news_article (cwd=/opt/stock-pipeline)","logger":"common.tasks","run_id":"scheduled__2026-06-07T23:00:00+00:00","task_id":"dbt_marts","try_number":1,"dag_id":"news_daily","map_index":-1,"ti_id":"019ea4f4-88c8-7208-8bf3-92c060b8b552","filename":"tasks.py","lineno":66}
{"timestamp":"2026-06-08T02:10:41.397844Z","level":"info","event":"\u001b[0m02:10:41  Running with dbt=1.10.22","logger":"task.stdout"}
{"timestamp":"2026-06-08T02:10:41.803133Z","level":"info","event":"\u001b[0m02:10:41  Registered adapter: postgres=1.10.0","logger":"task.stdout"}
{"timestamp":"2026-06-08T02:10:42.604150Z","level":"info","event":"\u001b[0m02:10:42  Found 24 models, 63 data tests, 8 sources, 476 macros","logger":"task.stdout"}
{"timestamp":"2026-06-08T02:10:42.609452Z","level":"info","event":"\u001b[0m02:10:42","logger":"task.stdout"}
{"timestamp":"2026-06-08T02:10:42.610125Z","level":"info","event":"\u001b[0m02:10:42  Concurrency: 4 threads (target='dev')","logger":"task.stdout"}
{"timestamp":"2026-06-08T02:10:42.610609Z","level":"info","event":"\u001b[0m02:10:42","logger":"task.stdout"}
{"timestamp":"2026-06-08T02:10:42.989605Z","level":"info","event":"\u001b[0m02:10:42  1 of 2 START sql table model gold.fact_news_article ............................ [RUN]","logger":"task.stdout"}
{"timestamp":"2026-06-08T02:10:43.464729Z","level":"info","event":"\u001b[0m02:10:43  1 of 2 OK created sql table model gold.fact_news_article ....................... [\u001b[32mSELECT 567\u001b[0m in 0.47s]","logger":"task.stdout"}
{"timestamp":"2026-06-08T02:10:43.467436Z","level":"info","event":"\u001b[0m02:10:43  2 of 2 START sql table model gold.mart_stock_news_signal ....................... [RUN]","logger":"task.stdout"}
{"timestamp":"2026-06-08T02:10:43.691648Z","level":"info","event":"\u001b[0m02:10:43  2 of 2 OK created sql table model gold.mart_stock_news_signal .................. [\u001b[32mSELECT 440\u001b[0m in 0.22s]","logger":"task.stdout"}
{"timestamp":"2026-06-08T02:10:43.714956Z","level":"info","event":"\u001b[0m02:10:43","logger":"task.stdout"}
{"timestamp":"2026-06-08T02:10:43.715707Z","level":"info","event":"\u001b[0m02:10:43  Finished running 2 table models in 0 hours 0 minutes and 1.10 seconds (1.10s).","logger":"task.stdout"}
{"timestamp":"2026-06-08T02:10:43.790101Z","level":"info","event":"\u001b[0m02:10:43","logger":"task.stdout"}
{"timestamp":"2026-06-08T02:10:43.790756Z","level":"info","event":"\u001b[0m02:10:43  \u001b[32mCompleted successfully\u001b[0m","logger":"task.stdout"}
{"timestamp":"2026-06-08T02:10:43.791305Z","level":"info","event":"\u001b[0m02:10:43","logger":"task.stdout"}
{"timestamp":"2026-06-08T02:10:43.791805Z","level":"info","event":"\u001b[0m02:10:43  Done. PASS=2 WARN=0 ERROR=0 SKIP=0 NO-OP=0 TOTAL=2","logger":"task.stdout"}
{"timestamp":"2026-06-08T02:10:45.277319Z","level":"info","event":"Done. Returned value was: None","run_id":"scheduled__2026-06-07T23:00:00+00:00","task_id":"dbt_marts","try_number":1,"dag_id":"news_daily","map_index":-1,"ti_id":"019ea4f4-88c8-7208-8bf3-92c060b8b552","logger":"airflow.task.operators.airflow.providers.standard.operators.python.PythonOperator","filename":"python.py","lineno":233}
{"timestamp":"2026-06-08T02:10:45.277785Z","level":"info","event":"::group::Post Execute","run_id":"scheduled__2026-06-07T23:00:00+00:00","task_id":"dbt_marts","try_number":1,"dag_id":"news_daily","map_index":-1,"ti_id":"019ea4f4-88c8-7208-8bf3-92c060b8b552","logger":"task","filename":"task_runner.py","lineno":1288}
{"timestamp":"2026-06-08T02:10:45.304863Z","level":"info","event":"Airflow task SUCCESS dag=news_daily task=dbt_marts run_id=scheduled__2026-06-07T23:00:00+00:00","logger":"common.callbacks","run_id":"scheduled__2026-06-07T23:00:00+00:00","task_id":"dbt_marts","try_number":1,"dag_id":"news_daily","map_index":-1,"ti_id":"019ea4f4-88c8-7208-8bf3-92c060b8b552","filename":"callbacks.py","lineno":31}
{"timestamp":"2026-06-08T02:10:45.305054Z","level":"info","event":"::endgroup::","run_id":"scheduled__2026-06-07T23:00:00+00:00","task_id":"dbt_marts","try_number":1,"dag_id":"news_daily","map_index":-1,"ti_id":"019ea4f4-88c8-7208-8bf3-92c060b8b552","logger":"task","filename":"task_runner.py","lineno":1896}
