{"timestamp":"2026-06-08T16:36:16.561608Z","level":"info","event":"::group::Pre Execute","logger":"task","filename":"task_runner.py","lineno":1926}
{"timestamp":"2026-06-08T16:36:16.646792Z","level":"info","event":"DAG bundles loaded: dags-folder","run_id":"manual__2026-06-08T16:31:37.075214+00:00","try_number":1,"dag_id":"structured_daily","task_id":"dbt_marts","map_index":-1,"ti_id":"019ea813-4aee-7551-8669-358a3544c42d","logger":"airflow.dag_processing.bundles.manager.DagBundlesManager","filename":"manager.py","lineno":209}
{"timestamp":"2026-06-08T16:36:16.654055Z","level":"info","event":"Filling up the DagBag from /opt/airflow/dags/structured_daily.py","run_id":"manual__2026-06-08T16:31:37.075214+00:00","try_number":1,"dag_id":"structured_daily","task_id":"dbt_marts","map_index":-1,"ti_id":"019ea813-4aee-7551-8669-358a3544c42d","logger":"airflow.dag_processing.dagbag.BundleDagBag","filename":"dagbag.py","lineno":469}
{"timestamp":"2026-06-08T16:36:17.075880Z","level":"info","event":"::endgroup::","run_id":"manual__2026-06-08T16:31:37.075214+00:00","try_number":1,"dag_id":"structured_daily","task_id":"dbt_marts","map_index":-1,"ti_id":"019ea813-4aee-7551-8669-358a3544c42d","logger":"task","filename":"task_runner.py","lineno":1727}
{"timestamp":"2026-06-08T16:36:17.083574Z","level":"info","event":"Running: dbt run --project-dir transform/dbt --profiles-dir transform/dbt --select +mart_stock_daily +mart_price_board +mart_market_overview (cwd=/opt/stock-pipeline)","logger":"common.tasks","run_id":"manual__2026-06-08T16:31:37.075214+00:00","try_number":1,"dag_id":"structured_daily","task_id":"dbt_marts","map_index":-1,"ti_id":"019ea813-4aee-7551-8669-358a3544c42d","filename":"tasks.py","lineno":66}
{"timestamp":"2026-06-08T16:36:20.436895Z","level":"info","event":"\u001b[0m16:36:20  Running with dbt=1.10.22","logger":"task.stdout"}
{"timestamp":"2026-06-08T16:36:20.866773Z","level":"info","event":"\u001b[0m16:36:20  Registered adapter: postgres=1.10.0","logger":"task.stdout"}
{"timestamp":"2026-06-08T16:36:21.754910Z","level":"info","event":"\u001b[0m16:36:21  Found 24 models, 63 data tests, 8 sources, 476 macros","logger":"task.stdout"}
{"timestamp":"2026-06-08T16:36:21.764234Z","level":"info","event":"\u001b[0m16:36:21","logger":"task.stdout"}
{"timestamp":"2026-06-08T16:36:21.764699Z","level":"info","event":"\u001b[0m16:36:21  Concurrency: 4 threads (target='dev')","logger":"task.stdout"}
{"timestamp":"2026-06-08T16:36:21.765003Z","level":"info","event":"\u001b[0m16:36:21","logger":"task.stdout"}
{"timestamp":"2026-06-08T16:36:22.067453Z","level":"info","event":"\u001b[0m16:36:22  1 of 11 START sql view model gold.stg_index_price .............................. [RUN]","logger":"task.stdout"}
{"timestamp":"2026-06-08T16:36:22.069498Z","level":"info","event":"\u001b[0m16:36:22  2 of 11 START sql view model gold.stg_price .................................... [RUN]","logger":"task.stdout"}
{"timestamp":"2026-06-08T16:36:22.070232Z","level":"info","event":"\u001b[0m16:36:22  3 of 11 START sql view model gold.stg_price_board .............................. [RUN]","logger":"task.stdout"}
{"timestamp":"2026-06-08T16:36:22.103482Z","level":"info","event":"\u001b[0m16:36:22  4 of 11 START sql table model gold.fact_news_article ........................... [RUN]","logger":"task.stdout"}
{"timestamp":"2026-06-08T16:36:22.367725Z","level":"info","event":"\u001b[0m16:36:22  1 of 11 OK created sql view model gold.stg_index_price ......................... [\u001b[32mCREATE VIEW\u001b[0m in 0.28s]","logger":"task.stdout"}
{"timestamp":"2026-06-08T16:36:22.368837Z","level":"info","event":"\u001b[0m16:36:22  3 of 11 OK created sql view model gold.stg_price_board ......................... [\u001b[32mCREATE VIEW\u001b[0m in 0.29s]","logger":"task.stdout"}
{"timestamp":"2026-06-08T16:36:22.369903Z","level":"info","event":"\u001b[0m16:36:22  2 of 11 OK created sql view model gold.stg_price ............................... [\u001b[32mCREATE VIEW\u001b[0m in 0.29s]","logger":"task.stdout"}
{"timestamp":"2026-06-08T16:36:22.382071Z","level":"info","event":"\u001b[0m16:36:22  5 of 11 START sql table model gold.fact_index_daily ............................ [RUN]","logger":"task.stdout"}
{"timestamp":"2026-06-08T16:36:22.382438Z","level":"info","event":"\u001b[0m16:36:22  6 of 11 START sql table model gold.mart_price_board ............................ [RUN]","logger":"task.stdout"}
{"timestamp":"2026-06-08T16:36:22.382670Z","level":"info","event":"\u001b[0m16:36:22  7 of 11 START sql table model gold.int_price_indicator ......................... [RUN]","logger":"task.stdout"}
{"timestamp":"2026-06-08T16:36:22.571326Z","level":"info","event":"\u001b[0m16:36:22  5 of 11 OK created sql table model gold.fact_index_daily ....................... [\u001b[32mSELECT 6250\u001b[0m in 0.19s]","logger":"task.stdout"}
{"timestamp":"2026-06-08T16:36:22.572646Z","level":"info","event":"\u001b[0m16:36:22  6 of 11 OK created sql table model gold.mart_price_board ....................... [\u001b[32mSELECT 1220\u001b[0m in 0.19s]","logger":"task.stdout"}
{"timestamp":"2026-06-08T16:36:22.596579Z","level":"info","event":"\u001b[0m16:36:22  4 of 11 OK created sql table model gold.fact_news_article ...................... [\u001b[32mSELECT 567\u001b[0m in 0.49s]","logger":"task.stdout"}
{"timestamp":"2026-06-08T16:36:22.599101Z","level":"info","event":"\u001b[0m16:36:22  8 of 11 START sql table model gold.mart_stock_news_signal ...................... [RUN]","logger":"task.stdout"}
{"timestamp":"2026-06-08T16:36:22.765275Z","level":"info","event":"\u001b[0m16:36:22  8 of 11 OK created sql table model gold.mart_stock_news_signal ................. [\u001b[32mSELECT 440\u001b[0m in 0.16s]","logger":"task.stdout"}
{"timestamp":"2026-06-08T16:36:38.131984Z","level":"info","event":"\u001b[0m16:36:38  7 of 11 OK created sql table model gold.int_price_indicator .................... [\u001b[32mSELECT 761042\u001b[0m in 15.75s]","logger":"task.stdout"}
{"timestamp":"2026-06-08T16:36:38.134723Z","level":"info","event":"\u001b[0m16:36:38  9 of 11 START sql table model gold.fact_price_daily ............................ [RUN]","logger":"task.stdout"}
{"timestamp":"2026-06-08T16:36:48.551237Z","level":"info","event":"\u001b[0m16:36:48  9 of 11 OK created sql table model gold.fact_price_daily ....................... [\u001b[32mSELECT 761042\u001b[0m in 10.41s]","logger":"task.stdout"}
{"timestamp":"2026-06-08T16:36:48.554892Z","level":"info","event":"\u001b[0m16:36:48  10 of 11 START sql table model gold.mart_market_overview ....................... [RUN]","logger":"task.stdout"}
{"timestamp":"2026-06-08T16:36:48.555533Z","level":"info","event":"\u001b[0m16:36:48  11 of 11 START sql table model gold.mart_stock_daily ........................... [RUN]","logger":"task.stdout"}
{"timestamp":"2026-06-08T16:37:07.938645Z","level":"info","event":"\u001b[0m16:37:07  11 of 11 OK created sql table model gold.mart_stock_daily ...................... [\u001b[32mSELECT 761042\u001b[0m in 19.38s]","logger":"task.stdout"}
{"timestamp":"2026-06-08T16:42:49.931719Z","level":"info","event":"\u001b[0m16:42:49  10 of 11 OK created sql table model gold.mart_market_overview .................. [\u001b[32mSELECT 1250\u001b[0m in 361.30s]","logger":"task.stdout"}
{"timestamp":"2026-06-08T16:42:50.167817Z","level":"info","event":"\u001b[0m16:42:50","logger":"task.stdout"}
{"timestamp":"2026-06-08T16:42:50.173887Z","level":"info","event":"\u001b[0m16:42:50  Finished running 8 table models, 3 view models in 0 hours 6 minutes and 28.39 seconds (388.39s).","logger":"task.stdout"}
{"timestamp":"2026-06-08T16:42:50.733347Z","level":"info","event":"\u001b[0m16:42:50","logger":"task.stdout"}
{"timestamp":"2026-06-08T16:42:50.736604Z","level":"info","event":"\u001b[0m16:42:50  \u001b[32mCompleted successfully\u001b[0m","logger":"task.stdout"}
{"timestamp":"2026-06-08T16:42:50.737725Z","level":"info","event":"\u001b[0m16:42:50","logger":"task.stdout"}
{"timestamp":"2026-06-08T16:42:50.741983Z","level":"info","event":"\u001b[0m16:42:50  Done. PASS=11 WARN=0 ERROR=0 SKIP=0 NO-OP=0 TOTAL=11","logger":"task.stdout"}
{"timestamp":"2026-06-08T16:42:56.739280Z","level":"info","event":"Done. Returned value was: None","run_id":"manual__2026-06-08T16:31:37.075214+00:00","try_number":1,"dag_id":"structured_daily","task_id":"dbt_marts","map_index":-1,"ti_id":"019ea813-4aee-7551-8669-358a3544c42d","logger":"airflow.task.operators.airflow.providers.standard.operators.python.PythonOperator","filename":"python.py","lineno":233}
{"timestamp":"2026-06-08T16:42:56.777059Z","level":"info","event":"::group::Post Execute","run_id":"manual__2026-06-08T16:31:37.075214+00:00","try_number":1,"dag_id":"structured_daily","task_id":"dbt_marts","map_index":-1,"ti_id":"019ea813-4aee-7551-8669-358a3544c42d","logger":"task","filename":"task_runner.py","lineno":1288}
{"timestamp":"2026-06-08T16:42:57.042705Z","level":"info","event":"Airflow task SUCCESS dag=structured_daily task=dbt_marts run_id=manual__2026-06-08T16:31:37.075214+00:00","logger":"common.callbacks","run_id":"manual__2026-06-08T16:31:37.075214+00:00","try_number":1,"dag_id":"structured_daily","task_id":"dbt_marts","map_index":-1,"ti_id":"019ea813-4aee-7551-8669-358a3544c42d","filename":"callbacks.py","lineno":31}
{"timestamp":"2026-06-08T16:42:57.054623Z","level":"info","event":"::endgroup::","run_id":"manual__2026-06-08T16:31:37.075214+00:00","try_number":1,"dag_id":"structured_daily","task_id":"dbt_marts","map_index":-1,"ti_id":"019ea813-4aee-7551-8669-358a3544c42d","logger":"task","filename":"task_runner.py","lineno":1896}
