{"timestamp":"2026-06-07T16:09:28.233567Z","level":"info","event":"::group::Pre Execute","logger":"task","filename":"task_runner.py","lineno":1926}
{"timestamp":"2026-06-07T16:09:28.277997Z","level":"info","event":"DAG bundles loaded: dags-folder","run_id":"scheduled__2026-06-01T10:00:00+00:00","ti_id":"019ea2c6-1d3e-7b9b-b6ce-0e6b32301a23","dag_id":"structured_monthly","task_id":"dbt_marts","map_index":-1,"try_number":1,"logger":"airflow.dag_processing.bundles.manager.DagBundlesManager","filename":"manager.py","lineno":209}
{"timestamp":"2026-06-07T16:09:28.283680Z","level":"info","event":"Filling up the DagBag from /opt/airflow/dags/structured_monthly.py","run_id":"scheduled__2026-06-01T10:00:00+00:00","ti_id":"019ea2c6-1d3e-7b9b-b6ce-0e6b32301a23","dag_id":"structured_monthly","task_id":"dbt_marts","map_index":-1,"try_number":1,"logger":"airflow.dag_processing.dagbag.BundleDagBag","filename":"dagbag.py","lineno":469}
{"timestamp":"2026-06-07T16:09:28.554273Z","level":"info","event":"::endgroup::","run_id":"scheduled__2026-06-01T10:00:00+00:00","ti_id":"019ea2c6-1d3e-7b9b-b6ce-0e6b32301a23","dag_id":"structured_monthly","task_id":"dbt_marts","map_index":-1,"try_number":1,"logger":"task","filename":"task_runner.py","lineno":1727}
{"timestamp":"2026-06-07T16:09:28.560636Z","level":"info","event":"Running: dbt run --project-dir transform/dbt --profiles-dir transform/dbt --select +mart_financial_summary +mart_company_profile (cwd=/opt/stock-pipeline)","logger":"common.tasks","run_id":"scheduled__2026-06-01T10:00:00+00:00","ti_id":"019ea2c6-1d3e-7b9b-b6ce-0e6b32301a23","dag_id":"structured_monthly","task_id":"dbt_marts","map_index":-1,"try_number":1,"filename":"tasks.py","lineno":66}
{"timestamp":"2026-06-07T16:09:30.944666Z","level":"info","event":"\u001b[0m16:09:30  Running with dbt=1.10.22","logger":"task.stdout"}
{"timestamp":"2026-06-07T16:09:31.264035Z","level":"info","event":"\u001b[0m16:09:31  Registered adapter: postgres=1.10.0","logger":"task.stdout"}
{"timestamp":"2026-06-07T16:09:32.939581Z","level":"info","event":"\u001b[0m16:09:32  Found 24 models, 63 data tests, 8 sources, 476 macros","logger":"task.stdout"}
{"timestamp":"2026-06-07T16:09:32.944787Z","level":"info","event":"\u001b[0m16:09:32","logger":"task.stdout"}
{"timestamp":"2026-06-07T16:09:32.945672Z","level":"info","event":"\u001b[0m16:09:32  Concurrency: 4 threads (target='dev')","logger":"task.stdout"}
{"timestamp":"2026-06-07T16:09:32.946417Z","level":"info","event":"\u001b[0m16:09:32","logger":"task.stdout"}
{"timestamp":"2026-06-07T16:09:33.231684Z","level":"info","event":"\u001b[0m16:09:33  1 of 9 START sql view model gold.stg_company ................................... [RUN]","logger":"task.stdout"}
{"timestamp":"2026-06-07T16:09:33.232868Z","level":"info","event":"\u001b[0m16:09:33  2 of 9 START sql view model gold.stg_financial_ratio ........................... [RUN]","logger":"task.stdout"}
{"timestamp":"2026-06-07T16:09:33.233669Z","level":"info","event":"\u001b[0m16:09:33  3 of 9 START sql view model gold.stg_listing ................................... [RUN]","logger":"task.stdout"}
{"timestamp":"2026-06-07T16:09:33.235174Z","level":"info","event":"\u001b[0m16:09:33  4 of 9 START sql view model gold.stg_price ..................................... [RUN]","logger":"task.stdout"}
{"timestamp":"2026-06-07T16:09:33.536991Z","level":"info","event":"\u001b[0m16:09:33  1 of 9 OK created sql view model gold.stg_company .............................. [\u001b[32mCREATE VIEW\u001b[0m in 0.29s]","logger":"task.stdout"}
{"timestamp":"2026-06-07T16:09:33.545417Z","level":"info","event":"\u001b[0m16:09:33  2 of 9 OK created sql view model gold.stg_financial_ratio ...................... [\u001b[32mCREATE VIEW\u001b[0m in 0.30s]","logger":"task.stdout"}
{"timestamp":"2026-06-07T16:09:33.545786Z","level":"info","event":"\u001b[0m16:09:33  3 of 9 OK created sql view model gold.stg_listing .............................. [\u001b[32mCREATE VIEW\u001b[0m in 0.30s]","logger":"task.stdout"}
{"timestamp":"2026-06-07T16:09:33.546091Z","level":"info","event":"\u001b[0m16:09:33  4 of 9 OK created sql view model gold.stg_price ................................ [\u001b[32mCREATE VIEW\u001b[0m in 0.30s]","logger":"task.stdout"}
{"timestamp":"2026-06-07T16:09:33.548814Z","level":"info","event":"\u001b[0m16:09:33  5 of 9 START sql table model gold.mart_financial_summary ....................... [RUN]","logger":"task.stdout"}
{"timestamp":"2026-06-07T16:09:33.549598Z","level":"info","event":"\u001b[0m16:09:33  6 of 9 START sql table model gold.dim_company .................................. [RUN]","logger":"task.stdout"}
{"timestamp":"2026-06-07T16:09:33.550220Z","level":"info","event":"\u001b[0m16:09:33  7 of 9 START sql table model gold.int_price_indicator .......................... [RUN]","logger":"task.stdout"}
{"timestamp":"2026-06-07T16:09:33.811819Z","level":"info","event":"\u001b[0m16:09:33  6 of 9 OK created sql table model gold.dim_company ............................. [\u001b[32mSELECT 703\u001b[0m in 0.26s]","logger":"task.stdout"}
{"timestamp":"2026-06-07T16:09:34.369980Z","level":"info","event":"\u001b[0m16:09:34  5 of 9 OK created sql table model gold.mart_financial_summary .................. [\u001b[32mSELECT 10545\u001b[0m in 0.82s]","logger":"task.stdout"}
{"timestamp":"2026-06-07T16:10:00.608513Z","level":"info","event":"\u001b[0m16:10:00  7 of 9 OK created sql table model gold.int_price_indicator ..................... [\u001b[32mSELECT 760992\u001b[0m in 27.05s]","logger":"task.stdout"}
{"timestamp":"2026-06-07T16:10:00.612534Z","level":"info","event":"\u001b[0m16:10:00  8 of 9 START sql table model gold.fact_price_daily ............................. [RUN]","logger":"task.stdout"}
{"timestamp":"2026-06-07T16:10:16.090486Z","level":"info","event":"\u001b[0m16:10:16  8 of 9 OK created sql table model gold.fact_price_daily ........................ [\u001b[32mSELECT 760992\u001b[0m in 15.48s]","logger":"task.stdout"}
{"timestamp":"2026-06-07T16:10:16.093679Z","level":"info","event":"\u001b[0m16:10:16  9 of 9 START sql table model gold.mart_company_profile ......................... [RUN]","logger":"task.stdout"}
{"timestamp":"2026-06-07T16:10:19.947565Z","level":"info","event":"\u001b[0m16:10:19  9 of 9 OK created sql table model gold.mart_company_profile .................... [\u001b[32mSELECT 703\u001b[0m in 3.85s]","logger":"task.stdout"}
{"timestamp":"2026-06-07T16:10:19.971532Z","level":"info","event":"\u001b[0m16:10:19","logger":"task.stdout"}
{"timestamp":"2026-06-07T16:10:19.972123Z","level":"info","event":"\u001b[0m16:10:19  Finished running 5 table models, 4 view models in 0 hours 0 minutes and 47.02 seconds (47.02s).","logger":"task.stdout"}
{"timestamp":"2026-06-07T16:10:20.052043Z","level":"info","event":"\u001b[0m16:10:20","logger":"task.stdout"}
{"timestamp":"2026-06-07T16:10:20.052727Z","level":"info","event":"\u001b[0m16:10:20  \u001b[32mCompleted successfully\u001b[0m","logger":"task.stdout"}
{"timestamp":"2026-06-07T16:10:20.053283Z","level":"info","event":"\u001b[0m16:10:20","logger":"task.stdout"}
{"timestamp":"2026-06-07T16:10:20.053812Z","level":"info","event":"\u001b[0m16:10:20  Done. PASS=9 WARN=0 ERROR=0 SKIP=0 NO-OP=0 TOTAL=9","logger":"task.stdout"}
{"timestamp":"2026-06-07T16:10:22.590340Z","level":"info","event":"Done. Returned value was: None","run_id":"scheduled__2026-06-01T10:00:00+00:00","ti_id":"019ea2c6-1d3e-7b9b-b6ce-0e6b32301a23","dag_id":"structured_monthly","task_id":"dbt_marts","map_index":-1,"try_number":1,"logger":"airflow.task.operators.airflow.providers.standard.operators.python.PythonOperator","filename":"python.py","lineno":233}
{"timestamp":"2026-06-07T16:10:22.591175Z","level":"info","event":"::group::Post Execute","run_id":"scheduled__2026-06-01T10:00:00+00:00","ti_id":"019ea2c6-1d3e-7b9b-b6ce-0e6b32301a23","dag_id":"structured_monthly","task_id":"dbt_marts","map_index":-1,"try_number":1,"logger":"task","filename":"task_runner.py","lineno":1288}
{"timestamp":"2026-06-07T16:10:22.626138Z","level":"info","event":"Airflow task SUCCESS dag=structured_monthly task=dbt_marts run_id=scheduled__2026-06-01T10:00:00+00:00","logger":"common.callbacks","run_id":"scheduled__2026-06-01T10:00:00+00:00","ti_id":"019ea2c6-1d3e-7b9b-b6ce-0e6b32301a23","dag_id":"structured_monthly","task_id":"dbt_marts","map_index":-1,"try_number":1,"filename":"callbacks.py","lineno":31}
{"timestamp":"2026-06-07T16:10:22.626635Z","level":"info","event":"::endgroup::","run_id":"scheduled__2026-06-01T10:00:00+00:00","ti_id":"019ea2c6-1d3e-7b9b-b6ce-0e6b32301a23","dag_id":"structured_monthly","task_id":"dbt_marts","map_index":-1,"try_number":1,"logger":"task","filename":"task_runner.py","lineno":1896}
