{"timestamp":"2026-06-09T15:53:01.352153Z","level":"info","event":"::group::Pre Execute","logger":"task","filename":"task_runner.py","lineno":1926}
{"timestamp":"2026-06-09T15:53:01.365582Z","level":"info","event":"DAG bundles loaded: dags-folder","ti_id":"019ead13-f015-71e1-9e3c-a9938ab03e02","task_id":"load_silver","dag_id":"structured_daily","map_index":-1,"try_number":1,"run_id":"manual__2026-06-09T15:50:25.530887+00:00","logger":"airflow.dag_processing.bundles.manager.DagBundlesManager","filename":"manager.py","lineno":209}
{"timestamp":"2026-06-09T15:53:01.368184Z","level":"info","event":"Filling up the DagBag from /opt/airflow/dags/structured_daily.py","ti_id":"019ead13-f015-71e1-9e3c-a9938ab03e02","task_id":"load_silver","dag_id":"structured_daily","map_index":-1,"try_number":1,"run_id":"manual__2026-06-09T15:50:25.530887+00:00","logger":"airflow.dag_processing.dagbag.BundleDagBag","filename":"dagbag.py","lineno":469}
{"timestamp":"2026-06-09T15:53:01.509458Z","level":"info","event":"::endgroup::","ti_id":"019ead13-f015-71e1-9e3c-a9938ab03e02","task_id":"load_silver","dag_id":"structured_daily","map_index":-1,"try_number":1,"run_id":"manual__2026-06-09T15:50:25.530887+00:00","logger":"task","filename":"task_runner.py","lineno":1727}
{"timestamp":"2026-06-09T15:53:01.513431Z","level":"info","event":"Running: /usr/python/bin/python3.12 -m warehouse.loader.cli load-silver --dataset price,index_price,price_board (cwd=/opt/stock-pipeline)","logger":"common.tasks","ti_id":"019ead13-f015-71e1-9e3c-a9938ab03e02","task_id":"load_silver","dag_id":"structured_daily","map_index":-1,"try_number":1,"run_id":"manual__2026-06-09T15:50:25.530887+00:00","filename":"tasks.py","lineno":66}
{"timestamp":"2026-06-09T15:53:02.621291Z","level":"error","event":"15:53:02 [INFO] Connecting to DB: postgresql://stock:stock@host.docker.internal:55432/stock_pipeline","logger":"task.stderr"}
{"timestamp":"2026-06-09T15:54:00.190868Z","level":"error","event":"15:53:58 [INFO] [price] Read 761092 rows from 1254 parquet files","logger":"task.stderr"}
{"timestamp":"2026-06-09T15:58:59.015330Z","level":"error","event":"15:58:58 [INFO] [price] rows_read=761092 inserted=0 updated=761092","logger":"task.stderr"}
{"timestamp":"2026-06-09T16:01:26.359412Z","level":"error","event":"16:01:26 [INFO] [index_price] Read 6255 rows from 1251 parquet files","logger":"task.stderr"}
{"timestamp":"2026-06-09T16:01:29.197757Z","level":"error","event":"16:01:29 [INFO] [index_price] rows_read=6255 inserted=0 updated=6255","logger":"task.stderr"}
{"timestamp":"2026-06-09T16:01:29.457043Z","level":"error","event":"16:01:29 [INFO] [price_board] Read 150 rows from 3 parquet files","logger":"task.stderr"}
{"timestamp":"2026-06-09T16:01:30.025486Z","level":"error","event":"16:01:30 [INFO] [price_board] rows_read=150 inserted=0 updated=150","logger":"task.stderr"}
{"timestamp":"2026-06-09T16:01:30.073295Z","level":"error","event":"16:01:30 [INFO] All datasets loaded successfully.","logger":"task.stderr"}
{"timestamp":"2026-06-09T16:01:30.227234Z","level":"info","event":"[price] rows_read=761092 inserted=0 updated=761092","logger":"task.stdout"}
{"timestamp":"2026-06-09T16:01:30.237202Z","level":"info","event":"[index_price] rows_read=6255 inserted=0 updated=6255","logger":"task.stdout"}
{"timestamp":"2026-06-09T16:01:30.238964Z","level":"info","event":"[price_board] rows_read=150 inserted=0 updated=150","logger":"task.stdout"}
{"timestamp":"2026-06-09T16:01:35.673391Z","level":"info","event":"Done. Returned value was: None","ti_id":"019ead13-f015-71e1-9e3c-a9938ab03e02","task_id":"load_silver","dag_id":"structured_daily","map_index":-1,"try_number":1,"run_id":"manual__2026-06-09T15:50:25.530887+00:00","logger":"airflow.task.operators.airflow.providers.standard.operators.python.PythonOperator","filename":"python.py","lineno":233}
{"timestamp":"2026-06-09T16:01:35.886672Z","level":"info","event":"::group::Post Execute","ti_id":"019ead13-f015-71e1-9e3c-a9938ab03e02","task_id":"load_silver","dag_id":"structured_daily","map_index":-1,"try_number":1,"run_id":"manual__2026-06-09T15:50:25.530887+00:00","logger":"task","filename":"task_runner.py","lineno":1288}
{"timestamp":"2026-06-09T16:01:36.810313Z","level":"info","event":"Airflow task SUCCESS dag=structured_daily task=load_silver run_id=manual__2026-06-09T15:50:25.530887+00:00","logger":"common.callbacks","ti_id":"019ead13-f015-71e1-9e3c-a9938ab03e02","task_id":"load_silver","dag_id":"structured_daily","map_index":-1,"try_number":1,"run_id":"manual__2026-06-09T15:50:25.530887+00:00","filename":"callbacks.py","lineno":31}
{"timestamp":"2026-06-09T16:01:36.824476Z","level":"info","event":"::endgroup::","ti_id":"019ead13-f015-71e1-9e3c-a9938ab03e02","task_id":"load_silver","dag_id":"structured_daily","map_index":-1,"try_number":1,"run_id":"manual__2026-06-09T15:50:25.530887+00:00","logger":"task","filename":"task_runner.py","lineno":1896}
