{"timestamp":"2026-06-08T02:51:49.902285Z","level":"info","event":"::group::Pre Execute","logger":"task","filename":"task_runner.py","lineno":1926}
{"timestamp":"2026-06-08T02:51:49.910682Z","level":"info","event":"DAG bundles loaded: dags-folder","ti_id":"019ea519-e353-7d86-84d6-fcedfb48568f","try_number":1,"dag_id":"bctc_quarterly","run_id":"scheduled__2026-05-15T03:00:00+00:00","task_id":"dbt_marts","map_index":-1,"logger":"airflow.dag_processing.bundles.manager.DagBundlesManager","filename":"manager.py","lineno":209}
{"timestamp":"2026-06-08T02:51:49.913177Z","level":"info","event":"Filling up the DagBag from /opt/airflow/dags/bctc_quarterly.py","ti_id":"019ea519-e353-7d86-84d6-fcedfb48568f","try_number":1,"dag_id":"bctc_quarterly","run_id":"scheduled__2026-05-15T03:00:00+00:00","task_id":"dbt_marts","map_index":-1,"logger":"airflow.dag_processing.dagbag.BundleDagBag","filename":"dagbag.py","lineno":469}
{"timestamp":"2026-06-08T02:51:50.001989Z","level":"info","event":"::endgroup::","ti_id":"019ea519-e353-7d86-84d6-fcedfb48568f","try_number":1,"dag_id":"bctc_quarterly","run_id":"scheduled__2026-05-15T03:00:00+00:00","task_id":"dbt_marts","map_index":-1,"logger":"task","filename":"task_runner.py","lineno":1727}
{"timestamp":"2026-06-08T02:51:50.005235Z","level":"info","event":"Running: dbt run --project-dir transform/dbt --profiles-dir transform/dbt --select +mart_bctc_documents (cwd=/opt/stock-pipeline)","logger":"common.tasks","ti_id":"019ea519-e353-7d86-84d6-fcedfb48568f","try_number":1,"dag_id":"bctc_quarterly","run_id":"scheduled__2026-05-15T03:00:00+00:00","task_id":"dbt_marts","map_index":-1,"filename":"tasks.py","lineno":66}
{"timestamp":"2026-06-08T02:51:52.927221Z","level":"info","event":"\u001b[0m02:51:52  Running with dbt=1.10.22","logger":"task.stdout"}
{"timestamp":"2026-06-08T02:51:53.381494Z","level":"info","event":"\u001b[0m02:51:53  Registered adapter: postgres=1.10.0","logger":"task.stdout"}
{"timestamp":"2026-06-08T02:51:54.149130Z","level":"info","event":"\u001b[0m02:51:54  Found 24 models, 63 data tests, 8 sources, 476 macros","logger":"task.stdout"}
{"timestamp":"2026-06-08T02:51:54.154983Z","level":"info","event":"\u001b[0m02:51:54","logger":"task.stdout"}
{"timestamp":"2026-06-08T02:51:54.156107Z","level":"info","event":"\u001b[0m02:51:54  Concurrency: 4 threads (target='dev')","logger":"task.stdout"}
{"timestamp":"2026-06-08T02:51:54.156846Z","level":"info","event":"\u001b[0m02:51:54","logger":"task.stdout"}
{"timestamp":"2026-06-08T02:51:54.498091Z","level":"info","event":"\u001b[0m02:51:54  1 of 1 START sql table model gold.mart_bctc_documents .......................... [RUN]","logger":"task.stdout"}
{"timestamp":"2026-06-08T02:51:54.783179Z","level":"info","event":"\u001b[0m02:51:54  1 of 1 OK created sql table model gold.mart_bctc_documents ..................... [\u001b[32mSELECT 1188\u001b[0m in 0.28s]","logger":"task.stdout"}
{"timestamp":"2026-06-08T02:51:54.809620Z","level":"info","event":"\u001b[0m02:51:54","logger":"task.stdout"}
{"timestamp":"2026-06-08T02:51:54.810263Z","level":"info","event":"\u001b[0m02:51:54  Finished running 1 table model in 0 hours 0 minutes and 0.65 seconds (0.65s).","logger":"task.stdout"}
{"timestamp":"2026-06-08T02:51:54.910378Z","level":"info","event":"\u001b[0m02:51:54","logger":"task.stdout"}
{"timestamp":"2026-06-08T02:51:54.926913Z","level":"info","event":"\u001b[0m02:51:54  \u001b[32mCompleted successfully\u001b[0m","logger":"task.stdout"}
{"timestamp":"2026-06-08T02:51:54.927404Z","level":"info","event":"\u001b[0m02:51:54","logger":"task.stdout"}
{"timestamp":"2026-06-08T02:51:54.927736Z","level":"info","event":"\u001b[0m02:51:54  Done. PASS=1 WARN=0 ERROR=0 SKIP=0 NO-OP=0 TOTAL=1","logger":"task.stdout"}
{"timestamp":"2026-06-08T02:51:57.572569Z","level":"info","event":"Done. Returned value was: None","ti_id":"019ea519-e353-7d86-84d6-fcedfb48568f","try_number":1,"dag_id":"bctc_quarterly","run_id":"scheduled__2026-05-15T03:00:00+00:00","task_id":"dbt_marts","map_index":-1,"logger":"airflow.task.operators.airflow.providers.standard.operators.python.PythonOperator","filename":"python.py","lineno":233}
{"timestamp":"2026-06-08T02:51:57.572823Z","level":"info","event":"::group::Post Execute","ti_id":"019ea519-e353-7d86-84d6-fcedfb48568f","try_number":1,"dag_id":"bctc_quarterly","run_id":"scheduled__2026-05-15T03:00:00+00:00","task_id":"dbt_marts","map_index":-1,"logger":"task","filename":"task_runner.py","lineno":1288}
{"timestamp":"2026-06-08T02:51:57.743280Z","level":"info","event":"Airflow task SUCCESS dag=bctc_quarterly task=dbt_marts run_id=scheduled__2026-05-15T03:00:00+00:00","logger":"common.callbacks","ti_id":"019ea519-e353-7d86-84d6-fcedfb48568f","try_number":1,"dag_id":"bctc_quarterly","run_id":"scheduled__2026-05-15T03:00:00+00:00","task_id":"dbt_marts","map_index":-1,"filename":"callbacks.py","lineno":31}
{"timestamp":"2026-06-08T02:51:57.743705Z","level":"info","event":"::endgroup::","ti_id":"019ea519-e353-7d86-84d6-fcedfb48568f","try_number":1,"dag_id":"bctc_quarterly","run_id":"scheduled__2026-05-15T03:00:00+00:00","task_id":"dbt_marts","map_index":-1,"logger":"task","filename":"task_runner.py","lineno":1896}
