{"timestamp":"2026-06-09T15:12:30.917730Z","level":"info","event":"::group::Pre Execute","logger":"task","filename":"task_runner.py","lineno":1926}
{"timestamp":"2026-06-09T15:12:36.414190Z","level":"info","event":"DAG bundles loaded: dags-folder","run_id":"scheduled__2026-06-09T12:00:00+00:00","map_index":-1,"try_number":1,"ti_id":"019eacf1-3a19-7f59-98a7-e5f078a2dcd2","task_id":"dbt_run_full","dag_id":"gold_full_refresh","logger":"airflow.dag_processing.bundles.manager.DagBundlesManager","filename":"manager.py","lineno":209}
{"timestamp":"2026-06-09T15:12:36.419018Z","level":"info","event":"Filling up the DagBag from /opt/airflow/dags/gold_full_refresh.py","run_id":"scheduled__2026-06-09T12:00:00+00:00","map_index":-1,"try_number":1,"ti_id":"019eacf1-3a19-7f59-98a7-e5f078a2dcd2","task_id":"dbt_run_full","dag_id":"gold_full_refresh","logger":"airflow.dag_processing.dagbag.BundleDagBag","filename":"dagbag.py","lineno":469}
{"timestamp":"2026-06-09T15:12:36.559843Z","level":"info","event":"::endgroup::","run_id":"scheduled__2026-06-09T12:00:00+00:00","map_index":-1,"try_number":1,"ti_id":"019eacf1-3a19-7f59-98a7-e5f078a2dcd2","task_id":"dbt_run_full","dag_id":"gold_full_refresh","logger":"task","filename":"task_runner.py","lineno":1727}
{"timestamp":"2026-06-09T15:12:36.563444Z","level":"info","event":"Running: dbt run --project-dir transform/dbt --profiles-dir transform/dbt (cwd=/opt/stock-pipeline)","logger":"common.tasks","run_id":"scheduled__2026-06-09T12:00:00+00:00","map_index":-1,"try_number":1,"ti_id":"019eacf1-3a19-7f59-98a7-e5f078a2dcd2","task_id":"dbt_run_full","dag_id":"gold_full_refresh","filename":"tasks.py","lineno":66}
{"timestamp":"2026-06-09T15:12:39.627605Z","level":"info","event":"\u001b[0m15:12:39  Running with dbt=1.10.22","logger":"task.stdout"}
{"timestamp":"2026-06-09T15:12:40.154635Z","level":"info","event":"\u001b[0m15:12:40  Registered adapter: postgres=1.10.0","logger":"task.stdout"}
{"timestamp":"2026-06-09T15:12:41.399261Z","level":"info","event":"\u001b[0m15:12:41  Found 24 models, 63 data tests, 8 sources, 476 macros","logger":"task.stdout"}
{"timestamp":"2026-06-09T15:12:41.417410Z","level":"info","event":"\u001b[0m15:12:41","logger":"task.stdout"}
{"timestamp":"2026-06-09T15:12:41.418456Z","level":"info","event":"\u001b[0m15:12:41  Concurrency: 4 threads (target='dev')","logger":"task.stdout"}
{"timestamp":"2026-06-09T15:12:41.419241Z","level":"info","event":"\u001b[0m15:12:41","logger":"task.stdout"}
{"timestamp":"2026-06-09T15:12:41.983321Z","level":"info","event":"\u001b[0m15:12:41  1 of 22 START sql view model gold.stg_company .................................. [RUN]","logger":"task.stdout"}
{"timestamp":"2026-06-09T15:12:41.984058Z","level":"info","event":"\u001b[0m15:12:41  2 of 22 START sql view model gold.stg_financial_ratio .......................... [RUN]","logger":"task.stdout"}
{"timestamp":"2026-06-09T15:12:41.985608Z","level":"info","event":"\u001b[0m15:12:41  3 of 22 START sql view model gold.stg_index_price .............................. [RUN]","logger":"task.stdout"}
{"timestamp":"2026-06-09T15:12:42.023608Z","level":"info","event":"\u001b[0m15:12:42  4 of 22 START sql view model gold.stg_listing .................................. [RUN]","logger":"task.stdout"}
{"timestamp":"2026-06-09T15:12:42.492917Z","level":"info","event":"\u001b[0m15:12:42  3 of 22 OK created sql view model gold.stg_index_price ......................... [\u001b[32mCREATE VIEW\u001b[0m in 0.49s]","logger":"task.stdout"}
{"timestamp":"2026-06-09T15:12:42.494301Z","level":"info","event":"\u001b[0m15:12:42  2 of 22 OK created sql view model gold.stg_financial_ratio ..................... [\u001b[32mCREATE VIEW\u001b[0m in 0.50s]","logger":"task.stdout"}
{"timestamp":"2026-06-09T15:12:42.496194Z","level":"info","event":"\u001b[0m15:12:42  1 of 22 OK created sql view model gold.stg_company ............................. [\u001b[32mCREATE VIEW\u001b[0m in 0.50s]","logger":"task.stdout"}
{"timestamp":"2026-06-09T15:12:42.497266Z","level":"info","event":"\u001b[0m15:12:42  4 of 22 OK created sql view model gold.stg_listing ............................. [\u001b[32mCREATE VIEW\u001b[0m in 0.44s]","logger":"task.stdout"}
{"timestamp":"2026-06-09T15:12:42.506727Z","level":"info","event":"\u001b[0m15:12:42  5 of 22 START sql view model gold.stg_price .................................... [RUN]","logger":"task.stdout"}
{"timestamp":"2026-06-09T15:12:42.507782Z","level":"info","event":"\u001b[0m15:12:42  6 of 22 START sql view model gold.stg_price_board .............................. [RUN]","logger":"task.stdout"}
{"timestamp":"2026-06-09T15:12:42.508839Z","level":"info","event":"\u001b[0m15:12:42  7 of 22 START sql table model gold.mart_bctc_documents ......................... [RUN]","logger":"task.stdout"}
{"timestamp":"2026-06-09T15:12:42.542155Z","level":"info","event":"\u001b[0m15:12:42  8 of 22 START sql table model gold.fact_index_daily ............................ [RUN]","logger":"task.stdout"}
{"timestamp":"2026-06-09T15:12:42.749785Z","level":"info","event":"\u001b[0m15:12:42  5 of 22 OK created sql view model gold.stg_price ............................... [\u001b[32mCREATE VIEW\u001b[0m in 0.23s]","logger":"task.stdout"}
{"timestamp":"2026-06-09T15:12:42.763314Z","level":"info","event":"\u001b[0m15:12:42  6 of 22 OK created sql view model gold.stg_price_board ......................... [\u001b[32mCREATE VIEW\u001b[0m in 0.25s]","logger":"task.stdout"}
{"timestamp":"2026-06-09T15:12:42.765200Z","level":"info","event":"\u001b[0m15:12:42  9 of 22 START sql table model gold.mart_financial_summary ...................... [RUN]","logger":"task.stdout"}
{"timestamp":"2026-06-09T15:12:42.785576Z","level":"info","event":"\u001b[0m15:12:42  10 of 22 START sql table model gold.dim_company ................................ [RUN]","logger":"task.stdout"}
{"timestamp":"2026-06-09T15:12:42.987061Z","level":"info","event":"\u001b[0m15:12:42  8 of 22 OK created sql table model gold.fact_index_daily ....................... [\u001b[32mSELECT 6250\u001b[0m in 0.41s]","logger":"task.stdout"}
{"timestamp":"2026-06-09T15:12:42.988852Z","level":"info","event":"\u001b[0m15:12:42  7 of 22 OK created sql table model gold.mart_bctc_documents .................... [\u001b[32mSELECT 1188\u001b[0m in 0.46s]","logger":"task.stdout"}
{"timestamp":"2026-06-09T15:12:43.006234Z","level":"info","event":"\u001b[0m15:12:43  11 of 22 START sql table model gold.dim_security ............................... [RUN]","logger":"task.stdout"}
{"timestamp":"2026-06-09T15:12:43.040727Z","level":"info","event":"\u001b[0m15:12:43  12 of 22 START sql table model gold.fact_news_article .......................... [RUN]","logger":"task.stdout"}
{"timestamp":"2026-06-09T15:12:43.178072Z","level":"info","event":"\u001b[0m15:12:43  10 of 22 OK created sql table model gold.dim_company ........................... [\u001b[32mSELECT 703\u001b[0m in 0.37s]","logger":"task.stdout"}
{"timestamp":"2026-06-09T15:12:43.194109Z","level":"info","event":"\u001b[0m15:12:43  13 of 22 START sql table model gold.int_news_sentiment_daily ................... [RUN]","logger":"task.stdout"}
{"timestamp":"2026-06-09T15:12:43.357699Z","level":"info","event":"\u001b[0m15:12:43  11 of 22 OK created sql table model gold.dim_security .......................... [\u001b[32mSELECT 1533\u001b[0m in 0.35s]","logger":"task.stdout"}
{"timestamp":"2026-06-09T15:12:43.364998Z","level":"info","event":"\u001b[0m15:12:43  14 of 22 START sql table model gold.int_price_indicator ........................ [RUN]","logger":"task.stdout"}
{"timestamp":"2026-06-09T15:12:43.930156Z","level":"info","event":"\u001b[0m15:12:43  13 of 22 OK created sql table model gold.int_news_sentiment_daily .............. [\u001b[32mSELECT 532\u001b[0m in 0.72s]","logger":"task.stdout"}
{"timestamp":"2026-06-09T15:12:43.940768Z","level":"info","event":"\u001b[0m15:12:43  15 of 22 START sql table model gold.mart_price_board ........................... [RUN]","logger":"task.stdout"}
{"timestamp":"2026-06-09T15:12:44.098908Z","level":"info","event":"\u001b[0m15:12:44  12 of 22 OK created sql table model gold.fact_news_article ..................... [\u001b[32mSELECT 739\u001b[0m in 1.04s]","logger":"task.stdout"}
{"timestamp":"2026-06-09T15:12:44.119482Z","level":"info","event":"\u001b[0m15:12:44  16 of 22 START sql table model gold.mart_stock_news_daily ...................... [RUN]","logger":"task.stdout"}
{"timestamp":"2026-06-09T15:12:44.350836Z","level":"info","event":"\u001b[0m15:12:44  15 of 22 OK created sql table model gold.mart_price_board ...................... [\u001b[32mSELECT 1220\u001b[0m in 0.37s]","logger":"task.stdout"}
{"timestamp":"2026-06-09T15:12:44.378865Z","level":"info","event":"\u001b[0m15:12:44  17 of 22 START sql table model gold.mart_stock_news_signal ..................... [RUN]","logger":"task.stdout"}
{"timestamp":"2026-06-09T15:12:44.490531Z","level":"info","event":"\u001b[0m15:12:44  16 of 22 OK created sql table model gold.mart_stock_news_daily ................. [\u001b[32mSELECT 532\u001b[0m in 0.35s]","logger":"task.stdout"}
{"timestamp":"2026-06-09T15:12:44.871805Z","level":"info","event":"\u001b[0m15:12:44  17 of 22 OK created sql table model gold.mart_stock_news_signal ................ [\u001b[32mSELECT 535\u001b[0m in 0.51s]","logger":"task.stdout"}
{"timestamp":"2026-06-09T15:12:45.269684Z","level":"info","event":"\u001b[0m15:12:45  9 of 22 OK created sql table model gold.mart_financial_summary ................. [\u001b[32mSELECT 10545\u001b[0m in 2.49s]","logger":"task.stdout"}
{"timestamp":"2026-06-09T15:13:10.426095Z","level":"info","event":"\u001b[0m15:13:10  14 of 22 OK created sql table model gold.int_price_indicator ................... [\u001b[32mSELECT 761042\u001b[0m in 27.05s]","logger":"task.stdout"}
{"timestamp":"2026-06-09T15:13:10.450099Z","level":"info","event":"\u001b[0m15:13:10  18 of 22 START sql table model gold.fact_price_daily ........................... [RUN]","logger":"task.stdout"}
{"timestamp":"2026-06-09T15:13:16.871272Z","level":"info","event":"\u001b[0m15:13:16  18 of 22 OK created sql table model gold.fact_price_daily ...................... [\u001b[32mSELECT 761042\u001b[0m in 6.42s]","logger":"task.stdout"}
{"timestamp":"2026-06-09T15:13:16.877086Z","level":"info","event":"\u001b[0m15:13:16  19 of 22 START sql table model gold.mart_company_profile ....................... [RUN]","logger":"task.stdout"}
{"timestamp":"2026-06-09T15:13:16.878279Z","level":"info","event":"\u001b[0m15:13:16  20 of 22 START sql table model gold.mart_market_overview ....................... [RUN]","logger":"task.stdout"}
{"timestamp":"2026-06-09T15:13:16.879011Z","level":"info","event":"\u001b[0m15:13:16  21 of 22 START sql table model gold.mart_stock_daily ........................... [RUN]","logger":"task.stdout"}
{"timestamp":"2026-06-09T15:13:22.076768Z","level":"info","event":"\u001b[0m15:13:22  21 of 22 OK created sql table model gold.mart_stock_daily ...................... [\u001b[32mSELECT 761042\u001b[0m in 5.19s]","logger":"task.stdout"}
{"timestamp":"2026-06-09T15:13:22.843311Z","level":"info","event":"\u001b[0m15:13:22  19 of 22 OK created sql table model gold.mart_company_profile .................. [\u001b[32mSELECT 703\u001b[0m in 5.96s]","logger":"task.stdout"}
{"timestamp":"2026-06-09T15:13:22.850830Z","level":"info","event":"\u001b[0m15:13:22  22 of 22 START sql table model gold.mart_ticker_directory ...................... [RUN]","logger":"task.stdout"}
{"timestamp":"2026-06-09T15:13:23.454397Z","level":"info","event":"\u001b[0m15:13:23  22 of 22 OK created sql table model gold.mart_ticker_directory ................. [\u001b[32mSELECT 1571\u001b[0m in 0.60s]","logger":"task.stdout"}
{"timestamp":"2026-06-09T15:21:23.943470Z","level":"info","event":"\u001b[0m15:21:23  20 of 22 OK created sql table model gold.mart_market_overview .................. [\u001b[32mSELECT 1250\u001b[0m in 486.89s]","logger":"task.stdout"}
{"timestamp":"2026-06-09T15:21:24.366885Z","level":"info","event":"\u001b[0m15:21:24","logger":"task.stdout"}
{"timestamp":"2026-06-09T15:21:24.451858Z","level":"info","event":"\u001b[0m15:21:24  Finished running 16 table models, 6 view models in 0 hours 8 minutes and 42.93 seconds (522.93s).","logger":"task.stdout"}
{"timestamp":"2026-06-09T15:21:25.297913Z","level":"info","event":"\u001b[0m15:21:25","logger":"task.stdout"}
{"timestamp":"2026-06-09T15:21:25.365996Z","level":"info","event":"\u001b[0m15:21:25  \u001b[32mCompleted successfully\u001b[0m","logger":"task.stdout"}
{"timestamp":"2026-06-09T15:21:25.367863Z","level":"info","event":"\u001b[0m15:21:25","logger":"task.stdout"}
{"timestamp":"2026-06-09T15:21:25.375556Z","level":"info","event":"\u001b[0m15:21:25  Done. PASS=22 WARN=0 ERROR=0 SKIP=0 NO-OP=0 TOTAL=22","logger":"task.stdout"}
{"timestamp":"2026-06-09T15:21:33.201117Z","level":"info","event":"Done. Returned value was: None","run_id":"scheduled__2026-06-09T12:00:00+00:00","map_index":-1,"try_number":1,"ti_id":"019eacf1-3a19-7f59-98a7-e5f078a2dcd2","task_id":"dbt_run_full","dag_id":"gold_full_refresh","logger":"airflow.task.operators.airflow.providers.standard.operators.python.PythonOperator","filename":"python.py","lineno":233}
{"timestamp":"2026-06-09T15:21:33.241997Z","level":"info","event":"::group::Post Execute","run_id":"scheduled__2026-06-09T12:00:00+00:00","map_index":-1,"try_number":1,"ti_id":"019eacf1-3a19-7f59-98a7-e5f078a2dcd2","task_id":"dbt_run_full","dag_id":"gold_full_refresh","logger":"task","filename":"task_runner.py","lineno":1288}
{"timestamp":"2026-06-09T15:21:33.550714Z","level":"info","event":"Airflow task SUCCESS dag=gold_full_refresh task=dbt_run_full run_id=scheduled__2026-06-09T12:00:00+00:00","logger":"common.callbacks","run_id":"scheduled__2026-06-09T12:00:00+00:00","map_index":-1,"try_number":1,"ti_id":"019eacf1-3a19-7f59-98a7-e5f078a2dcd2","task_id":"dbt_run_full","dag_id":"gold_full_refresh","filename":"callbacks.py","lineno":31}
{"timestamp":"2026-06-09T15:21:33.564405Z","level":"info","event":"::endgroup::","run_id":"scheduled__2026-06-09T12:00:00+00:00","map_index":-1,"try_number":1,"ti_id":"019eacf1-3a19-7f59-98a7-e5f078a2dcd2","task_id":"dbt_run_full","dag_id":"gold_full_refresh","logger":"task","filename":"task_runner.py","lineno":1896}
