{"timestamp":"2026-06-07T16:08:17.808809Z","level":"info","event":"::group::Pre Execute","logger":"task","filename":"task_runner.py","lineno":1926}
{"timestamp":"2026-06-07T16:08:17.817731Z","level":"info","event":"DAG bundles loaded: dags-folder","try_number":1,"task_id":"load_silver","run_id":"scheduled__2026-06-01T10:00:00+00:00","map_index":-1,"dag_id":"structured_monthly","ti_id":"019ea2c6-1d3d-743c-ad1d-99bc1a679d56","logger":"airflow.dag_processing.bundles.manager.DagBundlesManager","filename":"manager.py","lineno":209}
{"timestamp":"2026-06-07T16:08:17.819989Z","level":"info","event":"Filling up the DagBag from /opt/airflow/dags/structured_monthly.py","try_number":1,"task_id":"load_silver","run_id":"scheduled__2026-06-01T10:00:00+00:00","map_index":-1,"dag_id":"structured_monthly","ti_id":"019ea2c6-1d3d-743c-ad1d-99bc1a679d56","logger":"airflow.dag_processing.dagbag.BundleDagBag","filename":"dagbag.py","lineno":469}
{"timestamp":"2026-06-07T16:08:17.971519Z","level":"info","event":"::endgroup::","try_number":1,"task_id":"load_silver","run_id":"scheduled__2026-06-01T10:00:00+00:00","map_index":-1,"dag_id":"structured_monthly","ti_id":"019ea2c6-1d3d-743c-ad1d-99bc1a679d56","logger":"task","filename":"task_runner.py","lineno":1727}
{"timestamp":"2026-06-07T16:08:17.975551Z","level":"info","event":"Running: /usr/python/bin/python3.12 -m warehouse.loader.cli load-silver --dataset listing,company,financial_ratio (cwd=/opt/stock-pipeline)","logger":"common.tasks","try_number":1,"task_id":"load_silver","run_id":"scheduled__2026-06-01T10:00:00+00:00","map_index":-1,"dag_id":"structured_monthly","ti_id":"019ea2c6-1d3d-743c-ad1d-99bc1a679d56","filename":"tasks.py","lineno":66}
{"timestamp":"2026-06-07T16:08:18.586551Z","level":"error","event":"16:08:18 [INFO] Connecting to DB: postgresql://stock:stock@host.docker.internal:55432/stock_pipeline","logger":"task.stderr"}
{"timestamp":"2026-06-07T16:08:18.665159Z","level":"error","event":"16:08:18 [INFO] [listing] Read 1532 rows from 1 parquet files","logger":"task.stderr"}
{"timestamp":"2026-06-07T16:08:18.890471Z","level":"error","event":"16:08:18 [INFO] [listing] rows_read=1532 inserted=1 updated=1531","logger":"task.stderr"}
{"timestamp":"2026-06-07T16:08:18.926822Z","level":"error","event":"16:08:18 [INFO] [company] Read 42 rows from 1 parquet files","logger":"task.stderr"}
{"timestamp":"2026-06-07T16:08:18.983707Z","level":"error","event":"16:08:18 [INFO] [company] rows_read=42 inserted=0 updated=42","logger":"task.stderr"}
{"timestamp":"2026-06-07T16:08:26.191044Z","level":"error","event":"16:08:26 [INFO] [financial_ratio] Read 478188 rows from 3 parquet files","logger":"task.stderr"}
{"timestamp":"2026-06-07T16:09:26.528700Z","level":"error","event":"16:09:26 [INFO] [financial_ratio] rows_read=478188 inserted=0 updated=478188","logger":"task.stderr"}
{"timestamp":"2026-06-07T16:09:26.747698Z","level":"error","event":"16:09:26 [INFO] All datasets loaded successfully.","logger":"task.stderr"}
{"timestamp":"2026-06-07T16:09:26.749556Z","level":"info","event":"[listing] rows_read=1532 inserted=1 updated=1531","logger":"task.stdout"}
{"timestamp":"2026-06-07T16:09:26.750304Z","level":"info","event":"[company] rows_read=42 inserted=0 updated=42","logger":"task.stdout"}
{"timestamp":"2026-06-07T16:09:26.750818Z","level":"info","event":"[financial_ratio] rows_read=478188 inserted=0 updated=478188","logger":"task.stdout"}
{"timestamp":"2026-06-07T16:09:26.920939Z","level":"info","event":"Done. Returned value was: None","try_number":1,"task_id":"load_silver","run_id":"scheduled__2026-06-01T10:00:00+00:00","map_index":-1,"dag_id":"structured_monthly","ti_id":"019ea2c6-1d3d-743c-ad1d-99bc1a679d56","logger":"airflow.task.operators.airflow.providers.standard.operators.python.PythonOperator","filename":"python.py","lineno":233}
{"timestamp":"2026-06-07T16:09:26.921797Z","level":"info","event":"::group::Post Execute","try_number":1,"task_id":"load_silver","run_id":"scheduled__2026-06-01T10:00:00+00:00","map_index":-1,"dag_id":"structured_monthly","ti_id":"019ea2c6-1d3d-743c-ad1d-99bc1a679d56","logger":"task","filename":"task_runner.py","lineno":1288}
{"timestamp":"2026-06-07T16:09:26.950974Z","level":"info","event":"Airflow task SUCCESS dag=structured_monthly task=load_silver run_id=scheduled__2026-06-01T10:00:00+00:00","logger":"common.callbacks","try_number":1,"task_id":"load_silver","run_id":"scheduled__2026-06-01T10:00:00+00:00","map_index":-1,"dag_id":"structured_monthly","ti_id":"019ea2c6-1d3d-743c-ad1d-99bc1a679d56","filename":"callbacks.py","lineno":31}
{"timestamp":"2026-06-07T16:09:26.951833Z","level":"info","event":"::endgroup::","try_number":1,"task_id":"load_silver","run_id":"scheduled__2026-06-01T10:00:00+00:00","map_index":-1,"dag_id":"structured_monthly","ti_id":"019ea2c6-1d3d-743c-ad1d-99bc1a679d56","logger":"task","filename":"task_runner.py","lineno":1896}
