{"timestamp":"2026-06-09T16:00:57.663700Z","level":"info","event":"::group::Pre Execute","logger":"task","filename":"task_runner.py","lineno":1926}
{"timestamp":"2026-06-09T16:00:57.699762Z","level":"info","event":"DAG bundles loaded: dags-folder","ti_id":"019ead13-d9e5-7691-8323-be39b693f4ac","map_index":-1,"try_number":1,"task_id":"dbt_marts","dag_id":"news_daily","run_id":"manual__2026-06-09T15:50:19.669159+00:00","logger":"airflow.dag_processing.bundles.manager.DagBundlesManager","filename":"manager.py","lineno":209}
{"timestamp":"2026-06-09T16:00:57.701490Z","level":"info","event":"Filling up the DagBag from /opt/airflow/dags/news_daily.py","ti_id":"019ead13-d9e5-7691-8323-be39b693f4ac","map_index":-1,"try_number":1,"task_id":"dbt_marts","dag_id":"news_daily","run_id":"manual__2026-06-09T15:50:19.669159+00:00","logger":"airflow.dag_processing.dagbag.BundleDagBag","filename":"dagbag.py","lineno":469}
{"timestamp":"2026-06-09T16:00:57.813044Z","level":"info","event":"::endgroup::","ti_id":"019ead13-d9e5-7691-8323-be39b693f4ac","map_index":-1,"try_number":1,"task_id":"dbt_marts","dag_id":"news_daily","run_id":"manual__2026-06-09T15:50:19.669159+00:00","logger":"task","filename":"task_runner.py","lineno":1727}
{"timestamp":"2026-06-09T16:00:57.816955Z","level":"info","event":"Running: dbt run --project-dir transform/dbt --profiles-dir transform/dbt --select +mart_stock_news_signal +fact_news_article (cwd=/opt/stock-pipeline)","logger":"common.tasks","ti_id":"019ead13-d9e5-7691-8323-be39b693f4ac","map_index":-1,"try_number":1,"task_id":"dbt_marts","dag_id":"news_daily","run_id":"manual__2026-06-09T15:50:19.669159+00:00","filename":"tasks.py","lineno":66}
{"timestamp":"2026-06-09T16:01:02.723364Z","level":"info","event":"\u001b[0m16:01:02  Running with dbt=1.10.22","logger":"task.stdout"}
{"timestamp":"2026-06-09T16:01:03.367204Z","level":"info","event":"\u001b[0m16:01:03  Registered adapter: postgres=1.10.0","logger":"task.stdout"}
{"timestamp":"2026-06-09T16:01:04.586518Z","level":"info","event":"\u001b[0m16:01:04  Found 24 models, 63 data tests, 8 sources, 476 macros","logger":"task.stdout"}
{"timestamp":"2026-06-09T16:01:04.591767Z","level":"info","event":"\u001b[0m16:01:04","logger":"task.stdout"}
{"timestamp":"2026-06-09T16:01:04.593003Z","level":"info","event":"\u001b[0m16:01:04  Concurrency: 4 threads (target='dev')","logger":"task.stdout"}
{"timestamp":"2026-06-09T16:01:04.594022Z","level":"info","event":"\u001b[0m16:01:04","logger":"task.stdout"}
{"timestamp":"2026-06-09T16:01:05.046523Z","level":"info","event":"\u001b[0m16:01:05  1 of 2 START sql table model gold.fact_news_article ............................ [RUN]","logger":"task.stdout"}
{"timestamp":"2026-06-09T16:01:05.753682Z","level":"info","event":"\u001b[0m16:01:05  1 of 2 OK created sql table model gold.fact_news_article ....................... [\u001b[32mSELECT 863\u001b[0m in 0.70s]","logger":"task.stdout"}
{"timestamp":"2026-06-09T16:01:05.758124Z","level":"info","event":"\u001b[0m16:01:05  2 of 2 START sql table model gold.mart_stock_news_signal ....................... [RUN]","logger":"task.stdout"}
{"timestamp":"2026-06-09T16:01:06.022462Z","level":"info","event":"\u001b[0m16:01:06  2 of 2 OK created sql table model gold.mart_stock_news_signal .................. [\u001b[32mSELECT 608\u001b[0m in 0.26s]","logger":"task.stdout"}
{"timestamp":"2026-06-09T16:01:06.057213Z","level":"info","event":"\u001b[0m16:01:06","logger":"task.stdout"}
{"timestamp":"2026-06-09T16:01:06.058171Z","level":"info","event":"\u001b[0m16:01:06  Finished running 2 table models in 0 hours 0 minutes and 1.46 seconds (1.46s).","logger":"task.stdout"}
{"timestamp":"2026-06-09T16:01:06.157891Z","level":"info","event":"\u001b[0m16:01:06","logger":"task.stdout"}
{"timestamp":"2026-06-09T16:01:06.159016Z","level":"info","event":"\u001b[0m16:01:06  \u001b[32mCompleted successfully\u001b[0m","logger":"task.stdout"}
{"timestamp":"2026-06-09T16:01:06.159964Z","level":"info","event":"\u001b[0m16:01:06","logger":"task.stdout"}
{"timestamp":"2026-06-09T16:01:06.161064Z","level":"info","event":"\u001b[0m16:01:06  Done. PASS=2 WARN=0 ERROR=0 SKIP=0 NO-OP=0 TOTAL=2","logger":"task.stdout"}
{"timestamp":"2026-06-09T16:01:07.884203Z","level":"info","event":"Done. Returned value was: None","ti_id":"019ead13-d9e5-7691-8323-be39b693f4ac","map_index":-1,"try_number":1,"task_id":"dbt_marts","dag_id":"news_daily","run_id":"manual__2026-06-09T15:50:19.669159+00:00","logger":"airflow.task.operators.airflow.providers.standard.operators.python.PythonOperator","filename":"python.py","lineno":233}
{"timestamp":"2026-06-09T16:01:07.884439Z","level":"info","event":"::group::Post Execute","ti_id":"019ead13-d9e5-7691-8323-be39b693f4ac","map_index":-1,"try_number":1,"task_id":"dbt_marts","dag_id":"news_daily","run_id":"manual__2026-06-09T15:50:19.669159+00:00","logger":"task","filename":"task_runner.py","lineno":1288}
{"timestamp":"2026-06-09T16:01:08.816781Z","level":"info","event":"Airflow task SUCCESS dag=news_daily task=dbt_marts run_id=manual__2026-06-09T15:50:19.669159+00:00","logger":"common.callbacks","ti_id":"019ead13-d9e5-7691-8323-be39b693f4ac","map_index":-1,"try_number":1,"task_id":"dbt_marts","dag_id":"news_daily","run_id":"manual__2026-06-09T15:50:19.669159+00:00","filename":"callbacks.py","lineno":31}
{"timestamp":"2026-06-09T16:01:08.816965Z","level":"info","event":"::endgroup::","ti_id":"019ead13-d9e5-7691-8323-be39b693f4ac","map_index":-1,"try_number":1,"task_id":"dbt_marts","dag_id":"news_daily","run_id":"manual__2026-06-09T15:50:19.669159+00:00","logger":"task","filename":"task_runner.py","lineno":1896}
