{"timestamp":"2026-06-07T15:56:53.544293Z","level":"info","event":"::group::Pre Execute","logger":"task","filename":"task_runner.py","lineno":1926}
{"timestamp":"2026-06-07T15:56:53.626643Z","level":"info","event":"DAG bundles loaded: dags-folder","map_index":-1,"run_id":"scheduled__2026-06-05T09:30:00+00:00","ti_id":"019ea2c6-180e-7e94-9ce5-770a0dc6ec75","dag_id":"structured_daily","try_number":1,"task_id":"dbt_marts","logger":"airflow.dag_processing.bundles.manager.DagBundlesManager","filename":"manager.py","lineno":209}
{"timestamp":"2026-06-07T15:56:53.633665Z","level":"info","event":"Filling up the DagBag from /opt/airflow/dags/structured_daily.py","map_index":-1,"run_id":"scheduled__2026-06-05T09:30:00+00:00","ti_id":"019ea2c6-180e-7e94-9ce5-770a0dc6ec75","dag_id":"structured_daily","try_number":1,"task_id":"dbt_marts","logger":"airflow.dag_processing.dagbag.BundleDagBag","filename":"dagbag.py","lineno":469}
{"timestamp":"2026-06-07T15:56:54.102308Z","level":"info","event":"::endgroup::","map_index":-1,"run_id":"scheduled__2026-06-05T09:30:00+00:00","ti_id":"019ea2c6-180e-7e94-9ce5-770a0dc6ec75","dag_id":"structured_daily","try_number":1,"task_id":"dbt_marts","logger":"task","filename":"task_runner.py","lineno":1727}
{"timestamp":"2026-06-07T15:56:54.119834Z","level":"info","event":"Running: dbt run --project-dir transform/dbt --profiles-dir transform/dbt --select +mart_stock_daily +mart_price_board +mart_market_overview (cwd=/opt/stock-pipeline)","logger":"common.tasks","map_index":-1,"run_id":"scheduled__2026-06-05T09:30:00+00:00","ti_id":"019ea2c6-180e-7e94-9ce5-770a0dc6ec75","dag_id":"structured_daily","try_number":1,"task_id":"dbt_marts","filename":"tasks.py","lineno":66}
{"timestamp":"2026-06-07T15:56:57.766312Z","level":"info","event":"\u001b[0m15:56:57  Running with dbt=1.10.22","logger":"task.stdout"}
{"timestamp":"2026-06-07T15:56:58.520667Z","level":"info","event":"\u001b[0m15:56:58  Registered adapter: postgres=1.10.0","logger":"task.stdout"}
{"timestamp":"2026-06-07T15:56:59.454870Z","level":"info","event":"\u001b[0m15:56:59  Found 24 models, 63 data tests, 8 sources, 476 macros","logger":"task.stdout"}
{"timestamp":"2026-06-07T15:56:59.467072Z","level":"info","event":"\u001b[0m15:56:59","logger":"task.stdout"}
{"timestamp":"2026-06-07T15:56:59.467737Z","level":"info","event":"\u001b[0m15:56:59  Concurrency: 4 threads (target='dev')","logger":"task.stdout"}
{"timestamp":"2026-06-07T15:56:59.468180Z","level":"info","event":"\u001b[0m15:56:59","logger":"task.stdout"}
{"timestamp":"2026-06-07T15:56:59.903501Z","level":"info","event":"\u001b[0m15:56:59  1 of 11 START sql view model gold.stg_index_price .............................. [RUN]","logger":"task.stdout"}
{"timestamp":"2026-06-07T15:56:59.906726Z","level":"info","event":"\u001b[0m15:56:59  2 of 11 START sql view model gold.stg_price .................................... [RUN]","logger":"task.stdout"}
{"timestamp":"2026-06-07T15:56:59.907320Z","level":"info","event":"\u001b[0m15:56:59  3 of 11 START sql view model gold.stg_price_board .............................. [RUN]","logger":"task.stdout"}
{"timestamp":"2026-06-07T15:56:59.962788Z","level":"info","event":"\u001b[0m15:56:59  4 of 11 START sql table model gold.fact_news_article ........................... [RUN]","logger":"task.stdout"}
{"timestamp":"2026-06-07T15:57:00.302717Z","level":"info","event":"\u001b[0m15:57:00  3 of 11 OK created sql view model gold.stg_price_board ......................... [\u001b[32mCREATE VIEW\u001b[0m in 0.38s]","logger":"task.stdout"}
{"timestamp":"2026-06-07T15:57:00.313081Z","level":"info","event":"\u001b[0m15:57:00  1 of 11 OK created sql view model gold.stg_index_price ......................... [\u001b[32mCREATE VIEW\u001b[0m in 0.38s]","logger":"task.stdout"}
{"timestamp":"2026-06-07T15:57:00.323055Z","level":"info","event":"\u001b[0m15:57:00  5 of 11 START sql table model gold.mart_price_board ............................ [RUN]","logger":"task.stdout"}
{"timestamp":"2026-06-07T15:57:00.333129Z","level":"info","event":"\u001b[0m15:57:00  2 of 11 OK created sql view model gold.stg_price ............................... [\u001b[32mCREATE VIEW\u001b[0m in 0.41s]","logger":"task.stdout"}
{"timestamp":"2026-06-07T15:57:00.342977Z","level":"info","event":"\u001b[0m15:57:00  6 of 11 START sql table model gold.fact_index_daily ............................ [RUN]","logger":"task.stdout"}
{"timestamp":"2026-06-07T15:57:00.352976Z","level":"info","event":"\u001b[0m15:57:00  7 of 11 START sql table model gold.int_price_indicator ......................... [RUN]","logger":"task.stdout"}
{"timestamp":"2026-06-07T15:57:00.623500Z","level":"info","event":"\u001b[0m15:57:00  4 of 11 OK created sql table model gold.fact_news_article ...................... [\u001b[32mSELECT 515\u001b[0m in 0.63s]","logger":"task.stdout"}
{"timestamp":"2026-06-07T15:57:00.624370Z","level":"info","event":"\u001b[0m15:57:00  5 of 11 OK created sql table model gold.mart_price_board ....................... [\u001b[32mSELECT 1170\u001b[0m in 0.30s]","logger":"task.stdout"}
{"timestamp":"2026-06-07T15:57:00.627836Z","level":"info","event":"\u001b[0m15:57:00  8 of 11 START sql table model gold.mart_stock_news_signal ...................... [RUN]","logger":"task.stdout"}
{"timestamp":"2026-06-07T15:57:00.827775Z","level":"info","event":"\u001b[0m15:57:00  8 of 11 OK created sql table model gold.mart_stock_news_signal ................. [\u001b[32mSELECT 407\u001b[0m in 0.20s]","logger":"task.stdout"}
{"timestamp":"2026-06-07T15:57:05.820344Z","level":"info","event":"\u001b[0m15:57:05  6 of 11 OK created sql table model gold.fact_index_daily ....................... [\u001b[32mSELECT 6245\u001b[0m in 5.49s]","logger":"task.stdout"}
{"timestamp":"2026-06-07T15:57:30.698997Z","level":"info","event":"\u001b[0m15:57:30  7 of 11 OK created sql table model gold.int_price_indicator .................... [\u001b[32mSELECT 760992\u001b[0m in 30.27s]","logger":"task.stdout"}
{"timestamp":"2026-06-07T15:57:30.777406Z","level":"info","event":"\u001b[0m15:57:30  9 of 11 START sql table model gold.fact_price_daily ............................ [RUN]","logger":"task.stdout"}
{"timestamp":"2026-06-07T15:58:06.199437Z","level":"info","event":"\u001b[0m15:58:06  9 of 11 OK created sql table model gold.fact_price_daily ....................... [\u001b[32mSELECT 760992\u001b[0m in 35.38s]","logger":"task.stdout"}
{"timestamp":"2026-06-07T15:58:06.224875Z","level":"info","event":"\u001b[0m15:58:06  10 of 11 START sql table model gold.mart_market_overview ....................... [RUN]","logger":"task.stdout"}
{"timestamp":"2026-06-07T15:58:06.227046Z","level":"info","event":"\u001b[0m15:58:06  11 of 11 START sql table model gold.mart_stock_daily ........................... [RUN]","logger":"task.stdout"}
{"timestamp":"2026-06-07T16:00:10.847417Z","level":"info","event":"\u001b[0m16:00:10  11 of 11 OK created sql table model gold.mart_stock_daily ...................... [\u001b[32mSELECT 760992\u001b[0m in 124.46s]","logger":"task.stdout"}
{"timestamp":"2026-06-07T16:05:50.120747Z","level":"info","event":"\u001b[0m16:05:50  10 of 11 OK created sql table model gold.mart_market_overview .................. [\u001b[32mSELECT 1249\u001b[0m in 463.81s]","logger":"task.stdout"}
{"timestamp":"2026-06-07T16:05:50.397826Z","level":"info","event":"\u001b[0m16:05:50","logger":"task.stdout"}
{"timestamp":"2026-06-07T16:05:50.402644Z","level":"info","event":"\u001b[0m16:05:50  Finished running 8 table models, 3 view models in 0 hours 8 minutes and 50.92 seconds (530.92s).","logger":"task.stdout"}
{"timestamp":"2026-06-07T16:05:51.071342Z","level":"info","event":"\u001b[0m16:05:51","logger":"task.stdout"}
{"timestamp":"2026-06-07T16:05:51.075507Z","level":"info","event":"\u001b[0m16:05:51  \u001b[32mCompleted successfully\u001b[0m","logger":"task.stdout"}
{"timestamp":"2026-06-07T16:05:51.076286Z","level":"info","event":"\u001b[0m16:05:51","logger":"task.stdout"}
{"timestamp":"2026-06-07T16:05:51.080148Z","level":"info","event":"\u001b[0m16:05:51  Done. PASS=11 WARN=0 ERROR=0 SKIP=0 NO-OP=0 TOTAL=11","logger":"task.stdout"}
{"timestamp":"2026-06-07T16:05:55.497420Z","level":"info","event":"Done. Returned value was: None","map_index":-1,"run_id":"scheduled__2026-06-05T09:30:00+00:00","ti_id":"019ea2c6-180e-7e94-9ce5-770a0dc6ec75","dag_id":"structured_daily","try_number":1,"task_id":"dbt_marts","logger":"airflow.task.operators.airflow.providers.standard.operators.python.PythonOperator","filename":"python.py","lineno":233}
{"timestamp":"2026-06-07T16:05:55.526234Z","level":"info","event":"::group::Post Execute","map_index":-1,"run_id":"scheduled__2026-06-05T09:30:00+00:00","ti_id":"019ea2c6-180e-7e94-9ce5-770a0dc6ec75","dag_id":"structured_daily","try_number":1,"task_id":"dbt_marts","logger":"task","filename":"task_runner.py","lineno":1288}
{"timestamp":"2026-06-07T16:05:55.648300Z","level":"info","event":"Airflow task SUCCESS dag=structured_daily task=dbt_marts run_id=scheduled__2026-06-05T09:30:00+00:00","logger":"common.callbacks","map_index":-1,"run_id":"scheduled__2026-06-05T09:30:00+00:00","ti_id":"019ea2c6-180e-7e94-9ce5-770a0dc6ec75","dag_id":"structured_daily","try_number":1,"task_id":"dbt_marts","filename":"callbacks.py","lineno":31}
{"timestamp":"2026-06-07T16:05:55.658167Z","level":"info","event":"::endgroup::","map_index":-1,"run_id":"scheduled__2026-06-05T09:30:00+00:00","ti_id":"019ea2c6-180e-7e94-9ce5-770a0dc6ec75","dag_id":"structured_daily","try_number":1,"task_id":"dbt_marts","logger":"task","filename":"task_runner.py","lineno":1896}
