{"timestamp":"2026-06-07T16:00:41.765264Z","level":"info","event":"::group::Pre Execute","logger":"task","filename":"task_runner.py","lineno":1926}
{"timestamp":"2026-06-07T16:00:41.774068Z","level":"info","event":"DAG bundles loaded: dags-folder","run_id":"scheduled__2026-06-06T23:00:00+00:00","map_index":-1,"dag_id":"news_daily","ti_id":"019ea2c6-1357-7039-ba4c-85c83d902879","try_number":1,"task_id":"dbt_marts","logger":"airflow.dag_processing.bundles.manager.DagBundlesManager","filename":"manager.py","lineno":209}
{"timestamp":"2026-06-07T16:00:41.775530Z","level":"info","event":"Filling up the DagBag from /opt/airflow/dags/news_daily.py","run_id":"scheduled__2026-06-06T23:00:00+00:00","map_index":-1,"dag_id":"news_daily","ti_id":"019ea2c6-1357-7039-ba4c-85c83d902879","try_number":1,"task_id":"dbt_marts","logger":"airflow.dag_processing.dagbag.BundleDagBag","filename":"dagbag.py","lineno":469}
{"timestamp":"2026-06-07T16:00:41.867588Z","level":"info","event":"::endgroup::","run_id":"scheduled__2026-06-06T23:00:00+00:00","map_index":-1,"dag_id":"news_daily","ti_id":"019ea2c6-1357-7039-ba4c-85c83d902879","try_number":1,"task_id":"dbt_marts","logger":"task","filename":"task_runner.py","lineno":1727}
{"timestamp":"2026-06-07T16:00:41.871069Z","level":"info","event":"Running: dbt run --project-dir transform/dbt --profiles-dir transform/dbt --select +mart_stock_news_signal +fact_news_article (cwd=/opt/stock-pipeline)","logger":"common.tasks","run_id":"scheduled__2026-06-06T23:00:00+00:00","map_index":-1,"dag_id":"news_daily","ti_id":"019ea2c6-1357-7039-ba4c-85c83d902879","try_number":1,"task_id":"dbt_marts","filename":"tasks.py","lineno":66}
{"timestamp":"2026-06-07T16:00:44.388420Z","level":"info","event":"\u001b[0m16:00:44  Running with dbt=1.10.22","logger":"task.stdout"}
{"timestamp":"2026-06-07T16:00:44.810902Z","level":"info","event":"\u001b[0m16:00:44  Registered adapter: postgres=1.10.0","logger":"task.stdout"}
{"timestamp":"2026-06-07T16:00:45.569801Z","level":"info","event":"\u001b[0m16:00:45  Found 24 models, 63 data tests, 8 sources, 476 macros","logger":"task.stdout"}
{"timestamp":"2026-06-07T16:00:45.574549Z","level":"info","event":"\u001b[0m16:00:45","logger":"task.stdout"}
{"timestamp":"2026-06-07T16:00:45.575291Z","level":"info","event":"\u001b[0m16:00:45  Concurrency: 4 threads (target='dev')","logger":"task.stdout"}
{"timestamp":"2026-06-07T16:00:45.575854Z","level":"info","event":"\u001b[0m16:00:45","logger":"task.stdout"}
{"timestamp":"2026-06-07T16:00:45.886511Z","level":"info","event":"\u001b[0m16:00:45  1 of 2 START sql table model gold.fact_news_article ............................ [RUN]","logger":"task.stdout"}
{"timestamp":"2026-06-07T16:00:46.263836Z","level":"info","event":"\u001b[0m16:00:46  1 of 2 OK created sql table model gold.fact_news_article ....................... [\u001b[32mSELECT 544\u001b[0m in 0.37s]","logger":"task.stdout"}
{"timestamp":"2026-06-07T16:00:46.267336Z","level":"info","event":"\u001b[0m16:00:46  2 of 2 START sql table model gold.mart_stock_news_signal ....................... [RUN]","logger":"task.stdout"}
{"timestamp":"2026-06-07T16:00:46.425252Z","level":"info","event":"\u001b[0m16:00:46  2 of 2 OK created sql table model gold.mart_stock_news_signal .................. [\u001b[32mSELECT 423\u001b[0m in 0.16s]","logger":"task.stdout"}
{"timestamp":"2026-06-07T16:00:46.451291Z","level":"info","event":"\u001b[0m16:00:46","logger":"task.stdout"}
{"timestamp":"2026-06-07T16:00:46.451957Z","level":"info","event":"\u001b[0m16:00:46  Finished running 2 table models in 0 hours 0 minutes and 0.87 seconds (0.87s).","logger":"task.stdout"}
{"timestamp":"2026-06-07T16:00:46.534329Z","level":"info","event":"\u001b[0m16:00:46","logger":"task.stdout"}
{"timestamp":"2026-06-07T16:00:46.534878Z","level":"info","event":"\u001b[0m16:00:46  \u001b[32mCompleted successfully\u001b[0m","logger":"task.stdout"}
{"timestamp":"2026-06-07T16:00:46.535511Z","level":"info","event":"\u001b[0m16:00:46","logger":"task.stdout"}
{"timestamp":"2026-06-07T16:00:46.536165Z","level":"info","event":"\u001b[0m16:00:46  Done. PASS=2 WARN=0 ERROR=0 SKIP=0 NO-OP=0 TOTAL=2","logger":"task.stdout"}
{"timestamp":"2026-06-07T16:00:48.104058Z","level":"info","event":"Done. Returned value was: None","run_id":"scheduled__2026-06-06T23:00:00+00:00","map_index":-1,"dag_id":"news_daily","ti_id":"019ea2c6-1357-7039-ba4c-85c83d902879","try_number":1,"task_id":"dbt_marts","logger":"airflow.task.operators.airflow.providers.standard.operators.python.PythonOperator","filename":"python.py","lineno":233}
{"timestamp":"2026-06-07T16:00:48.104270Z","level":"info","event":"::group::Post Execute","run_id":"scheduled__2026-06-06T23:00:00+00:00","map_index":-1,"dag_id":"news_daily","ti_id":"019ea2c6-1357-7039-ba4c-85c83d902879","try_number":1,"task_id":"dbt_marts","logger":"task","filename":"task_runner.py","lineno":1288}
{"timestamp":"2026-06-07T16:00:48.133271Z","level":"info","event":"Airflow task SUCCESS dag=news_daily task=dbt_marts run_id=scheduled__2026-06-06T23:00:00+00:00","logger":"common.callbacks","run_id":"scheduled__2026-06-06T23:00:00+00:00","map_index":-1,"dag_id":"news_daily","ti_id":"019ea2c6-1357-7039-ba4c-85c83d902879","try_number":1,"task_id":"dbt_marts","filename":"callbacks.py","lineno":31}
{"timestamp":"2026-06-07T16:00:48.133461Z","level":"info","event":"::endgroup::","run_id":"scheduled__2026-06-06T23:00:00+00:00","map_index":-1,"dag_id":"news_daily","ti_id":"019ea2c6-1357-7039-ba4c-85c83d902879","try_number":1,"task_id":"dbt_marts","logger":"task","filename":"task_runner.py","lineno":1896}
