{"timestamp":"2026-06-09T15:20:58.783777Z","level":"info","event":"::group::Pre Execute","logger":"task","filename":"task_runner.py","lineno":1926}
{"timestamp":"2026-06-09T15:20:58.900958Z","level":"info","event":"DAG bundles loaded: dags-folder","run_id":"scheduled__2026-06-09T09:30:00+00:00","map_index":-1,"try_number":1,"ti_id":"019eacf1-3968-7729-a370-e7832704c5be","task_id":"dbt_marts","dag_id":"structured_daily","logger":"airflow.dag_processing.bundles.manager.DagBundlesManager","filename":"manager.py","lineno":209}
{"timestamp":"2026-06-09T15:20:58.909459Z","level":"info","event":"Filling up the DagBag from /opt/airflow/dags/structured_daily.py","run_id":"scheduled__2026-06-09T09:30:00+00:00","map_index":-1,"try_number":1,"ti_id":"019eacf1-3968-7729-a370-e7832704c5be","task_id":"dbt_marts","dag_id":"structured_daily","logger":"airflow.dag_processing.dagbag.BundleDagBag","filename":"dagbag.py","lineno":469}
{"timestamp":"2026-06-09T15:20:59.589301Z","level":"info","event":"::endgroup::","run_id":"scheduled__2026-06-09T09:30:00+00:00","map_index":-1,"try_number":1,"ti_id":"019eacf1-3968-7729-a370-e7832704c5be","task_id":"dbt_marts","dag_id":"structured_daily","logger":"task","filename":"task_runner.py","lineno":1727}
{"timestamp":"2026-06-09T15:20:59.605105Z","level":"info","event":"Running: dbt run --project-dir transform/dbt --profiles-dir transform/dbt --select +mart_stock_daily +mart_price_board +mart_market_overview (cwd=/opt/stock-pipeline)","logger":"common.tasks","run_id":"scheduled__2026-06-09T09:30:00+00:00","map_index":-1,"try_number":1,"ti_id":"019eacf1-3968-7729-a370-e7832704c5be","task_id":"dbt_marts","dag_id":"structured_daily","filename":"tasks.py","lineno":66}
{"timestamp":"2026-06-09T15:21:04.400545Z","level":"info","event":"\u001b[0m15:21:04  Running with dbt=1.10.22","logger":"task.stdout"}
{"timestamp":"2026-06-09T15:21:04.908776Z","level":"info","event":"\u001b[0m15:21:04  Registered adapter: postgres=1.10.0","logger":"task.stdout"}
{"timestamp":"2026-06-09T15:21:05.820810Z","level":"info","event":"\u001b[0m15:21:05  Found 24 models, 63 data tests, 8 sources, 476 macros","logger":"task.stdout"}
{"timestamp":"2026-06-09T15:21:05.826169Z","level":"info","event":"\u001b[0m15:21:05","logger":"task.stdout"}
{"timestamp":"2026-06-09T15:21:05.826771Z","level":"info","event":"\u001b[0m15:21:05  Concurrency: 4 threads (target='dev')","logger":"task.stdout"}
{"timestamp":"2026-06-09T15:21:05.827239Z","level":"info","event":"\u001b[0m15:21:05","logger":"task.stdout"}
{"timestamp":"2026-06-09T15:21:06.259637Z","level":"info","event":"\u001b[0m15:21:06  1 of 11 START sql view model gold.stg_index_price .............................. [RUN]","logger":"task.stdout"}
{"timestamp":"2026-06-09T15:21:06.263509Z","level":"info","event":"\u001b[0m15:21:06  2 of 11 START sql view model gold.stg_price .................................... [RUN]","logger":"task.stdout"}
{"timestamp":"2026-06-09T15:21:06.265197Z","level":"info","event":"\u001b[0m15:21:06  3 of 11 START sql view model gold.stg_price_board .............................. [RUN]","logger":"task.stdout"}
{"timestamp":"2026-06-09T15:21:06.314095Z","level":"info","event":"\u001b[0m15:21:06  4 of 11 START sql table model gold.fact_news_article ........................... [RUN]","logger":"task.stdout"}
{"timestamp":"2026-06-09T15:21:06.869785Z","level":"info","event":"\u001b[0m15:21:06  2 of 11 OK created sql view model gold.stg_price ............................... [\u001b[32mCREATE VIEW\u001b[0m in 0.59s]","logger":"task.stdout"}
{"timestamp":"2026-06-09T15:21:06.871063Z","level":"info","event":"\u001b[0m15:21:06  3 of 11 OK created sql view model gold.stg_price_board ......................... [\u001b[32mCREATE VIEW\u001b[0m in 0.60s]","logger":"task.stdout"}
{"timestamp":"2026-06-09T15:21:06.874980Z","level":"info","event":"\u001b[0m15:21:06  1 of 11 OK created sql view model gold.stg_index_price ......................... [\u001b[32mCREATE VIEW\u001b[0m in 0.60s]","logger":"task.stdout"}
{"timestamp":"2026-06-09T15:21:06.881509Z","level":"info","event":"\u001b[0m15:21:06  5 of 11 START sql table model gold.mart_price_board ............................ [RUN]","logger":"task.stdout"}
{"timestamp":"2026-06-09T15:21:06.882634Z","level":"info","event":"\u001b[0m15:21:06  6 of 11 START sql table model gold.int_price_indicator ......................... [RUN]","logger":"task.stdout"}
{"timestamp":"2026-06-09T15:21:06.895849Z","level":"info","event":"\u001b[0m15:21:06  7 of 11 START sql table model gold.fact_index_daily ............................ [RUN]","logger":"task.stdout"}
{"timestamp":"2026-06-09T15:21:07.543245Z","level":"info","event":"\u001b[0m15:21:07  5 of 11 OK created sql table model gold.mart_price_board ....................... [\u001b[32mSELECT 1270\u001b[0m in 0.65s]","logger":"task.stdout"}
{"timestamp":"2026-06-09T15:21:07.545885Z","level":"info","event":"\u001b[0m15:21:07  4 of 11 OK created sql table model gold.fact_news_article ...................... [\u001b[32mSELECT 739\u001b[0m in 1.20s]","logger":"task.stdout"}
{"timestamp":"2026-06-09T15:21:07.551458Z","level":"info","event":"\u001b[0m15:21:07  8 of 11 START sql table model gold.mart_stock_news_signal ...................... [RUN]","logger":"task.stdout"}
{"timestamp":"2026-06-09T15:21:08.142746Z","level":"info","event":"\u001b[0m15:21:08  8 of 11 OK created sql table model gold.mart_stock_news_signal ................. [\u001b[32mSELECT 535\u001b[0m in 0.59s]","logger":"task.stdout"}
{"timestamp":"2026-06-09T15:21:23.885206Z","level":"info","event":"\u001b[0m15:21:23  7 of 11 OK created sql table model gold.fact_index_daily ....................... [\u001b[32mSELECT 6255\u001b[0m in 16.94s]","logger":"task.stdout"}
{"timestamp":"2026-06-09T15:21:36.066361Z","level":"info","event":"\u001b[0m15:21:36  6 of 11 OK created sql table model gold.int_price_indicator .................... [\u001b[32mSELECT 761092\u001b[0m in 29.16s]","logger":"task.stdout"}
{"timestamp":"2026-06-09T15:21:36.085557Z","level":"info","event":"\u001b[0m15:21:36  9 of 11 START sql table model gold.fact_price_daily ............................ [RUN]","logger":"task.stdout"}
{"timestamp":"2026-06-09T15:22:02.157348Z","level":"info","event":"\u001b[0m15:22:02  9 of 11 OK created sql table model gold.fact_price_daily ....................... [\u001b[32mSELECT 761092\u001b[0m in 26.05s]","logger":"task.stdout"}
{"timestamp":"2026-06-09T15:22:02.189368Z","level":"info","event":"\u001b[0m15:22:02  10 of 11 START sql table model gold.mart_market_overview ....................... [RUN]","logger":"task.stdout"}
{"timestamp":"2026-06-09T15:22:02.190226Z","level":"info","event":"\u001b[0m15:22:02  11 of 11 START sql table model gold.mart_stock_daily ........................... [RUN]","logger":"task.stdout"}
{"timestamp":"2026-06-09T15:22:42.157947Z","level":"info","event":"\u001b[0m15:22:42  11 of 11 OK created sql table model gold.mart_stock_daily ...................... [\u001b[32mSELECT 761092\u001b[0m in 39.95s]","logger":"task.stdout"}
{"timestamp":"2026-06-09T15:28:42.226982Z","level":"info","event":"\u001b[0m15:28:42  10 of 11 OK created sql table model gold.mart_market_overview .................. [\u001b[32mSELECT 1251\u001b[0m in 399.89s]","logger":"task.stdout"}
{"timestamp":"2026-06-09T15:28:42.675239Z","level":"info","event":"\u001b[0m15:28:42","logger":"task.stdout"}
{"timestamp":"2026-06-09T15:28:42.680080Z","level":"info","event":"\u001b[0m15:28:42  Finished running 8 table models, 3 view models in 0 hours 7 minutes and 36.82 seconds (456.82s).","logger":"task.stdout"}
{"timestamp":"2026-06-09T15:28:43.613483Z","level":"info","event":"\u001b[0m15:28:43","logger":"task.stdout"}
{"timestamp":"2026-06-09T15:28:43.625501Z","level":"info","event":"\u001b[0m15:28:43  \u001b[32mCompleted successfully\u001b[0m","logger":"task.stdout"}
{"timestamp":"2026-06-09T15:28:43.625970Z","level":"info","event":"\u001b[0m15:28:43","logger":"task.stdout"}
{"timestamp":"2026-06-09T15:28:43.628337Z","level":"info","event":"\u001b[0m15:28:43  Done. PASS=11 WARN=0 ERROR=0 SKIP=0 NO-OP=0 TOTAL=11","logger":"task.stdout"}
{"timestamp":"2026-06-09T15:28:49.188180Z","level":"info","event":"Done. Returned value was: None","run_id":"scheduled__2026-06-09T09:30:00+00:00","map_index":-1,"try_number":1,"ti_id":"019eacf1-3968-7729-a370-e7832704c5be","task_id":"dbt_marts","dag_id":"structured_daily","logger":"airflow.task.operators.airflow.providers.standard.operators.python.PythonOperator","filename":"python.py","lineno":233}
{"timestamp":"2026-06-09T15:28:49.233377Z","level":"info","event":"::group::Post Execute","run_id":"scheduled__2026-06-09T09:30:00+00:00","map_index":-1,"try_number":1,"ti_id":"019eacf1-3968-7729-a370-e7832704c5be","task_id":"dbt_marts","dag_id":"structured_daily","logger":"task","filename":"task_runner.py","lineno":1288}
{"timestamp":"2026-06-09T15:28:50.025891Z","level":"info","event":"Airflow task SUCCESS dag=structured_daily task=dbt_marts run_id=scheduled__2026-06-09T09:30:00+00:00","logger":"common.callbacks","run_id":"scheduled__2026-06-09T09:30:00+00:00","map_index":-1,"try_number":1,"ti_id":"019eacf1-3968-7729-a370-e7832704c5be","task_id":"dbt_marts","dag_id":"structured_daily","filename":"callbacks.py","lineno":31}
{"timestamp":"2026-06-09T15:28:50.046207Z","level":"info","event":"::endgroup::","run_id":"scheduled__2026-06-09T09:30:00+00:00","map_index":-1,"try_number":1,"ti_id":"019eacf1-3968-7729-a370-e7832704c5be","task_id":"dbt_marts","dag_id":"structured_daily","logger":"task","filename":"task_runner.py","lineno":1896}
