{"timestamp":"2026-06-09T16:28:41.485088Z","level":"info","event":"::group::Pre Execute","logger":"task","filename":"task_runner.py","lineno":1926}
{"timestamp":"2026-06-09T16:28:42.299817Z","level":"info","event":"DAG bundles loaded: dags-folder","try_number":1,"dag_id":"gold_full_refresh","run_id":"manual__2026-06-09T16:28:36.722793+00:00","task_id":"dbt_run_full","map_index":-1,"ti_id":"019ead36-e79d-7bc6-b376-81911498a1bf","logger":"airflow.dag_processing.bundles.manager.DagBundlesManager","filename":"manager.py","lineno":209}
{"timestamp":"2026-06-09T16:28:42.318015Z","level":"info","event":"Filling up the DagBag from /opt/airflow/dags/gold_full_refresh.py","try_number":1,"dag_id":"gold_full_refresh","run_id":"manual__2026-06-09T16:28:36.722793+00:00","task_id":"dbt_run_full","map_index":-1,"ti_id":"019ead36-e79d-7bc6-b376-81911498a1bf","logger":"airflow.dag_processing.dagbag.BundleDagBag","filename":"dagbag.py","lineno":469}
{"timestamp":"2026-06-09T16:28:42.999882Z","level":"info","event":"::endgroup::","try_number":1,"dag_id":"gold_full_refresh","run_id":"manual__2026-06-09T16:28:36.722793+00:00","task_id":"dbt_run_full","map_index":-1,"ti_id":"019ead36-e79d-7bc6-b376-81911498a1bf","logger":"task","filename":"task_runner.py","lineno":1727}
{"timestamp":"2026-06-09T16:28:43.020071Z","level":"info","event":"Running: dbt run --project-dir transform/dbt --profiles-dir transform/dbt (cwd=/opt/stock-pipeline)","logger":"common.tasks","try_number":1,"dag_id":"gold_full_refresh","run_id":"manual__2026-06-09T16:28:36.722793+00:00","task_id":"dbt_run_full","map_index":-1,"ti_id":"019ead36-e79d-7bc6-b376-81911498a1bf","filename":"tasks.py","lineno":66}
{"timestamp":"2026-06-09T16:28:47.668510Z","level":"info","event":"\u001b[0m16:28:47  Running with dbt=1.10.22","logger":"task.stdout"}
{"timestamp":"2026-06-09T16:28:48.306034Z","level":"info","event":"\u001b[0m16:28:48  Registered adapter: postgres=1.10.0","logger":"task.stdout"}
{"timestamp":"2026-06-09T16:28:49.273053Z","level":"info","event":"\u001b[0m16:28:49  Found 24 models, 63 data tests, 8 sources, 476 macros","logger":"task.stdout"}
{"timestamp":"2026-06-09T16:28:49.282470Z","level":"info","event":"\u001b[0m16:28:49","logger":"task.stdout"}
{"timestamp":"2026-06-09T16:28:49.284428Z","level":"info","event":"\u001b[0m16:28:49  Concurrency: 4 threads (target='dev')","logger":"task.stdout"}
{"timestamp":"2026-06-09T16:28:49.285746Z","level":"info","event":"\u001b[0m16:28:49","logger":"task.stdout"}
{"timestamp":"2026-06-09T16:28:50.146643Z","level":"info","event":"\u001b[0m16:28:50  1 of 22 START sql view model gold.stg_company .................................. [RUN]","logger":"task.stdout"}
{"timestamp":"2026-06-09T16:28:50.148236Z","level":"info","event":"\u001b[0m16:28:50  2 of 22 START sql view model gold.stg_financial_ratio .......................... [RUN]","logger":"task.stdout"}
{"timestamp":"2026-06-09T16:28:50.149311Z","level":"info","event":"\u001b[0m16:28:50  3 of 22 START sql view model gold.stg_index_price .............................. [RUN]","logger":"task.stdout"}
{"timestamp":"2026-06-09T16:28:50.220652Z","level":"info","event":"\u001b[0m16:28:50  4 of 22 START sql view model gold.stg_listing .................................. [RUN]","logger":"task.stdout"}
{"timestamp":"2026-06-09T16:28:50.691327Z","level":"info","event":"\u001b[0m16:28:50  3 of 22 OK created sql view model gold.stg_index_price ......................... [\u001b[32mCREATE VIEW\u001b[0m in 0.53s]","logger":"task.stdout"}
{"timestamp":"2026-06-09T16:28:50.692077Z","level":"info","event":"\u001b[0m16:28:50  1 of 22 OK created sql view model gold.stg_company ............................. [\u001b[32mCREATE VIEW\u001b[0m in 0.53s]","logger":"task.stdout"}
{"timestamp":"2026-06-09T16:28:50.693100Z","level":"info","event":"\u001b[0m16:28:50  4 of 22 OK created sql view model gold.stg_listing ............................. [\u001b[32mCREATE VIEW\u001b[0m in 0.46s]","logger":"task.stdout"}
{"timestamp":"2026-06-09T16:28:50.697070Z","level":"info","event":"\u001b[0m16:28:50  2 of 22 OK created sql view model gold.stg_financial_ratio ..................... [\u001b[32mCREATE VIEW\u001b[0m in 0.53s]","logger":"task.stdout"}
{"timestamp":"2026-06-09T16:28:50.703147Z","level":"info","event":"\u001b[0m16:28:50  5 of 22 START sql view model gold.stg_price .................................... [RUN]","logger":"task.stdout"}
{"timestamp":"2026-06-09T16:28:50.704538Z","level":"info","event":"\u001b[0m16:28:50  6 of 22 START sql view model gold.stg_price_board .............................. [RUN]","logger":"task.stdout"}
{"timestamp":"2026-06-09T16:28:50.706908Z","level":"info","event":"\u001b[0m16:28:50  7 of 22 START sql table model gold.mart_bctc_documents ......................... [RUN]","logger":"task.stdout"}
{"timestamp":"2026-06-09T16:28:50.736426Z","level":"info","event":"\u001b[0m16:28:50  8 of 22 START sql table model gold.fact_index_daily ............................ [RUN]","logger":"task.stdout"}
{"timestamp":"2026-06-09T16:28:50.894330Z","level":"info","event":"\u001b[0m16:28:50  5 of 22 OK created sql view model gold.stg_price ............................... [\u001b[32mCREATE VIEW\u001b[0m in 0.19s]","logger":"task.stdout"}
{"timestamp":"2026-06-09T16:28:50.899380Z","level":"info","event":"\u001b[0m16:28:50  9 of 22 START sql table model gold.dim_company ................................. [RUN]","logger":"task.stdout"}
{"timestamp":"2026-06-09T16:28:50.907230Z","level":"info","event":"\u001b[0m16:28:50  6 of 22 OK created sql view model gold.stg_price_board ......................... [\u001b[32mCREATE VIEW\u001b[0m in 0.20s]","logger":"task.stdout"}
{"timestamp":"2026-06-09T16:28:50.917150Z","level":"info","event":"\u001b[0m16:28:50  10 of 22 START sql table model gold.dim_security ............................... [RUN]","logger":"task.stdout"}
{"timestamp":"2026-06-09T16:28:51.311325Z","level":"info","event":"\u001b[0m16:28:51  7 of 22 OK created sql table model gold.mart_bctc_documents .................... [\u001b[32mSELECT 1188\u001b[0m in 0.59s]","logger":"task.stdout"}
{"timestamp":"2026-06-09T16:28:51.317976Z","level":"info","event":"\u001b[0m16:28:51  10 of 22 OK created sql table model gold.dim_security .......................... [\u001b[32mSELECT 1533\u001b[0m in 0.39s]","logger":"task.stdout"}
{"timestamp":"2026-06-09T16:28:51.343496Z","level":"info","event":"\u001b[0m16:28:51  11 of 22 START sql table model gold.mart_financial_summary ..................... [RUN]","logger":"task.stdout"}
{"timestamp":"2026-06-09T16:28:51.350529Z","level":"info","event":"\u001b[0m16:28:51  12 of 22 START sql table model gold.fact_news_article .......................... [RUN]","logger":"task.stdout"}
{"timestamp":"2026-06-09T16:28:51.359258Z","level":"info","event":"\u001b[0m16:28:51  9 of 22 OK created sql table model gold.dim_company ............................ [\u001b[32mSELECT 703\u001b[0m in 0.44s]","logger":"task.stdout"}
{"timestamp":"2026-06-09T16:28:51.385633Z","level":"info","event":"\u001b[0m16:28:51  13 of 22 START sql table model gold.int_news_sentiment_daily ................... [RUN]","logger":"task.stdout"}
{"timestamp":"2026-06-09T16:28:51.394944Z","level":"info","event":"\u001b[0m16:28:51  8 of 22 OK created sql table model gold.fact_index_daily ....................... [\u001b[32mSELECT 6255\u001b[0m in 0.65s]","logger":"task.stdout"}
{"timestamp":"2026-06-09T16:28:51.422500Z","level":"info","event":"\u001b[0m16:28:51  14 of 22 START sql table model gold.int_price_indicator ........................ [RUN]","logger":"task.stdout"}
{"timestamp":"2026-06-09T16:28:52.762546Z","level":"info","event":"\u001b[0m16:28:52  13 of 22 OK created sql table model gold.int_news_sentiment_daily .............. [\u001b[32mSELECT 611\u001b[0m in 1.37s]","logger":"task.stdout"}
{"timestamp":"2026-06-09T16:28:52.823866Z","level":"info","event":"\u001b[0m16:28:52  15 of 22 START sql table model gold.mart_price_board ........................... [RUN]","logger":"task.stdout"}
{"timestamp":"2026-06-09T16:28:53.630365Z","level":"info","event":"\u001b[0m16:28:53  15 of 22 OK created sql table model gold.mart_price_board ...................... [\u001b[32mSELECT 1270\u001b[0m in 0.85s]","logger":"task.stdout"}
{"timestamp":"2026-06-09T16:28:53.635021Z","level":"info","event":"\u001b[0m16:28:53  16 of 22 START sql table model gold.mart_stock_news_daily ...................... [RUN]","logger":"task.stdout"}
{"timestamp":"2026-06-09T16:28:53.721972Z","level":"info","event":"\u001b[0m16:28:53  12 of 22 OK created sql table model gold.fact_news_article ..................... [\u001b[32mSELECT 863\u001b[0m in 2.36s]","logger":"task.stdout"}
{"timestamp":"2026-06-09T16:28:53.728958Z","level":"info","event":"\u001b[0m16:28:53  17 of 22 START sql table model gold.mart_stock_news_signal ..................... [RUN]","logger":"task.stdout"}
{"timestamp":"2026-06-09T16:28:54.033979Z","level":"info","event":"\u001b[0m16:28:54  16 of 22 OK created sql table model gold.mart_stock_news_daily ................. [\u001b[32mSELECT 611\u001b[0m in 0.39s]","logger":"task.stdout"}
{"timestamp":"2026-06-09T16:28:54.504173Z","level":"info","event":"\u001b[0m16:28:54  17 of 22 OK created sql table model gold.mart_stock_news_signal ................ [\u001b[32mSELECT 608\u001b[0m in 0.77s]","logger":"task.stdout"}
{"timestamp":"2026-06-09T16:29:07.708927Z","level":"info","event":"\u001b[0m16:29:07  11 of 22 OK created sql table model gold.mart_financial_summary ................ [\u001b[32mSELECT 10545\u001b[0m in 16.35s]","logger":"task.stdout"}
{"timestamp":"2026-06-09T16:29:37.467528Z","level":"info","event":"\u001b[0m16:29:37  14 of 22 OK created sql table model gold.int_price_indicator ................... [\u001b[32mSELECT 761092\u001b[0m in 46.01s]","logger":"task.stdout"}
{"timestamp":"2026-06-09T16:29:37.495559Z","level":"info","event":"\u001b[0m16:29:37  18 of 22 START sql table model gold.fact_price_daily ........................... [RUN]","logger":"task.stdout"}
{"timestamp":"2026-06-09T16:30:21.059513Z","level":"info","event":"\u001b[0m16:30:21  18 of 22 OK created sql table model gold.fact_price_daily ...................... [\u001b[32mSELECT 761092\u001b[0m in 43.50s]","logger":"task.stdout"}
{"timestamp":"2026-06-09T16:30:21.124928Z","level":"info","event":"\u001b[0m16:30:21  19 of 22 START sql table model gold.mart_company_profile ....................... [RUN]","logger":"task.stdout"}
{"timestamp":"2026-06-09T16:30:21.131771Z","level":"info","event":"\u001b[0m16:30:21  21 of 22 START sql table model gold.mart_stock_daily ........................... [RUN]","logger":"task.stdout"}
{"timestamp":"2026-06-09T16:30:21.136865Z","level":"info","event":"\u001b[0m16:30:21  20 of 22 START sql table model gold.mart_market_overview ....................... [RUN]","logger":"task.stdout"}
{"timestamp":"2026-06-09T16:30:40.706287Z","level":"info","event":"\u001b[0m16:30:40  21 of 22 OK created sql table model gold.mart_stock_daily ...................... [\u001b[32mSELECT 761092\u001b[0m in 19.54s]","logger":"task.stdout"}
{"timestamp":"2026-06-09T16:30:46.401117Z","level":"info","event":"\u001b[0m16:30:46  19 of 22 OK created sql table model gold.mart_company_profile .................. [\u001b[32mSELECT 703\u001b[0m in 25.25s]","logger":"task.stdout"}
{"timestamp":"2026-06-09T16:30:46.424191Z","level":"info","event":"\u001b[0m16:30:46  22 of 22 START sql table model gold.mart_ticker_directory ...................... [RUN]","logger":"task.stdout"}
{"timestamp":"2026-06-09T16:30:47.206650Z","level":"info","event":"\u001b[0m16:30:47  22 of 22 OK created sql table model gold.mart_ticker_directory ................. [\u001b[32mSELECT 1571\u001b[0m in 0.78s]","logger":"task.stdout"}
{"timestamp":"2026-06-09T16:36:53.202469Z","level":"info","event":"\u001b[0m16:36:53  20 of 22 OK created sql table model gold.mart_market_overview .................. [\u001b[32mSELECT 1251\u001b[0m in 392.03s]","logger":"task.stdout"}
{"timestamp":"2026-06-09T16:36:53.485561Z","level":"info","event":"\u001b[0m16:36:53","logger":"task.stdout"}
{"timestamp":"2026-06-09T16:36:53.490077Z","level":"info","event":"\u001b[0m16:36:53  Finished running 16 table models, 6 view models in 0 hours 8 minutes and 4.18 seconds (484.18s).","logger":"task.stdout"}
{"timestamp":"2026-06-09T16:36:53.896007Z","level":"info","event":"\u001b[0m16:36:53","logger":"task.stdout"}
{"timestamp":"2026-06-09T16:36:53.901353Z","level":"info","event":"\u001b[0m16:36:53  \u001b[32mCompleted successfully\u001b[0m","logger":"task.stdout"}
{"timestamp":"2026-06-09T16:36:53.903400Z","level":"info","event":"\u001b[0m16:36:53","logger":"task.stdout"}
{"timestamp":"2026-06-09T16:36:53.907729Z","level":"info","event":"\u001b[0m16:36:53  Done. PASS=22 WARN=0 ERROR=0 SKIP=0 NO-OP=0 TOTAL=22","logger":"task.stdout"}
{"timestamp":"2026-06-09T16:36:57.117176Z","level":"info","event":"Done. Returned value was: None","try_number":1,"dag_id":"gold_full_refresh","run_id":"manual__2026-06-09T16:28:36.722793+00:00","task_id":"dbt_run_full","map_index":-1,"ti_id":"019ead36-e79d-7bc6-b376-81911498a1bf","logger":"airflow.task.operators.airflow.providers.standard.operators.python.PythonOperator","filename":"python.py","lineno":233}
{"timestamp":"2026-06-09T16:36:57.139886Z","level":"info","event":"::group::Post Execute","try_number":1,"dag_id":"gold_full_refresh","run_id":"manual__2026-06-09T16:28:36.722793+00:00","task_id":"dbt_run_full","map_index":-1,"ti_id":"019ead36-e79d-7bc6-b376-81911498a1bf","logger":"task","filename":"task_runner.py","lineno":1288}
{"timestamp":"2026-06-09T16:36:57.388026Z","level":"info","event":"Airflow task SUCCESS dag=gold_full_refresh task=dbt_run_full run_id=manual__2026-06-09T16:28:36.722793+00:00","logger":"common.callbacks","try_number":1,"dag_id":"gold_full_refresh","run_id":"manual__2026-06-09T16:28:36.722793+00:00","task_id":"dbt_run_full","map_index":-1,"ti_id":"019ead36-e79d-7bc6-b376-81911498a1bf","filename":"callbacks.py","lineno":31}
{"timestamp":"2026-06-09T16:36:57.397571Z","level":"info","event":"::endgroup::","try_number":1,"dag_id":"gold_full_refresh","run_id":"manual__2026-06-09T16:28:36.722793+00:00","task_id":"dbt_run_full","map_index":-1,"ti_id":"019ead36-e79d-7bc6-b376-81911498a1bf","logger":"task","filename":"task_runner.py","lineno":1896}
