{"timestamp":"2026-06-08T16:33:29.633619Z","level":"info","event":"::group::Pre Execute","logger":"task","filename":"task_runner.py","lineno":1926}
{"timestamp":"2026-06-08T16:33:29.640272Z","level":"info","event":"DAG bundles loaded: dags-folder","task_id":"load_silver","run_id":"manual__2026-06-08T16:31:37.075214+00:00","try_number":1,"map_index":-1,"dag_id":"structured_daily","ti_id":"019ea813-4aed-775f-8170-b223d87544d4","logger":"airflow.dag_processing.bundles.manager.DagBundlesManager","filename":"manager.py","lineno":209}
{"timestamp":"2026-06-08T16:33:29.641943Z","level":"info","event":"Filling up the DagBag from /opt/airflow/dags/structured_daily.py","task_id":"load_silver","run_id":"manual__2026-06-08T16:31:37.075214+00:00","try_number":1,"map_index":-1,"dag_id":"structured_daily","ti_id":"019ea813-4aed-775f-8170-b223d87544d4","logger":"airflow.dag_processing.dagbag.BundleDagBag","filename":"dagbag.py","lineno":469}
{"timestamp":"2026-06-08T16:33:29.749538Z","level":"info","event":"::endgroup::","task_id":"load_silver","run_id":"manual__2026-06-08T16:31:37.075214+00:00","try_number":1,"map_index":-1,"dag_id":"structured_daily","ti_id":"019ea813-4aed-775f-8170-b223d87544d4","logger":"task","filename":"task_runner.py","lineno":1727}
{"timestamp":"2026-06-08T16:33:29.752853Z","level":"info","event":"Running: /usr/python/bin/python3.12 -m warehouse.loader.cli load-silver --dataset price,index_price,price_board (cwd=/opt/stock-pipeline)","logger":"common.tasks","task_id":"load_silver","run_id":"manual__2026-06-08T16:31:37.075214+00:00","try_number":1,"map_index":-1,"dag_id":"structured_daily","ti_id":"019ea813-4aed-775f-8170-b223d87544d4","filename":"tasks.py","lineno":66}
{"timestamp":"2026-06-08T16:33:30.334726Z","level":"error","event":"16:33:30 [INFO] Connecting to DB: postgresql://stock:stock@host.docker.internal:55432/stock_pipeline","logger":"task.stderr"}
{"timestamp":"2026-06-08T16:34:06.044043Z","level":"error","event":"16:34:06 [INFO] [price] Read 761042 rows from 1253 parquet files","logger":"task.stderr"}
{"timestamp":"2026-06-08T16:35:43.913518Z","level":"error","event":"16:35:43 [INFO] [price] rows_read=761042 inserted=0 updated=761042","logger":"task.stderr"}
{"timestamp":"2026-06-08T16:36:13.203245Z","level":"error","event":"16:36:13 [INFO] [index_price] Read 6250 rows from 1250 parquet files","logger":"task.stderr"}
{"timestamp":"2026-06-08T16:36:14.094245Z","level":"error","event":"16:36:14 [INFO] [index_price] rows_read=6250 inserted=0 updated=6250","logger":"task.stderr"}
{"timestamp":"2026-06-08T16:36:14.152385Z","level":"error","event":"16:36:14 [INFO] [price_board] Read 100 rows from 2 parquet files","logger":"task.stderr"}
{"timestamp":"2026-06-08T16:36:14.218355Z","level":"error","event":"16:36:14 [INFO] [price_board] rows_read=100 inserted=0 updated=100","logger":"task.stderr"}
{"timestamp":"2026-06-08T16:36:14.222538Z","level":"error","event":"16:36:14 [INFO] All datasets loaded successfully.","logger":"task.stderr"}
{"timestamp":"2026-06-08T16:36:14.235809Z","level":"info","event":"[price] rows_read=761042 inserted=0 updated=761042","logger":"task.stdout"}
{"timestamp":"2026-06-08T16:36:14.241500Z","level":"info","event":"[index_price] rows_read=6250 inserted=0 updated=6250","logger":"task.stdout"}
{"timestamp":"2026-06-08T16:36:14.242413Z","level":"info","event":"[price_board] rows_read=100 inserted=0 updated=100","logger":"task.stdout"}
{"timestamp":"2026-06-08T16:36:14.969268Z","level":"info","event":"Done. Returned value was: None","task_id":"load_silver","run_id":"manual__2026-06-08T16:31:37.075214+00:00","try_number":1,"map_index":-1,"dag_id":"structured_daily","ti_id":"019ea813-4aed-775f-8170-b223d87544d4","logger":"airflow.task.operators.airflow.providers.standard.operators.python.PythonOperator","filename":"python.py","lineno":233}
{"timestamp":"2026-06-08T16:36:15.000637Z","level":"info","event":"::group::Post Execute","task_id":"load_silver","run_id":"manual__2026-06-08T16:31:37.075214+00:00","try_number":1,"map_index":-1,"dag_id":"structured_daily","ti_id":"019ea813-4aed-775f-8170-b223d87544d4","logger":"task","filename":"task_runner.py","lineno":1288}
{"timestamp":"2026-06-08T16:36:15.312817Z","level":"info","event":"Airflow task SUCCESS dag=structured_daily task=load_silver run_id=manual__2026-06-08T16:31:37.075214+00:00","logger":"common.callbacks","task_id":"load_silver","run_id":"manual__2026-06-08T16:31:37.075214+00:00","try_number":1,"map_index":-1,"dag_id":"structured_daily","ti_id":"019ea813-4aed-775f-8170-b223d87544d4","filename":"callbacks.py","lineno":31}
{"timestamp":"2026-06-08T16:36:15.323414Z","level":"info","event":"::endgroup::","task_id":"load_silver","run_id":"manual__2026-06-08T16:31:37.075214+00:00","try_number":1,"map_index":-1,"dag_id":"structured_daily","ti_id":"019ea813-4aed-775f-8170-b223d87544d4","logger":"task","filename":"task_runner.py","lineno":1896}
