{"timestamp":"2026-06-08T15:42:25.162137Z","level":"info","event":"::group::Pre Execute","logger":"task","filename":"task_runner.py","lineno":1926}
{"timestamp":"2026-06-08T15:42:25.269734Z","level":"info","event":"DAG bundles loaded: dags-folder","run_id":"scheduled__2026-06-08T09:30:00+00:00","try_number":1,"dag_id":"structured_daily","ti_id":"019ea7e1-ef58-771d-90a5-b9521c5882dd","task_id":"load_silver","map_index":-1,"logger":"airflow.dag_processing.bundles.manager.DagBundlesManager","filename":"manager.py","lineno":209}
{"timestamp":"2026-06-08T15:42:25.278393Z","level":"info","event":"Filling up the DagBag from /opt/airflow/dags/structured_daily.py","run_id":"scheduled__2026-06-08T09:30:00+00:00","try_number":1,"dag_id":"structured_daily","ti_id":"019ea7e1-ef58-771d-90a5-b9521c5882dd","task_id":"load_silver","map_index":-1,"logger":"airflow.dag_processing.dagbag.BundleDagBag","filename":"dagbag.py","lineno":469}
{"timestamp":"2026-06-08T15:42:25.860487Z","level":"info","event":"::endgroup::","run_id":"scheduled__2026-06-08T09:30:00+00:00","try_number":1,"dag_id":"structured_daily","ti_id":"019ea7e1-ef58-771d-90a5-b9521c5882dd","task_id":"load_silver","map_index":-1,"logger":"task","filename":"task_runner.py","lineno":1727}
{"timestamp":"2026-06-08T15:42:25.874427Z","level":"info","event":"Running: /usr/python/bin/python3.12 -m warehouse.loader.cli load-silver --dataset price,index_price,price_board (cwd=/opt/stock-pipeline)","logger":"common.tasks","run_id":"scheduled__2026-06-08T09:30:00+00:00","try_number":1,"dag_id":"structured_daily","ti_id":"019ea7e1-ef58-771d-90a5-b9521c5882dd","task_id":"load_silver","map_index":-1,"filename":"tasks.py","lineno":66}
{"timestamp":"2026-06-08T15:42:28.304983Z","level":"error","event":"15:42:28 [INFO] Connecting to DB: postgresql://stock:stock@host.docker.internal:55432/stock_pipeline","logger":"task.stderr"}
{"timestamp":"2026-06-08T15:43:38.622831Z","level":"error","event":"15:43:38 [INFO] [price] Read 761042 rows from 1253 parquet files","logger":"task.stderr"}
{"timestamp":"2026-06-08T15:45:46.391143Z","level":"error","event":"15:45:46 [INFO] [price] rows_read=761042 inserted=50 updated=760992","logger":"task.stderr"}
{"timestamp":"2026-06-08T15:49:07.055617Z","level":"error","event":"15:49:07 [INFO] [index_price] Read 6250 rows from 1250 parquet files","logger":"task.stderr"}
{"timestamp":"2026-06-08T15:49:12.782177Z","level":"error","event":"15:49:12 [INFO] [index_price] rows_read=6250 inserted=5 updated=6245","logger":"task.stderr"}
{"timestamp":"2026-06-08T15:49:12.907472Z","level":"error","event":"15:49:12 [INFO] [price_board] Read 100 rows from 2 parquet files","logger":"task.stderr"}
{"timestamp":"2026-06-08T15:49:13.029436Z","level":"error","event":"15:49:13 [INFO] [price_board] rows_read=100 inserted=50 updated=50","logger":"task.stderr"}
{"timestamp":"2026-06-08T15:49:13.048608Z","level":"error","event":"15:49:13 [INFO] All datasets loaded successfully.","logger":"task.stderr"}
{"timestamp":"2026-06-08T15:49:13.098156Z","level":"info","event":"[price] rows_read=761042 inserted=50 updated=760992","logger":"task.stdout"}
{"timestamp":"2026-06-08T15:49:13.120072Z","level":"info","event":"[index_price] rows_read=6250 inserted=5 updated=6245","logger":"task.stdout"}
{"timestamp":"2026-06-08T15:49:13.134699Z","level":"info","event":"[price_board] rows_read=100 inserted=50 updated=50","logger":"task.stdout"}
{"timestamp":"2026-06-08T15:49:17.497498Z","level":"info","event":"Done. Returned value was: None","run_id":"scheduled__2026-06-08T09:30:00+00:00","try_number":1,"dag_id":"structured_daily","ti_id":"019ea7e1-ef58-771d-90a5-b9521c5882dd","task_id":"load_silver","map_index":-1,"logger":"airflow.task.operators.airflow.providers.standard.operators.python.PythonOperator","filename":"python.py","lineno":233}
{"timestamp":"2026-06-08T15:49:17.546426Z","level":"info","event":"::group::Post Execute","run_id":"scheduled__2026-06-08T09:30:00+00:00","try_number":1,"dag_id":"structured_daily","ti_id":"019ea7e1-ef58-771d-90a5-b9521c5882dd","task_id":"load_silver","map_index":-1,"logger":"task","filename":"task_runner.py","lineno":1288}
{"timestamp":"2026-06-08T15:49:18.386553Z","level":"info","event":"Airflow task SUCCESS dag=structured_daily task=load_silver run_id=scheduled__2026-06-08T09:30:00+00:00","logger":"common.callbacks","run_id":"scheduled__2026-06-08T09:30:00+00:00","try_number":1,"dag_id":"structured_daily","ti_id":"019ea7e1-ef58-771d-90a5-b9521c5882dd","task_id":"load_silver","map_index":-1,"filename":"callbacks.py","lineno":31}
{"timestamp":"2026-06-08T15:49:18.460006Z","level":"info","event":"::endgroup::","run_id":"scheduled__2026-06-08T09:30:00+00:00","try_number":1,"dag_id":"structured_daily","ti_id":"019ea7e1-ef58-771d-90a5-b9521c5882dd","task_id":"load_silver","map_index":-1,"logger":"task","filename":"task_runner.py","lineno":1896}
