{"timestamp":"2026-06-07T16:01:48.503461Z","level":"info","event":"::group::Pre Execute","logger":"task","filename":"task_runner.py","lineno":1926}
{"timestamp":"2026-06-07T16:01:48.513583Z","level":"info","event":"DAG bundles loaded: dags-folder","try_number":1,"run_id":"scheduled__2026-06-06T03:00:00+00:00","ti_id":"019ea2c5-f985-7c16-bf82-8842c6b99457","dag_id":"bctc_weekly","task_id":"dbt_marts","map_index":-1,"logger":"airflow.dag_processing.bundles.manager.DagBundlesManager","filename":"manager.py","lineno":209}
{"timestamp":"2026-06-07T16:01:48.515350Z","level":"info","event":"Filling up the DagBag from /opt/airflow/dags/bctc_weekly.py","try_number":1,"run_id":"scheduled__2026-06-06T03:00:00+00:00","ti_id":"019ea2c5-f985-7c16-bf82-8842c6b99457","dag_id":"bctc_weekly","task_id":"dbt_marts","map_index":-1,"logger":"airflow.dag_processing.dagbag.BundleDagBag","filename":"dagbag.py","lineno":469}
{"timestamp":"2026-06-07T16:01:48.598940Z","level":"info","event":"::endgroup::","try_number":1,"run_id":"scheduled__2026-06-06T03:00:00+00:00","ti_id":"019ea2c5-f985-7c16-bf82-8842c6b99457","dag_id":"bctc_weekly","task_id":"dbt_marts","map_index":-1,"logger":"task","filename":"task_runner.py","lineno":1727}
{"timestamp":"2026-06-07T16:01:48.603429Z","level":"info","event":"Running: dbt run --project-dir transform/dbt --profiles-dir transform/dbt --select +mart_bctc_documents (cwd=/opt/stock-pipeline)","logger":"common.tasks","try_number":1,"run_id":"scheduled__2026-06-06T03:00:00+00:00","ti_id":"019ea2c5-f985-7c16-bf82-8842c6b99457","dag_id":"bctc_weekly","task_id":"dbt_marts","map_index":-1,"filename":"tasks.py","lineno":66}
{"timestamp":"2026-06-07T16:01:50.975237Z","level":"info","event":"\u001b[0m16:01:50  Running with dbt=1.10.22","logger":"task.stdout"}
{"timestamp":"2026-06-07T16:01:51.947785Z","level":"info","event":"\u001b[0m16:01:51  Registered adapter: postgres=1.10.0","logger":"task.stdout"}
{"timestamp":"2026-06-07T16:01:52.881925Z","level":"info","event":"\u001b[0m16:01:52  Found 24 models, 63 data tests, 8 sources, 476 macros","logger":"task.stdout"}
{"timestamp":"2026-06-07T16:01:52.886464Z","level":"info","event":"\u001b[0m16:01:52","logger":"task.stdout"}
{"timestamp":"2026-06-07T16:01:52.887208Z","level":"info","event":"\u001b[0m16:01:52  Concurrency: 4 threads (target='dev')","logger":"task.stdout"}
{"timestamp":"2026-06-07T16:01:52.887903Z","level":"info","event":"\u001b[0m16:01:52","logger":"task.stdout"}
{"timestamp":"2026-06-07T16:01:53.151876Z","level":"info","event":"\u001b[0m16:01:53  1 of 1 START sql table model gold.mart_bctc_documents .......................... [RUN]","logger":"task.stdout"}
{"timestamp":"2026-06-07T16:01:53.389934Z","level":"info","event":"\u001b[0m16:01:53  1 of 1 OK created sql table model gold.mart_bctc_documents ..................... [\u001b[32mSELECT 1188\u001b[0m in 0.23s]","logger":"task.stdout"}
{"timestamp":"2026-06-07T16:01:53.412265Z","level":"info","event":"\u001b[0m16:01:53","logger":"task.stdout"}
{"timestamp":"2026-06-07T16:01:53.412851Z","level":"info","event":"\u001b[0m16:01:53  Finished running 1 table model in 0 hours 0 minutes and 0.52 seconds (0.52s).","logger":"task.stdout"}
{"timestamp":"2026-06-07T16:01:53.497079Z","level":"info","event":"\u001b[0m16:01:53","logger":"task.stdout"}
{"timestamp":"2026-06-07T16:01:53.497847Z","level":"info","event":"\u001b[0m16:01:53  \u001b[32mCompleted successfully\u001b[0m","logger":"task.stdout"}
{"timestamp":"2026-06-07T16:01:53.498514Z","level":"info","event":"\u001b[0m16:01:53","logger":"task.stdout"}
{"timestamp":"2026-06-07T16:01:53.499341Z","level":"info","event":"\u001b[0m16:01:53  Done. PASS=1 WARN=0 ERROR=0 SKIP=0 NO-OP=0 TOTAL=1","logger":"task.stdout"}
{"timestamp":"2026-06-07T16:01:54.953599Z","level":"info","event":"Done. Returned value was: None","try_number":1,"run_id":"scheduled__2026-06-06T03:00:00+00:00","ti_id":"019ea2c5-f985-7c16-bf82-8842c6b99457","dag_id":"bctc_weekly","task_id":"dbt_marts","map_index":-1,"logger":"airflow.task.operators.airflow.providers.standard.operators.python.PythonOperator","filename":"python.py","lineno":233}
{"timestamp":"2026-06-07T16:01:54.953793Z","level":"info","event":"::group::Post Execute","try_number":1,"run_id":"scheduled__2026-06-06T03:00:00+00:00","ti_id":"019ea2c5-f985-7c16-bf82-8842c6b99457","dag_id":"bctc_weekly","task_id":"dbt_marts","map_index":-1,"logger":"task","filename":"task_runner.py","lineno":1288}
{"timestamp":"2026-06-07T16:01:54.978178Z","level":"info","event":"Airflow task SUCCESS dag=bctc_weekly task=dbt_marts run_id=scheduled__2026-06-06T03:00:00+00:00","logger":"common.callbacks","try_number":1,"run_id":"scheduled__2026-06-06T03:00:00+00:00","ti_id":"019ea2c5-f985-7c16-bf82-8842c6b99457","dag_id":"bctc_weekly","task_id":"dbt_marts","map_index":-1,"filename":"callbacks.py","lineno":31}
{"timestamp":"2026-06-07T16:01:54.978360Z","level":"info","event":"::endgroup::","try_number":1,"run_id":"scheduled__2026-06-06T03:00:00+00:00","ti_id":"019ea2c5-f985-7c16-bf82-8842c6b99457","dag_id":"bctc_weekly","task_id":"dbt_marts","map_index":-1,"logger":"task","filename":"task_runner.py","lineno":1896}
