{"timestamp":"2026-06-07T15:53:07.744537Z","level":"info","event":"::group::Pre Execute","logger":"task","filename":"task_runner.py","lineno":1926}
{"timestamp":"2026-06-07T15:53:07.763380Z","level":"info","event":"DAG bundles loaded: dags-folder","map_index":-1,"dag_id":"structured_daily","run_id":"scheduled__2026-06-05T09:30:00+00:00","try_number":1,"ti_id":"019ea2c6-180d-752c-81ef-73280222781f","task_id":"load_silver","logger":"airflow.dag_processing.bundles.manager.DagBundlesManager","filename":"manager.py","lineno":209}
{"timestamp":"2026-06-07T15:53:07.765527Z","level":"info","event":"Filling up the DagBag from /opt/airflow/dags/structured_daily.py","map_index":-1,"dag_id":"structured_daily","run_id":"scheduled__2026-06-05T09:30:00+00:00","try_number":1,"ti_id":"019ea2c6-180d-752c-81ef-73280222781f","task_id":"load_silver","logger":"airflow.dag_processing.dagbag.BundleDagBag","filename":"dagbag.py","lineno":469}
{"timestamp":"2026-06-07T15:53:07.914720Z","level":"info","event":"::endgroup::","map_index":-1,"dag_id":"structured_daily","run_id":"scheduled__2026-06-05T09:30:00+00:00","try_number":1,"ti_id":"019ea2c6-180d-752c-81ef-73280222781f","task_id":"load_silver","logger":"task","filename":"task_runner.py","lineno":1727}
{"timestamp":"2026-06-07T15:53:07.919946Z","level":"info","event":"Running: /usr/python/bin/python3.12 -m warehouse.loader.cli load-silver --dataset price,index_price,price_board (cwd=/opt/stock-pipeline)","logger":"common.tasks","map_index":-1,"dag_id":"structured_daily","run_id":"scheduled__2026-06-05T09:30:00+00:00","try_number":1,"ti_id":"019ea2c6-180d-752c-81ef-73280222781f","task_id":"load_silver","filename":"tasks.py","lineno":66}
{"timestamp":"2026-06-07T15:53:08.673382Z","level":"error","event":"15:53:08 [INFO] Connecting to DB: postgresql://stock:stock@host.docker.internal:55432/stock_pipeline","logger":"task.stderr"}
{"timestamp":"2026-06-07T15:53:50.262985Z","level":"error","event":"15:53:50 [INFO] [price] Read 760992 rows from 1252 parquet files","logger":"task.stderr"}
{"timestamp":"2026-06-07T15:55:45.142128Z","level":"error","event":"15:55:44 [INFO] [price] rows_read=760992 inserted=54 updated=760938","logger":"task.stderr"}
{"timestamp":"2026-06-07T15:56:48.164036Z","level":"error","event":"15:56:48 [INFO] [index_price] Read 6245 rows from 1249 parquet files","logger":"task.stderr"}
{"timestamp":"2026-06-07T15:56:49.574023Z","level":"error","event":"15:56:49 [INFO] [index_price] rows_read=6245 inserted=10 updated=6235","logger":"task.stderr"}
{"timestamp":"2026-06-07T15:56:49.695446Z","level":"error","event":"15:56:49 [INFO] [price_board] Read 1491 rows from 3 parquet files","logger":"task.stderr"}
{"timestamp":"2026-06-07T15:56:50.079068Z","level":"error","event":"15:56:50 [INFO] [price_board] rows_read=1491 inserted=738 updated=753","logger":"task.stderr"}
{"timestamp":"2026-06-07T15:56:50.086324Z","level":"error","event":"15:56:50 [INFO] All datasets loaded successfully.","logger":"task.stderr"}
{"timestamp":"2026-06-07T15:56:50.106521Z","level":"info","event":"[price] rows_read=760992 inserted=54 updated=760938","logger":"task.stdout"}
{"timestamp":"2026-06-07T15:56:50.109959Z","level":"info","event":"[index_price] rows_read=6245 inserted=10 updated=6235","logger":"task.stdout"}
{"timestamp":"2026-06-07T15:56:50.110326Z","level":"info","event":"[price_board] rows_read=1491 inserted=738 updated=753","logger":"task.stdout"}
{"timestamp":"2026-06-07T15:56:51.506270Z","level":"info","event":"Done. Returned value was: None","map_index":-1,"dag_id":"structured_daily","run_id":"scheduled__2026-06-05T09:30:00+00:00","try_number":1,"ti_id":"019ea2c6-180d-752c-81ef-73280222781f","task_id":"load_silver","logger":"airflow.task.operators.airflow.providers.standard.operators.python.PythonOperator","filename":"python.py","lineno":233}
{"timestamp":"2026-06-07T15:56:51.536304Z","level":"info","event":"::group::Post Execute","map_index":-1,"dag_id":"structured_daily","run_id":"scheduled__2026-06-05T09:30:00+00:00","try_number":1,"ti_id":"019ea2c6-180d-752c-81ef-73280222781f","task_id":"load_silver","logger":"task","filename":"task_runner.py","lineno":1288}
{"timestamp":"2026-06-07T15:56:51.802351Z","level":"info","event":"Airflow task SUCCESS dag=structured_daily task=load_silver run_id=scheduled__2026-06-05T09:30:00+00:00","logger":"common.callbacks","map_index":-1,"dag_id":"structured_daily","run_id":"scheduled__2026-06-05T09:30:00+00:00","try_number":1,"ti_id":"019ea2c6-180d-752c-81ef-73280222781f","task_id":"load_silver","filename":"callbacks.py","lineno":31}
{"timestamp":"2026-06-07T15:56:51.812035Z","level":"info","event":"::endgroup::","map_index":-1,"dag_id":"structured_daily","run_id":"scheduled__2026-06-05T09:30:00+00:00","try_number":1,"ti_id":"019ea2c6-180d-752c-81ef-73280222781f","task_id":"load_silver","logger":"task","filename":"task_runner.py","lineno":1896}
